[0.032s] Invoking command in '/home/hazem/turtlebot3_robot_localization_ws/build/turtlebot3_description': CMAKE_PREFIX_PATH=${CMAKE_PREFIX_PATH}:/home/hazem/dev_ws/install/turtlebot_greenwich:/home/hazem/dev_ws/install/turtlebot3_teleop:/opt/ros/foxy /usr/bin/cmake /home/hazem/turtlebot3_robot_localization_ws/src/turtlebot3/turtlebot3_description -DCMAKE_INSTALL_PREFIX=/home/hazem/turtlebot3_robot_localization_ws/install/turtlebot3_description
[0.085s] -- The C compiler identification is GNU 9.4.0
[0.127s] -- The CXX compiler identification is GNU 9.4.0
[0.131s] -- Check for working C compiler: /usr/bin/cc
[0.181s] -- Check for working C compiler: /usr/bin/cc -- works
[0.182s] -- Detecting C compiler ABI info
[0.236s] -- Detecting C compiler ABI info - done
[0.242s] -- Detecting C compile features
[0.243s] -- Detecting C compile features - done
[0.245s] -- Check for working CXX compiler: /usr/bin/c++
[0.302s] -- Check for working CXX compiler: /usr/bin/c++ -- works
[0.303s] -- Detecting CXX compiler ABI info
[0.363s] -- Detecting CXX compiler ABI info - done
[0.372s] -- Detecting CXX compile features
[0.372s] -- Detecting CXX compile features - done
[0.375s] -- Found ament_cmake: 0.9.9 (/opt/ros/foxy/share/ament_cmake/cmake)
[0.400s] -- Found PythonInterp: /usr/bin/python3 (found suitable version "3.8.10", minimum required is "3") 
[0.400s] -- Using PYTHON_EXECUTABLE: /usr/bin/python3
[0.592s] -- Found urdf: 2.4.0 (/opt/ros/foxy/share/urdf/cmake)
[0.667s] -- Configuring done
[0.669s] -- Generating done
[0.670s] -- Build files have been written to: /home/hazem/turtlebot3_robot_localization_ws/build/turtlebot3_description
[0.674s] Invoked command in '/home/hazem/turtlebot3_robot_localization_ws/build/turtlebot3_description' returned '0': CMAKE_PREFIX_PATH=${CMAKE_PREFIX_PATH}:/home/hazem/dev_ws/install/turtlebot_greenwich:/home/hazem/dev_ws/install/turtlebot3_teleop:/opt/ros/foxy /usr/bin/cmake /home/hazem/turtlebot3_robot_localization_ws/src/turtlebot3/turtlebot3_description -DCMAKE_INSTALL_PREFIX=/home/hazem/turtlebot3_robot_localization_ws/install/turtlebot3_description
[0.675s] Invoking command in '/home/hazem/turtlebot3_robot_localization_ws/build/turtlebot3_description': CMAKE_PREFIX_PATH=${CMAKE_PREFIX_PATH}:/home/hazem/dev_ws/install/turtlebot_greenwich:/home/hazem/dev_ws/install/turtlebot3_teleop:/opt/ros/foxy /usr/bin/cmake --build /home/hazem/turtlebot3_robot_localization_ws/build/turtlebot3_description -- -j12 -l12
[0.704s] Invoked command in '/home/hazem/turtlebot3_robot_localization_ws/build/turtlebot3_description' returned '0': CMAKE_PREFIX_PATH=${CMAKE_PREFIX_PATH}:/home/hazem/dev_ws/install/turtlebot_greenwich:/home/hazem/dev_ws/install/turtlebot3_teleop:/opt/ros/foxy /usr/bin/cmake --build /home/hazem/turtlebot3_robot_localization_ws/build/turtlebot3_description -- -j12 -l12
[0.723s] Invoking command in '/home/hazem/turtlebot3_robot_localization_ws/build/turtlebot3_description': CMAKE_PREFIX_PATH=${CMAKE_PREFIX_PATH}:/home/hazem/dev_ws/install/turtlebot_greenwich:/home/hazem/dev_ws/install/turtlebot3_teleop:/opt/ros/foxy /usr/bin/cmake --install /home/hazem/turtlebot3_robot_localization_ws/build/turtlebot3_description
[0.730s] -- Install configuration: ""
[0.730s] -- Installing: /home/hazem/turtlebot3_robot_localization_ws/install/turtlebot3_description/share/turtlebot3_description/meshes
[0.730s] -- Installing: /home/hazem/turtlebot3_robot_localization_ws/install/turtlebot3_description/share/turtlebot3_description/meshes/sensors
[0.730s] -- Installing: /home/hazem/turtlebot3_robot_localization_ws/install/turtlebot3_description/share/turtlebot3_description/meshes/sensors/r200.jpg
[0.731s] -- Installing: /home/hazem/turtlebot3_robot_localization_ws/install/turtlebot3_description/share/turtlebot3_description/meshes/sensors/astra.jpg
[0.731s] -- Installing: /home/hazem/turtlebot3_robot_localization_ws/install/turtlebot3_description/share/turtlebot3_description/meshes/sensors/r200.dae
[0.731s] -- Installing: /home/hazem/turtlebot3_robot_localization_ws/install/turtlebot3_description/share/turtlebot3_description/meshes/sensors/lds.stl
[0.731s] -- Installing: /home/hazem/turtlebot3_robot_localization_ws/install/turtlebot3_description/share/turtlebot3_description/meshes/sensors/astra.dae
[0.737s] -- Installing: /home/hazem/turtlebot3_robot_localization_ws/install/turtlebot3_description/share/turtlebot3_description/meshes/wheels
[0.737s] -- Installing: /home/hazem/turtlebot3_robot_localization_ws/install/turtlebot3_description/share/turtlebot3_description/meshes/wheels/left_tire.stl
[0.737s] -- Installing: /home/hazem/turtlebot3_robot_localization_ws/install/turtlebot3_description/share/turtlebot3_description/meshes/wheels/right_tire.stl
[0.738s] -- Installing: /home/hazem/turtlebot3_robot_localization_ws/install/turtlebot3_description/share/turtlebot3_description/meshes/bases
[0.738s] -- Installing: /home/hazem/turtlebot3_robot_localization_ws/install/turtlebot3_description/share/turtlebot3_description/meshes/bases/waffle_base.stl
[0.749s] -- Installing: /home/hazem/turtlebot3_robot_localization_ws/install/turtlebot3_description/share/turtlebot3_description/meshes/bases/burger_base.stl
[0.752s] -- Installing: /home/hazem/turtlebot3_robot_localization_ws/install/turtlebot3_description/share/turtlebot3_description/meshes/bases/waffle_pi_base.stl
[0.757s] -- Installing: /home/hazem/turtlebot3_robot_localization_ws/install/turtlebot3_description/share/turtlebot3_description/rviz
[0.757s] -- Installing: /home/hazem/turtlebot3_robot_localization_ws/install/turtlebot3_description/share/turtlebot3_description/rviz/model.rviz
[0.757s] -- Installing: /home/hazem/turtlebot3_robot_localization_ws/install/turtlebot3_description/share/turtlebot3_description/urdf
[0.757s] -- Installing: /home/hazem/turtlebot3_robot_localization_ws/install/turtlebot3_description/share/turtlebot3_description/urdf/turtlebot3_waffle_pi.urdf
[0.757s] -- Installing: /home/hazem/turtlebot3_robot_localization_ws/install/turtlebot3_description/share/turtlebot3_description/urdf/common_properties.urdf
[0.757s] -- Installing: /home/hazem/turtlebot3_robot_localization_ws/install/turtlebot3_description/share/turtlebot3_description/urdf/turtlebot3_burger.urdf
[0.757s] -- Installing: /home/hazem/turtlebot3_robot_localization_ws/install/turtlebot3_description/share/turtlebot3_description/urdf/turtlebot3_waffle.urdf
[0.758s] -- Installing: /home/hazem/turtlebot3_robot_localization_ws/install/turtlebot3_description/share/ament_index/resource_index/package_run_dependencies/turtlebot3_description
[0.758s] -- Installing: /home/hazem/turtlebot3_robot_localization_ws/install/turtlebot3_description/share/ament_index/resource_index/parent_prefix_path/turtlebot3_description
[0.758s] -- Installing: /home/hazem/turtlebot3_robot_localization_ws/install/turtlebot3_description/share/turtlebot3_description/environment/ament_prefix_path.sh
[0.758s] -- Installing: /home/hazem/turtlebot3_robot_localization_ws/install/turtlebot3_description/share/turtlebot3_description/environment/ament_prefix_path.dsv
[0.758s] -- Installing: /home/hazem/turtlebot3_robot_localization_ws/install/turtlebot3_description/share/turtlebot3_description/environment/path.sh
[0.758s] -- Installing: /home/hazem/turtlebot3_robot_localization_ws/install/turtlebot3_description/share/turtlebot3_description/environment/path.dsv
[0.758s] -- Installing: /home/hazem/turtlebot3_robot_localization_ws/install/turtlebot3_description/share/turtlebot3_description/local_setup.bash
[0.758s] -- Installing: /home/hazem/turtlebot3_robot_localization_ws/install/turtlebot3_description/share/turtlebot3_description/local_setup.sh
[0.758s] -- Installing: /home/hazem/turtlebot3_robot_localization_ws/install/turtlebot3_description/share/turtlebot3_description/local_setup.zsh
[0.758s] -- Installing: /home/hazem/turtlebot3_robot_localization_ws/install/turtlebot3_description/share/turtlebot3_description/local_setup.dsv
[0.758s] -- Installing: /home/hazem/turtlebot3_robot_localization_ws/install/turtlebot3_description/share/turtlebot3_description/package.dsv
[0.759s] -- Installing: /home/hazem/turtlebot3_robot_localization_ws/install/turtlebot3_description/share/ament_index/resource_index/packages/turtlebot3_description
[0.759s] -- Installing: /home/hazem/turtlebot3_robot_localization_ws/install/turtlebot3_description/share/turtlebot3_description/cmake/turtlebot3_descriptionConfig.cmake
[0.759s] -- Installing: /home/hazem/turtlebot3_robot_localization_ws/install/turtlebot3_description/share/turtlebot3_description/cmake/turtlebot3_descriptionConfig-version.cmake
[0.759s] -- Installing: /home/hazem/turtlebot3_robot_localization_ws/install/turtlebot3_description/share/turtlebot3_description/package.xml
[0.764s] Invoked command in '/home/hazem/turtlebot3_robot_localization_ws/build/turtlebot3_description' returned '0': CMAKE_PREFIX_PATH=${CMAKE_PREFIX_PATH}:/home/hazem/dev_ws/install/turtlebot_greenwich:/home/hazem/dev_ws/install/turtlebot3_teleop:/opt/ros/foxy /usr/bin/cmake --install /home/hazem/turtlebot3_robot_localization_ws/build/turtlebot3_description
