[0.553s] Invoking command in '/home/hazem/turtlebot3_robot_localization_ws/src/turtlebot3/turtlebot3_teleop': PYTHONPATH=/home/hazem/turtlebot3_robot_localization_ws/install/turtlebot3_teleop/lib/python3.8/site-packages:${PYTHONPATH} /usr/bin/python3 setup.py egg_info --egg-base ../../../build/turtlebot3_teleop build --build-base /home/hazem/turtlebot3_robot_localization_ws/build/turtlebot3_teleop/build install --prefix /home/hazem/turtlebot3_robot_localization_ws/install/turtlebot3_teleop --record /home/hazem/turtlebot3_robot_localization_ws/build/turtlebot3_teleop/install.log --single-version-externally-managed
[0.750s] running egg_info
[0.750s] creating ../../../build/turtlebot3_teleop/turtlebot3_teleop.egg-info
[0.751s] writing ../../../build/turtlebot3_teleop/turtlebot3_teleop.egg-info/PKG-INFO
[0.751s] writing dependency_links to ../../../build/turtlebot3_teleop/turtlebot3_teleop.egg-info/dependency_links.txt
[0.751s] writing entry points to ../../../build/turtlebot3_teleop/turtlebot3_teleop.egg-info/entry_points.txt
[0.751s] writing requirements to ../../../build/turtlebot3_teleop/turtlebot3_teleop.egg-info/requires.txt
[0.751s] writing top-level names to ../../../build/turtlebot3_teleop/turtlebot3_teleop.egg-info/top_level.txt
[0.751s] writing manifest file '../../../build/turtlebot3_teleop/turtlebot3_teleop.egg-info/SOURCES.txt'
[0.777s] reading manifest file '../../../build/turtlebot3_teleop/turtlebot3_teleop.egg-info/SOURCES.txt'
[0.777s] writing manifest file '../../../build/turtlebot3_teleop/turtlebot3_teleop.egg-info/SOURCES.txt'
[0.777s] running build
[0.777s] running build_py
[0.777s] creating /home/hazem/turtlebot3_robot_localization_ws/build/turtlebot3_teleop/build
[0.777s] creating /home/hazem/turtlebot3_robot_localization_ws/build/turtlebot3_teleop/build/lib
[0.777s] creating /home/hazem/turtlebot3_robot_localization_ws/build/turtlebot3_teleop/build/lib/turtlebot3_teleop
[0.777s] copying turtlebot3_teleop/__init__.py -> /home/hazem/turtlebot3_robot_localization_ws/build/turtlebot3_teleop/build/lib/turtlebot3_teleop
[0.778s] creating /home/hazem/turtlebot3_robot_localization_ws/build/turtlebot3_teleop/build/lib/turtlebot3_teleop/script
[0.778s] copying turtlebot3_teleop/script/teleop_keyboard.py -> /home/hazem/turtlebot3_robot_localization_ws/build/turtlebot3_teleop/build/lib/turtlebot3_teleop/script
[0.778s] copying turtlebot3_teleop/script/__init__.py -> /home/hazem/turtlebot3_robot_localization_ws/build/turtlebot3_teleop/build/lib/turtlebot3_teleop/script
[0.778s] running install
[0.778s] running install_lib
[0.778s] creating /home/hazem/turtlebot3_robot_localization_ws/install/turtlebot3_teleop/lib/python3.8/site-packages/turtlebot3_teleop
[0.778s] copying /home/hazem/turtlebot3_robot_localization_ws/build/turtlebot3_teleop/build/lib/turtlebot3_teleop/__init__.py -> /home/hazem/turtlebot3_robot_localization_ws/install/turtlebot3_teleop/lib/python3.8/site-packages/turtlebot3_teleop
[0.778s] creating /home/hazem/turtlebot3_robot_localization_ws/install/turtlebot3_teleop/lib/python3.8/site-packages/turtlebot3_teleop/script
[0.779s] copying /home/hazem/turtlebot3_robot_localization_ws/build/turtlebot3_teleop/build/lib/turtlebot3_teleop/script/teleop_keyboard.py -> /home/hazem/turtlebot3_robot_localization_ws/install/turtlebot3_teleop/lib/python3.8/site-packages/turtlebot3_teleop/script
[0.779s] copying /home/hazem/turtlebot3_robot_localization_ws/build/turtlebot3_teleop/build/lib/turtlebot3_teleop/script/__init__.py -> /home/hazem/turtlebot3_robot_localization_ws/install/turtlebot3_teleop/lib/python3.8/site-packages/turtlebot3_teleop/script
[0.779s] byte-compiling /home/hazem/turtlebot3_robot_localization_ws/install/turtlebot3_teleop/lib/python3.8/site-packages/turtlebot3_teleop/__init__.py to __init__.cpython-38.pyc
[0.781s] byte-compiling /home/hazem/turtlebot3_robot_localization_ws/install/turtlebot3_teleop/lib/python3.8/site-packages/turtlebot3_teleop/script/teleop_keyboard.py to teleop_keyboard.cpython-38.pyc
[0.781s] byte-compiling /home/hazem/turtlebot3_robot_localization_ws/install/turtlebot3_teleop/lib/python3.8/site-packages/turtlebot3_teleop/script/__init__.py to __init__.cpython-38.pyc
[0.781s] running install_data
[0.782s] creating /home/hazem/turtlebot3_robot_localization_ws/install/turtlebot3_teleop/share/ament_index
[0.782s] creating /home/hazem/turtlebot3_robot_localization_ws/install/turtlebot3_teleop/share/ament_index/resource_index
[0.782s] creating /home/hazem/turtlebot3_robot_localization_ws/install/turtlebot3_teleop/share/ament_index/resource_index/packages
[0.782s] copying resource/turtlebot3_teleop -> /home/hazem/turtlebot3_robot_localization_ws/install/turtlebot3_teleop/share/ament_index/resource_index/packages
[0.782s] copying package.xml -> /home/hazem/turtlebot3_robot_localization_ws/install/turtlebot3_teleop/share/turtlebot3_teleop
[0.782s] running install_egg_info
[0.782s] Copying ../../../build/turtlebot3_teleop/turtlebot3_teleop.egg-info to /home/hazem/turtlebot3_robot_localization_ws/install/turtlebot3_teleop/lib/python3.8/site-packages/turtlebot3_teleop-2.1.1-py3.8.egg-info
[0.783s] running install_scripts
[0.795s] Installing teleop_keyboard script to /home/hazem/turtlebot3_robot_localization_ws/install/turtlebot3_teleop/lib/turtlebot3_teleop
[0.795s] writing list of installed files to '/home/hazem/turtlebot3_robot_localization_ws/build/turtlebot3_teleop/install.log'
[0.814s] Invoked command in '/home/hazem/turtlebot3_robot_localization_ws/src/turtlebot3/turtlebot3_teleop' returned '0': PYTHONPATH=/home/hazem/turtlebot3_robot_localization_ws/install/turtlebot3_teleop/lib/python3.8/site-packages:${PYTHONPATH} /usr/bin/python3 setup.py egg_info --egg-base ../../../build/turtlebot3_teleop build --build-base /home/hazem/turtlebot3_robot_localization_ws/build/turtlebot3_teleop/build install --prefix /home/hazem/turtlebot3_robot_localization_ws/install/turtlebot3_teleop --record /home/hazem/turtlebot3_robot_localization_ws/build/turtlebot3_teleop/install.log --single-version-externally-managed
