/home/hazem/turtlebot3_robot_localization_ws/install/turtlebot3_orient_toward_greenwich/lib/python3.8/site-packages/turtlebot3_orient_toward_greenwich/Turtlebot.py
/home/hazem/turtlebot3_robot_localization_ws/install/turtlebot3_orient_toward_greenwich/lib/python3.8/site-packages/turtlebot3_orient_toward_greenwich/Utilities.py
/home/hazem/turtlebot3_robot_localization_ws/install/turtlebot3_orient_toward_greenwich/lib/python3.8/site-packages/turtlebot3_orient_toward_greenwich/PID_controller.py
/home/hazem/turtlebot3_robot_localization_ws/install/turtlebot3_orient_toward_greenwich/lib/python3.8/site-packages/turtlebot3_orient_toward_greenwich/__init__.py
/home/hazem/turtlebot3_robot_localization_ws/install/turtlebot3_orient_toward_greenwich/lib/python3.8/site-packages/turtlebot3_orient_toward_greenwich/Robot_interface.py
/home/hazem/turtlebot3_robot_localization_ws/install/turtlebot3_orient_toward_greenwich/lib/python3.8/site-packages/turtlebot3_orient_toward_greenwich/__pycache__/Turtlebot.cpython-38.pyc
/home/hazem/turtlebot3_robot_localization_ws/install/turtlebot3_orient_toward_greenwich/lib/python3.8/site-packages/turtlebot3_orient_toward_greenwich/__pycache__/Utilities.cpython-38.pyc
/home/hazem/turtlebot3_robot_localization_ws/install/turtlebot3_orient_toward_greenwich/lib/python3.8/site-packages/turtlebot3_orient_toward_greenwich/__pycache__/PID_controller.cpython-38.pyc
/home/hazem/turtlebot3_robot_localization_ws/install/turtlebot3_orient_toward_greenwich/lib/python3.8/site-packages/turtlebot3_orient_toward_greenwich/__pycache__/__init__.cpython-38.pyc
/home/hazem/turtlebot3_robot_localization_ws/install/turtlebot3_orient_toward_greenwich/lib/python3.8/site-packages/turtlebot3_orient_toward_greenwich/__pycache__/Robot_interface.cpython-38.pyc
/home/hazem/turtlebot3_robot_localization_ws/install/turtlebot3_orient_toward_greenwich/share/ament_index/resource_index/packages/turtlebot3_orient_toward_greenwich
/home/hazem/turtlebot3_robot_localization_ws/install/turtlebot3_orient_toward_greenwich/share/turtlebot3_orient_toward_greenwich/package.xml
/home/hazem/turtlebot3_robot_localization_ws/install/turtlebot3_orient_toward_greenwich/share/turtlebot3_orient_toward_greenwich/launch/turtlebot_launch.py
/home/hazem/turtlebot3_robot_localization_ws/install/turtlebot3_orient_toward_greenwich/lib/python3.8/site-packages/turtlebot3_orient_toward_greenwich-0.0.0-py3.8.egg-info/zip-safe
/home/hazem/turtlebot3_robot_localization_ws/install/turtlebot3_orient_toward_greenwich/lib/python3.8/site-packages/turtlebot3_orient_toward_greenwich-0.0.0-py3.8.egg-info/dependency_links.txt
/home/hazem/turtlebot3_robot_localization_ws/install/turtlebot3_orient_toward_greenwich/lib/python3.8/site-packages/turtlebot3_orient_toward_greenwich-0.0.0-py3.8.egg-info/top_level.txt
/home/hazem/turtlebot3_robot_localization_ws/install/turtlebot3_orient_toward_greenwich/lib/python3.8/site-packages/turtlebot3_orient_toward_greenwich-0.0.0-py3.8.egg-info/PKG-INFO
/home/hazem/turtlebot3_robot_localization_ws/install/turtlebot3_orient_toward_greenwich/lib/python3.8/site-packages/turtlebot3_orient_toward_greenwich-0.0.0-py3.8.egg-info/SOURCES.txt
/home/hazem/turtlebot3_robot_localization_ws/install/turtlebot3_orient_toward_greenwich/lib/python3.8/site-packages/turtlebot3_orient_toward_greenwich-0.0.0-py3.8.egg-info/entry_points.txt
/home/hazem/turtlebot3_robot_localization_ws/install/turtlebot3_orient_toward_greenwich/lib/python3.8/site-packages/turtlebot3_orient_toward_greenwich-0.0.0-py3.8.egg-info/requires.txt
/home/hazem/turtlebot3_robot_localization_ws/install/turtlebot3_orient_toward_greenwich/lib/turtlebot3_orient_toward_greenwich/Robot_interface
/home/hazem/turtlebot3_robot_localization_ws/install/turtlebot3_orient_toward_greenwich/lib/turtlebot3_orient_toward_greenwich/Turtlebot
