[0.832s] Invoking command in '/home/hazem/turtlebot3_robot_localization_ws/src/turtlebot3/turtlebot3_example': AMENT_PREFIX_PATH=/home/hazem/turtlebot3_robot_localization_ws/install/turtlebot3_msgs:${AMENT_PREFIX_PATH} CMAKE_PREFIX_PATH=/home/hazem/turtlebot3_robot_localization_ws/install/turtlebot3_msgs:${CMAKE_PREFIX_PATH} LD_LIBRARY_PATH=/home/hazem/turtlebot3_robot_localization_ws/install/turtlebot3_msgs/lib:${LD_LIBRARY_PATH} PYTHONPATH=/home/hazem/turtlebot3_robot_localization_ws/install/turtlebot3_example/lib/python3.8/site-packages:/home/hazem/turtlebot3_robot_localization_ws/install/turtlebot3_msgs/lib/python3.8/site-packages:${PYTHONPATH} /usr/bin/python3 setup.py egg_info --egg-base ../../../build/turtlebot3_example build --build-base /home/hazem/turtlebot3_robot_localization_ws/build/turtlebot3_example/build install --prefix /home/hazem/turtlebot3_robot_localization_ws/install/turtlebot3_example --record /home/hazem/turtlebot3_robot_localization_ws/build/turtlebot3_example/install.log --single-version-externally-managed
[1.036s] running egg_info
[1.036s] creating ../../../build/turtlebot3_example/turtlebot3_example.egg-info
[1.036s] writing ../../../build/turtlebot3_example/turtlebot3_example.egg-info/PKG-INFO
[1.036s] writing dependency_links to ../../../build/turtlebot3_example/turtlebot3_example.egg-info/dependency_links.txt
[1.037s] writing entry points to ../../../build/turtlebot3_example/turtlebot3_example.egg-info/entry_points.txt
[1.037s] writing requirements to ../../../build/turtlebot3_example/turtlebot3_example.egg-info/requires.txt
[1.037s] writing top-level names to ../../../build/turtlebot3_example/turtlebot3_example.egg-info/top_level.txt
[1.038s] writing manifest file '../../../build/turtlebot3_example/turtlebot3_example.egg-info/SOURCES.txt'
[1.068s] reading manifest file '../../../build/turtlebot3_example/turtlebot3_example.egg-info/SOURCES.txt'
[1.069s] writing manifest file '../../../build/turtlebot3_example/turtlebot3_example.egg-info/SOURCES.txt'
[1.069s] running build
[1.069s] running build_py
[1.069s] creating /home/hazem/turtlebot3_robot_localization_ws/build/turtlebot3_example/build
[1.069s] creating /home/hazem/turtlebot3_robot_localization_ws/build/turtlebot3_example/build/lib
[1.069s] creating /home/hazem/turtlebot3_robot_localization_ws/build/turtlebot3_example/build/lib/turtlebot3_example
[1.069s] copying turtlebot3_example/__init__.py -> /home/hazem/turtlebot3_robot_localization_ws/build/turtlebot3_example/build/lib/turtlebot3_example
[1.069s] creating /home/hazem/turtlebot3_robot_localization_ws/build/turtlebot3_example/build/lib/turtlebot3_example/turtlebot3_position_control
[1.069s] copying turtlebot3_example/turtlebot3_position_control/turtlebot3_path.py -> /home/hazem/turtlebot3_robot_localization_ws/build/turtlebot3_example/build/lib/turtlebot3_example/turtlebot3_position_control
[1.070s] copying turtlebot3_example/turtlebot3_position_control/turtlebot3_position_control.py -> /home/hazem/turtlebot3_robot_localization_ws/build/turtlebot3_example/build/lib/turtlebot3_example/turtlebot3_position_control
[1.070s] copying turtlebot3_example/turtlebot3_position_control/main.py -> /home/hazem/turtlebot3_robot_localization_ws/build/turtlebot3_example/build/lib/turtlebot3_example/turtlebot3_position_control
[1.070s] copying turtlebot3_example/turtlebot3_position_control/__init__.py -> /home/hazem/turtlebot3_robot_localization_ws/build/turtlebot3_example/build/lib/turtlebot3_example/turtlebot3_position_control
[1.070s] creating /home/hazem/turtlebot3_robot_localization_ws/build/turtlebot3_example/build/lib/turtlebot3_example/turtlebot3_patrol_server
[1.070s] copying turtlebot3_example/turtlebot3_patrol_server/turtlebot3_path.py -> /home/hazem/turtlebot3_robot_localization_ws/build/turtlebot3_example/build/lib/turtlebot3_example/turtlebot3_patrol_server
[1.070s] copying turtlebot3_example/turtlebot3_patrol_server/turtlebot3_patrol_server.py -> /home/hazem/turtlebot3_robot_localization_ws/build/turtlebot3_example/build/lib/turtlebot3_example/turtlebot3_patrol_server
[1.070s] copying turtlebot3_example/turtlebot3_patrol_server/main.py -> /home/hazem/turtlebot3_robot_localization_ws/build/turtlebot3_example/build/lib/turtlebot3_example/turtlebot3_patrol_server
[1.070s] copying turtlebot3_example/turtlebot3_patrol_server/__init__.py -> /home/hazem/turtlebot3_robot_localization_ws/build/turtlebot3_example/build/lib/turtlebot3_example/turtlebot3_patrol_server
[1.070s] creating /home/hazem/turtlebot3_robot_localization_ws/build/turtlebot3_example/build/lib/turtlebot3_example/turtlebot3_obstacle_detection
[1.070s] copying turtlebot3_example/turtlebot3_obstacle_detection/main.py -> /home/hazem/turtlebot3_robot_localization_ws/build/turtlebot3_example/build/lib/turtlebot3_example/turtlebot3_obstacle_detection
[1.070s] copying turtlebot3_example/turtlebot3_obstacle_detection/__init__.py -> /home/hazem/turtlebot3_robot_localization_ws/build/turtlebot3_example/build/lib/turtlebot3_example/turtlebot3_obstacle_detection
[1.070s] copying turtlebot3_example/turtlebot3_obstacle_detection/turtlebot3_obstacle_detection.py -> /home/hazem/turtlebot3_robot_localization_ws/build/turtlebot3_example/build/lib/turtlebot3_example/turtlebot3_obstacle_detection
[1.071s] creating /home/hazem/turtlebot3_robot_localization_ws/build/turtlebot3_example/build/lib/turtlebot3_example/turtlebot3_patrol_client
[1.071s] copying turtlebot3_example/turtlebot3_patrol_client/turtlebot3_patrol_client.py -> /home/hazem/turtlebot3_robot_localization_ws/build/turtlebot3_example/build/lib/turtlebot3_example/turtlebot3_patrol_client
[1.071s] copying turtlebot3_example/turtlebot3_patrol_client/main.py -> /home/hazem/turtlebot3_robot_localization_ws/build/turtlebot3_example/build/lib/turtlebot3_example/turtlebot3_patrol_client
[1.071s] copying turtlebot3_example/turtlebot3_patrol_client/__init__.py -> /home/hazem/turtlebot3_robot_localization_ws/build/turtlebot3_example/build/lib/turtlebot3_example/turtlebot3_patrol_client
[1.071s] running install
[1.072s] running install_lib
[1.073s] creating /home/hazem/turtlebot3_robot_localization_ws/install/turtlebot3_example/lib/python3.8/site-packages/turtlebot3_example
[1.073s] creating /home/hazem/turtlebot3_robot_localization_ws/install/turtlebot3_example/lib/python3.8/site-packages/turtlebot3_example/turtlebot3_position_control
[1.073s] copying /home/hazem/turtlebot3_robot_localization_ws/build/turtlebot3_example/build/lib/turtlebot3_example/turtlebot3_position_control/turtlebot3_path.py -> /home/hazem/turtlebot3_robot_localization_ws/install/turtlebot3_example/lib/python3.8/site-packages/turtlebot3_example/turtlebot3_position_control
[1.073s] copying /home/hazem/turtlebot3_robot_localization_ws/build/turtlebot3_example/build/lib/turtlebot3_example/turtlebot3_position_control/turtlebot3_position_control.py -> /home/hazem/turtlebot3_robot_localization_ws/install/turtlebot3_example/lib/python3.8/site-packages/turtlebot3_example/turtlebot3_position_control
[1.073s] copying /home/hazem/turtlebot3_robot_localization_ws/build/turtlebot3_example/build/lib/turtlebot3_example/turtlebot3_position_control/main.py -> /home/hazem/turtlebot3_robot_localization_ws/install/turtlebot3_example/lib/python3.8/site-packages/turtlebot3_example/turtlebot3_position_control
[1.073s] copying /home/hazem/turtlebot3_robot_localization_ws/build/turtlebot3_example/build/lib/turtlebot3_example/turtlebot3_position_control/__init__.py -> /home/hazem/turtlebot3_robot_localization_ws/install/turtlebot3_example/lib/python3.8/site-packages/turtlebot3_example/turtlebot3_position_control
[1.073s] creating /home/hazem/turtlebot3_robot_localization_ws/install/turtlebot3_example/lib/python3.8/site-packages/turtlebot3_example/turtlebot3_patrol_server
[1.073s] copying /home/hazem/turtlebot3_robot_localization_ws/build/turtlebot3_example/build/lib/turtlebot3_example/turtlebot3_patrol_server/turtlebot3_path.py -> /home/hazem/turtlebot3_robot_localization_ws/install/turtlebot3_example/lib/python3.8/site-packages/turtlebot3_example/turtlebot3_patrol_server
[1.073s] copying /home/hazem/turtlebot3_robot_localization_ws/build/turtlebot3_example/build/lib/turtlebot3_example/turtlebot3_patrol_server/turtlebot3_patrol_server.py -> /home/hazem/turtlebot3_robot_localization_ws/install/turtlebot3_example/lib/python3.8/site-packages/turtlebot3_example/turtlebot3_patrol_server
[1.073s] copying /home/hazem/turtlebot3_robot_localization_ws/build/turtlebot3_example/build/lib/turtlebot3_example/turtlebot3_patrol_server/main.py -> /home/hazem/turtlebot3_robot_localization_ws/install/turtlebot3_example/lib/python3.8/site-packages/turtlebot3_example/turtlebot3_patrol_server
[1.074s] copying /home/hazem/turtlebot3_robot_localization_ws/build/turtlebot3_example/build/lib/turtlebot3_example/turtlebot3_patrol_server/__init__.py -> /home/hazem/turtlebot3_robot_localization_ws/install/turtlebot3_example/lib/python3.8/site-packages/turtlebot3_example/turtlebot3_patrol_server
[1.074s] creating /home/hazem/turtlebot3_robot_localization_ws/install/turtlebot3_example/lib/python3.8/site-packages/turtlebot3_example/turtlebot3_obstacle_detection
[1.074s] copying /home/hazem/turtlebot3_robot_localization_ws/build/turtlebot3_example/build/lib/turtlebot3_example/turtlebot3_obstacle_detection/main.py -> /home/hazem/turtlebot3_robot_localization_ws/install/turtlebot3_example/lib/python3.8/site-packages/turtlebot3_example/turtlebot3_obstacle_detection
[1.074s] copying /home/hazem/turtlebot3_robot_localization_ws/build/turtlebot3_example/build/lib/turtlebot3_example/turtlebot3_obstacle_detection/__init__.py -> /home/hazem/turtlebot3_robot_localization_ws/install/turtlebot3_example/lib/python3.8/site-packages/turtlebot3_example/turtlebot3_obstacle_detection
[1.074s] copying /home/hazem/turtlebot3_robot_localization_ws/build/turtlebot3_example/build/lib/turtlebot3_example/turtlebot3_obstacle_detection/turtlebot3_obstacle_detection.py -> /home/hazem/turtlebot3_robot_localization_ws/install/turtlebot3_example/lib/python3.8/site-packages/turtlebot3_example/turtlebot3_obstacle_detection
[1.074s] creating /home/hazem/turtlebot3_robot_localization_ws/install/turtlebot3_example/lib/python3.8/site-packages/turtlebot3_example/turtlebot3_patrol_client
[1.074s] copying /home/hazem/turtlebot3_robot_localization_ws/build/turtlebot3_example/build/lib/turtlebot3_example/turtlebot3_patrol_client/turtlebot3_patrol_client.py -> /home/hazem/turtlebot3_robot_localization_ws/install/turtlebot3_example/lib/python3.8/site-packages/turtlebot3_example/turtlebot3_patrol_client
[1.074s] copying /home/hazem/turtlebot3_robot_localization_ws/build/turtlebot3_example/build/lib/turtlebot3_example/turtlebot3_patrol_client/main.py -> /home/hazem/turtlebot3_robot_localization_ws/install/turtlebot3_example/lib/python3.8/site-packages/turtlebot3_example/turtlebot3_patrol_client
[1.074s] copying /home/hazem/turtlebot3_robot_localization_ws/build/turtlebot3_example/build/lib/turtlebot3_example/turtlebot3_patrol_client/__init__.py -> /home/hazem/turtlebot3_robot_localization_ws/install/turtlebot3_example/lib/python3.8/site-packages/turtlebot3_example/turtlebot3_patrol_client
[1.074s] copying /home/hazem/turtlebot3_robot_localization_ws/build/turtlebot3_example/build/lib/turtlebot3_example/__init__.py -> /home/hazem/turtlebot3_robot_localization_ws/install/turtlebot3_example/lib/python3.8/site-packages/turtlebot3_example
[1.079s] byte-compiling /home/hazem/turtlebot3_robot_localization_ws/install/turtlebot3_example/lib/python3.8/site-packages/turtlebot3_example/turtlebot3_position_control/turtlebot3_path.py to turtlebot3_path.cpython-38.pyc
[1.079s] byte-compiling /home/hazem/turtlebot3_robot_localization_ws/install/turtlebot3_example/lib/python3.8/site-packages/turtlebot3_example/turtlebot3_position_control/turtlebot3_position_control.py to turtlebot3_position_control.cpython-38.pyc
[1.079s] byte-compiling /home/hazem/turtlebot3_robot_localization_ws/install/turtlebot3_example/lib/python3.8/site-packages/turtlebot3_example/turtlebot3_position_control/main.py to main.cpython-38.pyc
[1.079s] byte-compiling /home/hazem/turtlebot3_robot_localization_ws/install/turtlebot3_example/lib/python3.8/site-packages/turtlebot3_example/turtlebot3_position_control/__init__.py to __init__.cpython-38.pyc
[1.080s] byte-compiling /home/hazem/turtlebot3_robot_localization_ws/install/turtlebot3_example/lib/python3.8/site-packages/turtlebot3_example/turtlebot3_patrol_server/turtlebot3_path.py to turtlebot3_path.cpython-38.pyc
[1.080s] byte-compiling /home/hazem/turtlebot3_robot_localization_ws/install/turtlebot3_example/lib/python3.8/site-packages/turtlebot3_example/turtlebot3_patrol_server/turtlebot3_patrol_server.py to turtlebot3_patrol_server.cpython-38.pyc
[1.080s] byte-compiling /home/hazem/turtlebot3_robot_localization_ws/install/turtlebot3_example/lib/python3.8/site-packages/turtlebot3_example/turtlebot3_patrol_server/main.py to main.cpython-38.pyc
[1.080s] byte-compiling /home/hazem/turtlebot3_robot_localization_ws/install/turtlebot3_example/lib/python3.8/site-packages/turtlebot3_example/turtlebot3_patrol_server/__init__.py to __init__.cpython-38.pyc
[1.080s] byte-compiling /home/hazem/turtlebot3_robot_localization_ws/install/turtlebot3_example/lib/python3.8/site-packages/turtlebot3_example/turtlebot3_obstacle_detection/main.py to main.cpython-38.pyc
[1.080s] byte-compiling /home/hazem/turtlebot3_robot_localization_ws/install/turtlebot3_example/lib/python3.8/site-packages/turtlebot3_example/turtlebot3_obstacle_detection/__init__.py to __init__.cpython-38.pyc
[1.080s] byte-compiling /home/hazem/turtlebot3_robot_localization_ws/install/turtlebot3_example/lib/python3.8/site-packages/turtlebot3_example/turtlebot3_obstacle_detection/turtlebot3_obstacle_detection.py to turtlebot3_obstacle_detection.cpython-38.pyc
[1.080s] byte-compiling /home/hazem/turtlebot3_robot_localization_ws/install/turtlebot3_example/lib/python3.8/site-packages/turtlebot3_example/turtlebot3_patrol_client/turtlebot3_patrol_client.py to turtlebot3_patrol_client.cpython-38.pyc
[1.080s] byte-compiling /home/hazem/turtlebot3_robot_localization_ws/install/turtlebot3_example/lib/python3.8/site-packages/turtlebot3_example/turtlebot3_patrol_client/main.py to main.cpython-38.pyc
[1.081s] byte-compiling /home/hazem/turtlebot3_robot_localization_ws/install/turtlebot3_example/lib/python3.8/site-packages/turtlebot3_example/turtlebot3_patrol_client/__init__.py to __init__.cpython-38.pyc
[1.081s] byte-compiling /home/hazem/turtlebot3_robot_localization_ws/install/turtlebot3_example/lib/python3.8/site-packages/turtlebot3_example/__init__.py to __init__.cpython-38.pyc
[1.081s] running install_data
[1.081s] creating /home/hazem/turtlebot3_robot_localization_ws/install/turtlebot3_example/share/ament_index
[1.081s] creating /home/hazem/turtlebot3_robot_localization_ws/install/turtlebot3_example/share/ament_index/resource_index
[1.081s] creating /home/hazem/turtlebot3_robot_localization_ws/install/turtlebot3_example/share/ament_index/resource_index/packages
[1.081s] copying resource/turtlebot3_example -> /home/hazem/turtlebot3_robot_localization_ws/install/turtlebot3_example/share/ament_index/resource_index/packages
[1.081s] copying package.xml -> /home/hazem/turtlebot3_robot_localization_ws/install/turtlebot3_example/share/turtlebot3_example
[1.081s] running install_egg_info
[1.085s] Copying ../../../build/turtlebot3_example/turtlebot3_example.egg-info to /home/hazem/turtlebot3_robot_localization_ws/install/turtlebot3_example/lib/python3.8/site-packages/turtlebot3_example-2.1.1-py3.8.egg-info
[1.085s] running install_scripts
[1.097s] Installing turtlebot3_obstacle_detection script to /home/hazem/turtlebot3_robot_localization_ws/install/turtlebot3_example/lib/turtlebot3_example
[1.097s] Installing turtlebot3_patrol_client script to /home/hazem/turtlebot3_robot_localization_ws/install/turtlebot3_example/lib/turtlebot3_example
[1.097s] Installing turtlebot3_patrol_server script to /home/hazem/turtlebot3_robot_localization_ws/install/turtlebot3_example/lib/turtlebot3_example
[1.097s] Installing turtlebot3_position_control script to /home/hazem/turtlebot3_robot_localization_ws/install/turtlebot3_example/lib/turtlebot3_example
[1.098s] writing list of installed files to '/home/hazem/turtlebot3_robot_localization_ws/build/turtlebot3_example/install.log'
[1.119s] Invoked command in '/home/hazem/turtlebot3_robot_localization_ws/src/turtlebot3/turtlebot3_example' returned '0': AMENT_PREFIX_PATH=/home/hazem/turtlebot3_robot_localization_ws/install/turtlebot3_msgs:${AMENT_PREFIX_PATH} CMAKE_PREFIX_PATH=/home/hazem/turtlebot3_robot_localization_ws/install/turtlebot3_msgs:${CMAKE_PREFIX_PATH} LD_LIBRARY_PATH=/home/hazem/turtlebot3_robot_localization_ws/install/turtlebot3_msgs/lib:${LD_LIBRARY_PATH} PYTHONPATH=/home/hazem/turtlebot3_robot_localization_ws/install/turtlebot3_example/lib/python3.8/site-packages:/home/hazem/turtlebot3_robot_localization_ws/install/turtlebot3_msgs/lib/python3.8/site-packages:${PYTHONPATH} /usr/bin/python3 setup.py egg_info --egg-base ../../../build/turtlebot3_example build --build-base /home/hazem/turtlebot3_robot_localization_ws/build/turtlebot3_example/build install --prefix /home/hazem/turtlebot3_robot_localization_ws/install/turtlebot3_example --record /home/hazem/turtlebot3_robot_localization_ws/build/turtlebot3_example/install.log --single-version-externally-managed
