[0.031s] Invoking command in '/home/hazem/turtlebot3_robot_localization_ws/build/turtlebot3_navigation2': CMAKE_PREFIX_PATH=${CMAKE_PREFIX_PATH}:/home/hazem/dev_ws/install/turtlebot_greenwich:/home/hazem/dev_ws/install/turtlebot3_teleop:/opt/ros/foxy /usr/bin/cmake /home/hazem/turtlebot3_robot_localization_ws/src/turtlebot3/turtlebot3_navigation2 -DCMAKE_INSTALL_PREFIX=/home/hazem/turtlebot3_robot_localization_ws/install/turtlebot3_navigation2
[0.080s] -- The C compiler identification is GNU 9.4.0
[0.121s] -- The CXX compiler identification is GNU 9.4.0
[0.125s] -- Check for working C compiler: /usr/bin/cc
[0.176s] -- Check for working C compiler: /usr/bin/cc -- works
[0.177s] -- Detecting C compiler ABI info
[0.230s] -- Detecting C compiler ABI info - done
[0.245s] -- Detecting C compile features
[0.245s] -- Detecting C compile features - done
[0.248s] -- Check for working CXX compiler: /usr/bin/c++
[0.307s] -- Check for working CXX compiler: /usr/bin/c++ -- works
[0.308s] -- Detecting CXX compiler ABI info
[0.370s] -- Detecting CXX compiler ABI info - done
[0.380s] -- Detecting CXX compile features
[0.380s] -- Detecting CXX compile features - done
[0.382s] -- Found ament_cmake: 0.9.9 (/opt/ros/foxy/share/ament_cmake/cmake)
[0.407s] -- Found PythonInterp: /usr/bin/python3 (found suitable version "3.8.10", minimum required is "3") 
[0.408s] -- Using PYTHON_EXECUTABLE: /usr/bin/python3
[0.650s] -- Configuring done
[0.651s] -- Generating done
[0.652s] -- Build files have been written to: /home/hazem/turtlebot3_robot_localization_ws/build/turtlebot3_navigation2
[0.655s] Invoked command in '/home/hazem/turtlebot3_robot_localization_ws/build/turtlebot3_navigation2' returned '0': CMAKE_PREFIX_PATH=${CMAKE_PREFIX_PATH}:/home/hazem/dev_ws/install/turtlebot_greenwich:/home/hazem/dev_ws/install/turtlebot3_teleop:/opt/ros/foxy /usr/bin/cmake /home/hazem/turtlebot3_robot_localization_ws/src/turtlebot3/turtlebot3_navigation2 -DCMAKE_INSTALL_PREFIX=/home/hazem/turtlebot3_robot_localization_ws/install/turtlebot3_navigation2
[0.656s] Invoking command in '/home/hazem/turtlebot3_robot_localization_ws/build/turtlebot3_navigation2': CMAKE_PREFIX_PATH=${CMAKE_PREFIX_PATH}:/home/hazem/dev_ws/install/turtlebot_greenwich:/home/hazem/dev_ws/install/turtlebot3_teleop:/opt/ros/foxy /usr/bin/cmake --build /home/hazem/turtlebot3_robot_localization_ws/build/turtlebot3_navigation2 -- -j12 -l12
[0.687s] Invoked command in '/home/hazem/turtlebot3_robot_localization_ws/build/turtlebot3_navigation2' returned '0': CMAKE_PREFIX_PATH=${CMAKE_PREFIX_PATH}:/home/hazem/dev_ws/install/turtlebot_greenwich:/home/hazem/dev_ws/install/turtlebot3_teleop:/opt/ros/foxy /usr/bin/cmake --build /home/hazem/turtlebot3_robot_localization_ws/build/turtlebot3_navigation2 -- -j12 -l12
[0.712s] Invoking command in '/home/hazem/turtlebot3_robot_localization_ws/build/turtlebot3_navigation2': CMAKE_PREFIX_PATH=${CMAKE_PREFIX_PATH}:/home/hazem/dev_ws/install/turtlebot_greenwich:/home/hazem/dev_ws/install/turtlebot3_teleop:/opt/ros/foxy /usr/bin/cmake --install /home/hazem/turtlebot3_robot_localization_ws/build/turtlebot3_navigation2
[0.718s] -- Install configuration: ""
[0.719s] -- Installing: /home/hazem/turtlebot3_robot_localization_ws/install/turtlebot3_navigation2/share/turtlebot3_navigation2/launch
[0.719s] -- Installing: /home/hazem/turtlebot3_robot_localization_ws/install/turtlebot3_navigation2/share/turtlebot3_navigation2/launch/navigation2.launch.py
[0.719s] -- Installing: /home/hazem/turtlebot3_robot_localization_ws/install/turtlebot3_navigation2/share/turtlebot3_navigation2/map
[0.719s] -- Installing: /home/hazem/turtlebot3_robot_localization_ws/install/turtlebot3_navigation2/share/turtlebot3_navigation2/map/turtlebot3_world.yaml
[0.719s] -- Installing: /home/hazem/turtlebot3_robot_localization_ws/install/turtlebot3_navigation2/share/turtlebot3_navigation2/map/turtlebot3_world.pgm
[0.719s] -- Installing: /home/hazem/turtlebot3_robot_localization_ws/install/turtlebot3_navigation2/share/turtlebot3_navigation2/param
[0.719s] -- Installing: /home/hazem/turtlebot3_robot_localization_ws/install/turtlebot3_navigation2/share/turtlebot3_navigation2/param/burger.yaml
[0.719s] -- Installing: /home/hazem/turtlebot3_robot_localization_ws/install/turtlebot3_navigation2/share/turtlebot3_navigation2/param/waffle_pi.yaml
[0.719s] -- Installing: /home/hazem/turtlebot3_robot_localization_ws/install/turtlebot3_navigation2/share/turtlebot3_navigation2/param/waffle.yaml
[0.719s] -- Installing: /home/hazem/turtlebot3_robot_localization_ws/install/turtlebot3_navigation2/share/turtlebot3_navigation2/rviz
[0.719s] -- Installing: /home/hazem/turtlebot3_robot_localization_ws/install/turtlebot3_navigation2/share/turtlebot3_navigation2/rviz/tb3_navigation2.rviz
[0.719s] -- Installing: /home/hazem/turtlebot3_robot_localization_ws/install/turtlebot3_navigation2/share/ament_index/resource_index/package_run_dependencies/turtlebot3_navigation2
[0.719s] -- Installing: /home/hazem/turtlebot3_robot_localization_ws/install/turtlebot3_navigation2/share/ament_index/resource_index/parent_prefix_path/turtlebot3_navigation2
[0.720s] -- Installing: /home/hazem/turtlebot3_robot_localization_ws/install/turtlebot3_navigation2/share/turtlebot3_navigation2/environment/ament_prefix_path.sh
[0.720s] -- Installing: /home/hazem/turtlebot3_robot_localization_ws/install/turtlebot3_navigation2/share/turtlebot3_navigation2/environment/ament_prefix_path.dsv
[0.720s] -- Installing: /home/hazem/turtlebot3_robot_localization_ws/install/turtlebot3_navigation2/share/turtlebot3_navigation2/environment/path.sh
[0.720s] -- Installing: /home/hazem/turtlebot3_robot_localization_ws/install/turtlebot3_navigation2/share/turtlebot3_navigation2/environment/path.dsv
[0.720s] -- Installing: /home/hazem/turtlebot3_robot_localization_ws/install/turtlebot3_navigation2/share/turtlebot3_navigation2/local_setup.bash
[0.720s] -- Installing: /home/hazem/turtlebot3_robot_localization_ws/install/turtlebot3_navigation2/share/turtlebot3_navigation2/local_setup.sh
[0.720s] -- Installing: /home/hazem/turtlebot3_robot_localization_ws/install/turtlebot3_navigation2/share/turtlebot3_navigation2/local_setup.zsh
[0.720s] -- Installing: /home/hazem/turtlebot3_robot_localization_ws/install/turtlebot3_navigation2/share/turtlebot3_navigation2/local_setup.dsv
[0.720s] -- Installing: /home/hazem/turtlebot3_robot_localization_ws/install/turtlebot3_navigation2/share/turtlebot3_navigation2/package.dsv
[0.720s] -- Installing: /home/hazem/turtlebot3_robot_localization_ws/install/turtlebot3_navigation2/share/ament_index/resource_index/packages/turtlebot3_navigation2
[0.720s] -- Installing: /home/hazem/turtlebot3_robot_localization_ws/install/turtlebot3_navigation2/share/turtlebot3_navigation2/cmake/turtlebot3_navigation2Config.cmake
[0.720s] -- Installing: /home/hazem/turtlebot3_robot_localization_ws/install/turtlebot3_navigation2/share/turtlebot3_navigation2/cmake/turtlebot3_navigation2Config-version.cmake
[0.720s] -- Installing: /home/hazem/turtlebot3_robot_localization_ws/install/turtlebot3_navigation2/share/turtlebot3_navigation2/package.xml
[0.722s] Invoked command in '/home/hazem/turtlebot3_robot_localization_ws/build/turtlebot3_navigation2' returned '0': CMAKE_PREFIX_PATH=${CMAKE_PREFIX_PATH}:/home/hazem/dev_ws/install/turtlebot_greenwich:/home/hazem/dev_ws/install/turtlebot3_teleop:/opt/ros/foxy /usr/bin/cmake --install /home/hazem/turtlebot3_robot_localization_ws/build/turtlebot3_navigation2
