running egg_info
creating ../../build/turtlebot3_orient_toward_greenwich/turtlebot3_orient_toward_greenwich.egg-info
writing ../../build/turtlebot3_orient_toward_greenwich/turtlebot3_orient_toward_greenwich.egg-info/PKG-INFO
writing dependency_links to ../../build/turtlebot3_orient_toward_greenwich/turtlebot3_orient_toward_greenwich.egg-info/dependency_links.txt
writing entry points to ../../build/turtlebot3_orient_toward_greenwich/turtlebot3_orient_toward_greenwich.egg-info/entry_points.txt
writing requirements to ../../build/turtlebot3_orient_toward_greenwich/turtlebot3_orient_toward_greenwich.egg-info/requires.txt
writing top-level names to ../../build/turtlebot3_orient_toward_greenwich/turtlebot3_orient_toward_greenwich.egg-info/top_level.txt
writing manifest file '../../build/turtlebot3_orient_toward_greenwich/turtlebot3_orient_toward_greenwich.egg-info/SOURCES.txt'
reading manifest file '../../build/turtlebot3_orient_toward_greenwich/turtlebot3_orient_toward_greenwich.egg-info/SOURCES.txt'
writing manifest file '../../build/turtlebot3_orient_toward_greenwich/turtlebot3_orient_toward_greenwich.egg-info/SOURCES.txt'
running build
running build_py
creating /home/hazem/turtlebot3_robot_localization_ws/build/turtlebot3_orient_toward_greenwich/build
creating /home/hazem/turtlebot3_robot_localization_ws/build/turtlebot3_orient_toward_greenwich/build/lib
creating /home/hazem/turtlebot3_robot_localization_ws/build/turtlebot3_orient_toward_greenwich/build/lib/turtlebot3_orient_toward_greenwich
copying turtlebot3_orient_toward_greenwich/Turtlebot.py -> /home/hazem/turtlebot3_robot_localization_ws/build/turtlebot3_orient_toward_greenwich/build/lib/turtlebot3_orient_toward_greenwich
copying turtlebot3_orient_toward_greenwich/Utilities.py -> /home/hazem/turtlebot3_robot_localization_ws/build/turtlebot3_orient_toward_greenwich/build/lib/turtlebot3_orient_toward_greenwich
copying turtlebot3_orient_toward_greenwich/PID_controller.py -> /home/hazem/turtlebot3_robot_localization_ws/build/turtlebot3_orient_toward_greenwich/build/lib/turtlebot3_orient_toward_greenwich
copying turtlebot3_orient_toward_greenwich/__init__.py -> /home/hazem/turtlebot3_robot_localization_ws/build/turtlebot3_orient_toward_greenwich/build/lib/turtlebot3_orient_toward_greenwich
copying turtlebot3_orient_toward_greenwich/Robot_interface.py -> /home/hazem/turtlebot3_robot_localization_ws/build/turtlebot3_orient_toward_greenwich/build/lib/turtlebot3_orient_toward_greenwich
running install
running install_lib
creating /home/hazem/turtlebot3_robot_localization_ws/install/turtlebot3_orient_toward_greenwich/lib/python3.8/site-packages/turtlebot3_orient_toward_greenwich
copying /home/hazem/turtlebot3_robot_localization_ws/build/turtlebot3_orient_toward_greenwich/build/lib/turtlebot3_orient_toward_greenwich/Turtlebot.py -> /home/hazem/turtlebot3_robot_localization_ws/install/turtlebot3_orient_toward_greenwich/lib/python3.8/site-packages/turtlebot3_orient_toward_greenwich
copying /home/hazem/turtlebot3_robot_localization_ws/build/turtlebot3_orient_toward_greenwich/build/lib/turtlebot3_orient_toward_greenwich/Utilities.py -> /home/hazem/turtlebot3_robot_localization_ws/install/turtlebot3_orient_toward_greenwich/lib/python3.8/site-packages/turtlebot3_orient_toward_greenwich
copying /home/hazem/turtlebot3_robot_localization_ws/build/turtlebot3_orient_toward_greenwich/build/lib/turtlebot3_orient_toward_greenwich/PID_controller.py -> /home/hazem/turtlebot3_robot_localization_ws/install/turtlebot3_orient_toward_greenwich/lib/python3.8/site-packages/turtlebot3_orient_toward_greenwich
copying /home/hazem/turtlebot3_robot_localization_ws/build/turtlebot3_orient_toward_greenwich/build/lib/turtlebot3_orient_toward_greenwich/__init__.py -> /home/hazem/turtlebot3_robot_localization_ws/install/turtlebot3_orient_toward_greenwich/lib/python3.8/site-packages/turtlebot3_orient_toward_greenwich
copying /home/hazem/turtlebot3_robot_localization_ws/build/turtlebot3_orient_toward_greenwich/build/lib/turtlebot3_orient_toward_greenwich/Robot_interface.py -> /home/hazem/turtlebot3_robot_localization_ws/install/turtlebot3_orient_toward_greenwich/lib/python3.8/site-packages/turtlebot3_orient_toward_greenwich
byte-compiling /home/hazem/turtlebot3_robot_localization_ws/install/turtlebot3_orient_toward_greenwich/lib/python3.8/site-packages/turtlebot3_orient_toward_greenwich/Turtlebot.py to Turtlebot.cpython-38.pyc
byte-compiling /home/hazem/turtlebot3_robot_localization_ws/install/turtlebot3_orient_toward_greenwich/lib/python3.8/site-packages/turtlebot3_orient_toward_greenwich/Utilities.py to Utilities.cpython-38.pyc
byte-compiling /home/hazem/turtlebot3_robot_localization_ws/install/turtlebot3_orient_toward_greenwich/lib/python3.8/site-packages/turtlebot3_orient_toward_greenwich/PID_controller.py to PID_controller.cpython-38.pyc
byte-compiling /home/hazem/turtlebot3_robot_localization_ws/install/turtlebot3_orient_toward_greenwich/lib/python3.8/site-packages/turtlebot3_orient_toward_greenwich/__init__.py to __init__.cpython-38.pyc
byte-compiling /home/hazem/turtlebot3_robot_localization_ws/install/turtlebot3_orient_toward_greenwich/lib/python3.8/site-packages/turtlebot3_orient_toward_greenwich/Robot_interface.py to Robot_interface.cpython-38.pyc
running install_data
creating /home/hazem/turtlebot3_robot_localization_ws/install/turtlebot3_orient_toward_greenwich/share/ament_index
creating /home/hazem/turtlebot3_robot_localization_ws/install/turtlebot3_orient_toward_greenwich/share/ament_index/resource_index
creating /home/hazem/turtlebot3_robot_localization_ws/install/turtlebot3_orient_toward_greenwich/share/ament_index/resource_index/packages
copying resource/turtlebot3_orient_toward_greenwich -> /home/hazem/turtlebot3_robot_localization_ws/install/turtlebot3_orient_toward_greenwich/share/ament_index/resource_index/packages
copying package.xml -> /home/hazem/turtlebot3_robot_localization_ws/install/turtlebot3_orient_toward_greenwich/share/turtlebot3_orient_toward_greenwich
creating /home/hazem/turtlebot3_robot_localization_ws/install/turtlebot3_orient_toward_greenwich/share/turtlebot3_orient_toward_greenwich/launch
copying launch/turtlebot_launch.py -> /home/hazem/turtlebot3_robot_localization_ws/install/turtlebot3_orient_toward_greenwich/share/turtlebot3_orient_toward_greenwich/launch
running install_egg_info
Copying ../../build/turtlebot3_orient_toward_greenwich/turtlebot3_orient_toward_greenwich.egg-info to /home/hazem/turtlebot3_robot_localization_ws/install/turtlebot3_orient_toward_greenwich/lib/python3.8/site-packages/turtlebot3_orient_toward_greenwich-0.0.0-py3.8.egg-info
running install_scripts
Installing Robot_interface script to /home/hazem/turtlebot3_robot_localization_ws/install/turtlebot3_orient_toward_greenwich/lib/turtlebot3_orient_toward_greenwich
Installing Turtlebot script to /home/hazem/turtlebot3_robot_localization_ws/install/turtlebot3_orient_toward_greenwich/lib/turtlebot3_orient_toward_greenwich
writing list of installed files to '/home/hazem/turtlebot3_robot_localization_ws/build/turtlebot3_orient_toward_greenwich/install.log'
