[0.777s] Invoking command in '/home/hazem/turtlebot3_robot_localization_ws/src/turtlebot3_orient_toward_greenwich': AMENT_PREFIX_PATH=/home/hazem/turtlebot3_robot_localization_ws/install/turtlebot3_msgs:${AMENT_PREFIX_PATH} CMAKE_PREFIX_PATH=/home/hazem/turtlebot3_robot_localization_ws/install/turtlebot3_msgs:${CMAKE_PREFIX_PATH} LD_LIBRARY_PATH=/home/hazem/turtlebot3_robot_localization_ws/install/turtlebot3_msgs/lib:${LD_LIBRARY_PATH} PYTHONPATH=/home/hazem/turtlebot3_robot_localization_ws/install/turtlebot3_orient_toward_greenwich/lib/python3.8/site-packages:/home/hazem/turtlebot3_robot_localization_ws/install/turtlebot3_msgs/lib/python3.8/site-packages:${PYTHONPATH} /usr/bin/python3 setup.py egg_info --egg-base ../../build/turtlebot3_orient_toward_greenwich build --build-base /home/hazem/turtlebot3_robot_localization_ws/build/turtlebot3_orient_toward_greenwich/build install --prefix /home/hazem/turtlebot3_robot_localization_ws/install/turtlebot3_orient_toward_greenwich --record /home/hazem/turtlebot3_robot_localization_ws/build/turtlebot3_orient_toward_greenwich/install.log --single-version-externally-managed
[0.978s] running egg_info
[0.978s] creating ../../build/turtlebot3_orient_toward_greenwich/turtlebot3_orient_toward_greenwich.egg-info
[0.978s] writing ../../build/turtlebot3_orient_toward_greenwich/turtlebot3_orient_toward_greenwich.egg-info/PKG-INFO
[0.978s] writing dependency_links to ../../build/turtlebot3_orient_toward_greenwich/turtlebot3_orient_toward_greenwich.egg-info/dependency_links.txt
[0.979s] writing entry points to ../../build/turtlebot3_orient_toward_greenwich/turtlebot3_orient_toward_greenwich.egg-info/entry_points.txt
[0.979s] writing requirements to ../../build/turtlebot3_orient_toward_greenwich/turtlebot3_orient_toward_greenwich.egg-info/requires.txt
[0.979s] writing top-level names to ../../build/turtlebot3_orient_toward_greenwich/turtlebot3_orient_toward_greenwich.egg-info/top_level.txt
[0.980s] writing manifest file '../../build/turtlebot3_orient_toward_greenwich/turtlebot3_orient_toward_greenwich.egg-info/SOURCES.txt'
[1.009s] reading manifest file '../../build/turtlebot3_orient_toward_greenwich/turtlebot3_orient_toward_greenwich.egg-info/SOURCES.txt'
[1.009s] writing manifest file '../../build/turtlebot3_orient_toward_greenwich/turtlebot3_orient_toward_greenwich.egg-info/SOURCES.txt'
[1.010s] running build
[1.010s] running build_py
[1.010s] creating /home/hazem/turtlebot3_robot_localization_ws/build/turtlebot3_orient_toward_greenwich/build
[1.010s] creating /home/hazem/turtlebot3_robot_localization_ws/build/turtlebot3_orient_toward_greenwich/build/lib
[1.010s] creating /home/hazem/turtlebot3_robot_localization_ws/build/turtlebot3_orient_toward_greenwich/build/lib/turtlebot3_orient_toward_greenwich
[1.010s] copying turtlebot3_orient_toward_greenwich/Turtlebot.py -> /home/hazem/turtlebot3_robot_localization_ws/build/turtlebot3_orient_toward_greenwich/build/lib/turtlebot3_orient_toward_greenwich
[1.010s] copying turtlebot3_orient_toward_greenwich/Utilities.py -> /home/hazem/turtlebot3_robot_localization_ws/build/turtlebot3_orient_toward_greenwich/build/lib/turtlebot3_orient_toward_greenwich
[1.010s] copying turtlebot3_orient_toward_greenwich/PID_controller.py -> /home/hazem/turtlebot3_robot_localization_ws/build/turtlebot3_orient_toward_greenwich/build/lib/turtlebot3_orient_toward_greenwich
[1.010s] copying turtlebot3_orient_toward_greenwich/__init__.py -> /home/hazem/turtlebot3_robot_localization_ws/build/turtlebot3_orient_toward_greenwich/build/lib/turtlebot3_orient_toward_greenwich
[1.010s] copying turtlebot3_orient_toward_greenwich/Robot_interface.py -> /home/hazem/turtlebot3_robot_localization_ws/build/turtlebot3_orient_toward_greenwich/build/lib/turtlebot3_orient_toward_greenwich
[1.010s] running install
[1.011s] running install_lib
[1.012s] creating /home/hazem/turtlebot3_robot_localization_ws/install/turtlebot3_orient_toward_greenwich/lib/python3.8/site-packages/turtlebot3_orient_toward_greenwich
[1.012s] copying /home/hazem/turtlebot3_robot_localization_ws/build/turtlebot3_orient_toward_greenwich/build/lib/turtlebot3_orient_toward_greenwich/Turtlebot.py -> /home/hazem/turtlebot3_robot_localization_ws/install/turtlebot3_orient_toward_greenwich/lib/python3.8/site-packages/turtlebot3_orient_toward_greenwich
[1.012s] copying /home/hazem/turtlebot3_robot_localization_ws/build/turtlebot3_orient_toward_greenwich/build/lib/turtlebot3_orient_toward_greenwich/Utilities.py -> /home/hazem/turtlebot3_robot_localization_ws/install/turtlebot3_orient_toward_greenwich/lib/python3.8/site-packages/turtlebot3_orient_toward_greenwich
[1.012s] copying /home/hazem/turtlebot3_robot_localization_ws/build/turtlebot3_orient_toward_greenwich/build/lib/turtlebot3_orient_toward_greenwich/PID_controller.py -> /home/hazem/turtlebot3_robot_localization_ws/install/turtlebot3_orient_toward_greenwich/lib/python3.8/site-packages/turtlebot3_orient_toward_greenwich
[1.012s] copying /home/hazem/turtlebot3_robot_localization_ws/build/turtlebot3_orient_toward_greenwich/build/lib/turtlebot3_orient_toward_greenwich/__init__.py -> /home/hazem/turtlebot3_robot_localization_ws/install/turtlebot3_orient_toward_greenwich/lib/python3.8/site-packages/turtlebot3_orient_toward_greenwich
[1.012s] copying /home/hazem/turtlebot3_robot_localization_ws/build/turtlebot3_orient_toward_greenwich/build/lib/turtlebot3_orient_toward_greenwich/Robot_interface.py -> /home/hazem/turtlebot3_robot_localization_ws/install/turtlebot3_orient_toward_greenwich/lib/python3.8/site-packages/turtlebot3_orient_toward_greenwich
[1.012s] byte-compiling /home/hazem/turtlebot3_robot_localization_ws/install/turtlebot3_orient_toward_greenwich/lib/python3.8/site-packages/turtlebot3_orient_toward_greenwich/Turtlebot.py to Turtlebot.cpython-38.pyc
[1.014s] byte-compiling /home/hazem/turtlebot3_robot_localization_ws/install/turtlebot3_orient_toward_greenwich/lib/python3.8/site-packages/turtlebot3_orient_toward_greenwich/Utilities.py to Utilities.cpython-38.pyc
[1.015s] byte-compiling /home/hazem/turtlebot3_robot_localization_ws/install/turtlebot3_orient_toward_greenwich/lib/python3.8/site-packages/turtlebot3_orient_toward_greenwich/PID_controller.py to PID_controller.cpython-38.pyc
[1.015s] byte-compiling /home/hazem/turtlebot3_robot_localization_ws/install/turtlebot3_orient_toward_greenwich/lib/python3.8/site-packages/turtlebot3_orient_toward_greenwich/__init__.py to __init__.cpython-38.pyc
[1.015s] byte-compiling /home/hazem/turtlebot3_robot_localization_ws/install/turtlebot3_orient_toward_greenwich/lib/python3.8/site-packages/turtlebot3_orient_toward_greenwich/Robot_interface.py to Robot_interface.cpython-38.pyc
[1.016s] running install_data
[1.017s] creating /home/hazem/turtlebot3_robot_localization_ws/install/turtlebot3_orient_toward_greenwich/share/ament_index
[1.017s] creating /home/hazem/turtlebot3_robot_localization_ws/install/turtlebot3_orient_toward_greenwich/share/ament_index/resource_index
[1.017s] creating /home/hazem/turtlebot3_robot_localization_ws/install/turtlebot3_orient_toward_greenwich/share/ament_index/resource_index/packages
[1.017s] copying resource/turtlebot3_orient_toward_greenwich -> /home/hazem/turtlebot3_robot_localization_ws/install/turtlebot3_orient_toward_greenwich/share/ament_index/resource_index/packages
[1.017s] copying package.xml -> /home/hazem/turtlebot3_robot_localization_ws/install/turtlebot3_orient_toward_greenwich/share/turtlebot3_orient_toward_greenwich
[1.017s] creating /home/hazem/turtlebot3_robot_localization_ws/install/turtlebot3_orient_toward_greenwich/share/turtlebot3_orient_toward_greenwich/launch
[1.017s] copying launch/turtlebot_launch.py -> /home/hazem/turtlebot3_robot_localization_ws/install/turtlebot3_orient_toward_greenwich/share/turtlebot3_orient_toward_greenwich/launch
[1.017s] running install_egg_info
[1.019s] Copying ../../build/turtlebot3_orient_toward_greenwich/turtlebot3_orient_toward_greenwich.egg-info to /home/hazem/turtlebot3_robot_localization_ws/install/turtlebot3_orient_toward_greenwich/lib/python3.8/site-packages/turtlebot3_orient_toward_greenwich-0.0.0-py3.8.egg-info
[1.020s] running install_scripts
[1.034s] Installing Robot_interface script to /home/hazem/turtlebot3_robot_localization_ws/install/turtlebot3_orient_toward_greenwich/lib/turtlebot3_orient_toward_greenwich
[1.034s] Installing Turtlebot script to /home/hazem/turtlebot3_robot_localization_ws/install/turtlebot3_orient_toward_greenwich/lib/turtlebot3_orient_toward_greenwich
[1.035s] writing list of installed files to '/home/hazem/turtlebot3_robot_localization_ws/build/turtlebot3_orient_toward_greenwich/install.log'
[1.056s] Invoked command in '/home/hazem/turtlebot3_robot_localization_ws/src/turtlebot3_orient_toward_greenwich' returned '0': AMENT_PREFIX_PATH=/home/hazem/turtlebot3_robot_localization_ws/install/turtlebot3_msgs:${AMENT_PREFIX_PATH} CMAKE_PREFIX_PATH=/home/hazem/turtlebot3_robot_localization_ws/install/turtlebot3_msgs:${CMAKE_PREFIX_PATH} LD_LIBRARY_PATH=/home/hazem/turtlebot3_robot_localization_ws/install/turtlebot3_msgs/lib:${LD_LIBRARY_PATH} PYTHONPATH=/home/hazem/turtlebot3_robot_localization_ws/install/turtlebot3_orient_toward_greenwich/lib/python3.8/site-packages:/home/hazem/turtlebot3_robot_localization_ws/install/turtlebot3_msgs/lib/python3.8/site-packages:${PYTHONPATH} /usr/bin/python3 setup.py egg_info --egg-base ../../build/turtlebot3_orient_toward_greenwich build --build-base /home/hazem/turtlebot3_robot_localization_ws/build/turtlebot3_orient_toward_greenwich/build install --prefix /home/hazem/turtlebot3_robot_localization_ws/install/turtlebot3_orient_toward_greenwich --record /home/hazem/turtlebot3_robot_localization_ws/build/turtlebot3_orient_toward_greenwich/install.log --single-version-externally-managed
