[0.043s] Invoking command in '/home/hazem/turtlebot3_robot_localization_ws/build/turtlebot3_node': AMENT_PREFIX_PATH=/home/hazem/turtlebot3_robot_localization_ws/install/turtlebot3_msgs:${AMENT_PREFIX_PATH} CMAKE_PREFIX_PATH=/home/hazem/turtlebot3_robot_localization_ws/install/turtlebot3_msgs:/home/hazem/dev_ws/install/turtlesim:/home/hazem/dev_ws/install/turtlebot3_simulations:/home/hazem/dev_ws/install/turtlebot3_navigation2:/home/hazem/dev_ws/install/turtlebot3_fake_node:/home/hazem/dev_ws/install/turtlebot3_msgs:/home/hazem/dev_ws/install/turtlebot3_gazebo:/home/hazem/dev_ws/install/turtlebot3_description:/home/hazem/dev_ws/install/turtlebot3_cartographer:/home/hazem/dev_ws/install/trajectory_generation:/home/hazem/dev_ws/install/rviz_imu_plugin:/home/hazem/dev_ws/install/my_package:/home/hazem/dev_ws/install/mobile_robot:/home/hazem/dev_ws/install/imu_filter_madgwick:/home/hazem/dev_ws/install/dynamixel_sdk:/home/hazem/dev_ws/install/cpp_pubsub:/home/hazem/dev_ws/install/ROS2-Trajectory-Generation:/home/hazem/dev_ws/install/turtlebot_greenwich:/home/hazem/dev_ws/install/turtlebot3_teleop:/opt/ros/foxy LD_LIBRARY_PATH=/home/hazem/turtlebot3_robot_localization_ws/install/turtlebot3_msgs/lib:${LD_LIBRARY_PATH} PYTHONPATH=/home/hazem/turtlebot3_robot_localization_ws/install/turtlebot3_msgs/lib/python3.8/site-packages:${PYTHONPATH} /usr/bin/cmake /home/hazem/turtlebot3_robot_localization_ws/src/turtlebot3/turtlebot3_node -DCMAKE_INSTALL_PREFIX=/home/hazem/turtlebot3_robot_localization_ws/install/turtlebot3_node
[0.243s] -- The C compiler identification is GNU 9.4.0
[0.244s] -- The CXX compiler identification is GNU 9.4.0
[0.245s] -- Check for working C compiler: /usr/bin/cc
[0.245s] -- Check for working C compiler: /usr/bin/cc -- works
[0.245s] -- Detecting C compiler ABI info
[0.245s] -- Detecting C compiler ABI info - done
[0.245s] -- Detecting C compile features
[0.245s] -- Detecting C compile features - done
[0.246s] -- Check for working CXX compiler: /usr/bin/c++
[0.291s] -- Check for working CXX compiler: /usr/bin/c++ -- works
[0.292s] -- Detecting CXX compiler ABI info
[0.350s] -- Detecting CXX compiler ABI info - done
[0.359s] -- Detecting CXX compile features
[0.360s] -- Detecting CXX compile features - done
[0.362s] -- Found ament_cmake: 0.9.9 (/opt/ros/foxy/share/ament_cmake/cmake)
[0.388s] -- Found PythonInterp: /usr/bin/python3 (found suitable version "3.8.10", minimum required is "3") 
[0.388s] -- Using PYTHON_EXECUTABLE: /usr/bin/python3
[0.575s] -- Found dynamixel_sdk: 3.7.30 (/home/hazem/dev_ws/install/dynamixel_sdk/share/dynamixel_sdk/cmake)
[0.578s] -- Found geometry_msgs: 2.0.5 (/opt/ros/foxy/share/geometry_msgs/cmake)
[0.608s] -- Using all available rosidl_typesupport_c: rosidl_typesupport_fastrtps_c;rosidl_typesupport_introspection_c
[0.616s] -- Found rosidl_adapter: 1.2.1 (/opt/ros/foxy/share/rosidl_adapter/cmake)
[0.682s] -- Found OpenSSL: /usr/lib/x86_64-linux-gnu/libcrypto.so (found version "1.1.1f")  
[0.707s] -- Found FastRTPS: /opt/ros/foxy/include  
[0.776s] -- Using all available rosidl_typesupport_cpp: rosidl_typesupport_fastrtps_cpp;rosidl_typesupport_introspection_cpp
[0.852s] -- Found message_filters: 3.2.5 (/opt/ros/foxy/share/message_filters/cmake)
[0.856s] -- Found nav_msgs: 2.0.5 (/opt/ros/foxy/share/nav_msgs/cmake)
[0.919s] -- Found rclcpp: 2.4.1 (/opt/ros/foxy/share/rclcpp/cmake)
[0.964s] -- Found rmw_implementation_cmake: 1.0.3 (/opt/ros/foxy/share/rmw_implementation_cmake/cmake)
[0.966s] -- Using RMW implementation 'rmw_fastrtps_cpp' as default
[0.967s] -- Looking for pthread.h
[1.026s] -- Looking for pthread.h - found
[1.026s] -- Performing Test CMAKE_HAVE_LIBC_PTHREAD
[1.091s] -- Performing Test CMAKE_HAVE_LIBC_PTHREAD - Failed
[1.091s] -- Looking for pthread_create in pthreads
[1.137s] -- Looking for pthread_create in pthreads - not found
[1.137s] -- Looking for pthread_create in pthread
[1.192s] -- Looking for pthread_create in pthread - found
[1.193s] -- Found Threads: TRUE  
[1.313s] -- Found sensor_msgs: 2.0.5 (/opt/ros/foxy/share/sensor_msgs/cmake)
[1.374s] -- Found std_srvs: 2.0.5 (/opt/ros/foxy/share/std_srvs/cmake)
[1.383s] -- Found tf2: 0.13.13 (/opt/ros/foxy/share/tf2/cmake)
[1.394s] -- Found tf2_ros: 0.13.13 (/opt/ros/foxy/share/tf2_ros/cmake)
[1.665s] -- Found turtlebot3_msgs: 2.2.1 (/home/hazem/turtlebot3_robot_localization_ws/install/turtlebot3_msgs/share/turtlebot3_msgs/cmake)
[1.791s] -- Configuring done
[1.807s] -- Generating done
[1.809s] -- Build files have been written to: /home/hazem/turtlebot3_robot_localization_ws/build/turtlebot3_node
[1.815s] Invoked command in '/home/hazem/turtlebot3_robot_localization_ws/build/turtlebot3_node' returned '0': AMENT_PREFIX_PATH=/home/hazem/turtlebot3_robot_localization_ws/install/turtlebot3_msgs:${AMENT_PREFIX_PATH} CMAKE_PREFIX_PATH=/home/hazem/turtlebot3_robot_localization_ws/install/turtlebot3_msgs:/home/hazem/dev_ws/install/turtlesim:/home/hazem/dev_ws/install/turtlebot3_simulations:/home/hazem/dev_ws/install/turtlebot3_navigation2:/home/hazem/dev_ws/install/turtlebot3_fake_node:/home/hazem/dev_ws/install/turtlebot3_msgs:/home/hazem/dev_ws/install/turtlebot3_gazebo:/home/hazem/dev_ws/install/turtlebot3_description:/home/hazem/dev_ws/install/turtlebot3_cartographer:/home/hazem/dev_ws/install/trajectory_generation:/home/hazem/dev_ws/install/rviz_imu_plugin:/home/hazem/dev_ws/install/my_package:/home/hazem/dev_ws/install/mobile_robot:/home/hazem/dev_ws/install/imu_filter_madgwick:/home/hazem/dev_ws/install/dynamixel_sdk:/home/hazem/dev_ws/install/cpp_pubsub:/home/hazem/dev_ws/install/ROS2-Trajectory-Generation:/home/hazem/dev_ws/install/turtlebot_greenwich:/home/hazem/dev_ws/install/turtlebot3_teleop:/opt/ros/foxy LD_LIBRARY_PATH=/home/hazem/turtlebot3_robot_localization_ws/install/turtlebot3_msgs/lib:${LD_LIBRARY_PATH} PYTHONPATH=/home/hazem/turtlebot3_robot_localization_ws/install/turtlebot3_msgs/lib/python3.8/site-packages:${PYTHONPATH} /usr/bin/cmake /home/hazem/turtlebot3_robot_localization_ws/src/turtlebot3/turtlebot3_node -DCMAKE_INSTALL_PREFIX=/home/hazem/turtlebot3_robot_localization_ws/install/turtlebot3_node
[1.817s] Invoking command in '/home/hazem/turtlebot3_robot_localization_ws/build/turtlebot3_node': AMENT_PREFIX_PATH=/home/hazem/turtlebot3_robot_localization_ws/install/turtlebot3_msgs:${AMENT_PREFIX_PATH} CMAKE_PREFIX_PATH=/home/hazem/turtlebot3_robot_localization_ws/install/turtlebot3_msgs:/home/hazem/dev_ws/install/turtlesim:/home/hazem/dev_ws/install/turtlebot3_simulations:/home/hazem/dev_ws/install/turtlebot3_navigation2:/home/hazem/dev_ws/install/turtlebot3_fake_node:/home/hazem/dev_ws/install/turtlebot3_msgs:/home/hazem/dev_ws/install/turtlebot3_gazebo:/home/hazem/dev_ws/install/turtlebot3_description:/home/hazem/dev_ws/install/turtlebot3_cartographer:/home/hazem/dev_ws/install/trajectory_generation:/home/hazem/dev_ws/install/rviz_imu_plugin:/home/hazem/dev_ws/install/my_package:/home/hazem/dev_ws/install/mobile_robot:/home/hazem/dev_ws/install/imu_filter_madgwick:/home/hazem/dev_ws/install/dynamixel_sdk:/home/hazem/dev_ws/install/cpp_pubsub:/home/hazem/dev_ws/install/ROS2-Trajectory-Generation:/home/hazem/dev_ws/install/turtlebot_greenwich:/home/hazem/dev_ws/install/turtlebot3_teleop:/opt/ros/foxy LD_LIBRARY_PATH=/home/hazem/turtlebot3_robot_localization_ws/install/turtlebot3_msgs/lib:${LD_LIBRARY_PATH} PYTHONPATH=/home/hazem/turtlebot3_robot_localization_ws/install/turtlebot3_msgs/lib/python3.8/site-packages:${PYTHONPATH} /usr/bin/cmake --build /home/hazem/turtlebot3_robot_localization_ws/build/turtlebot3_node -- -j12 -l12
[1.846s] [35m[1mScanning dependencies of target turtlebot3_node_lib[0m
[1.902s] [ 21%] [32mBuilding CXX object CMakeFiles/turtlebot3_node_lib.dir/src/devices/reset.cpp.o[0m
[1.902s] [ 21%] [32mBuilding CXX object CMakeFiles/turtlebot3_node_lib.dir/src/devices/motor_power.cpp.o[0m
[1.902s] [ 21%] [32mBuilding CXX object CMakeFiles/turtlebot3_node_lib.dir/src/devices/sound.cpp.o[0m
[1.904s] [ 28%] [32mBuilding CXX object CMakeFiles/turtlebot3_node_lib.dir/src/diff_drive_controller.cpp.o[0m
[1.904s] [ 35%] [32mBuilding CXX object CMakeFiles/turtlebot3_node_lib.dir/src/dynamixel_sdk_wrapper.cpp.o[0m
[1.905s] [ 50%] [32mBuilding CXX object CMakeFiles/turtlebot3_node_lib.dir/src/sensors/battery_state.cpp.o[0m
[1.905s] [ 42%] [32mBuilding CXX object CMakeFiles/turtlebot3_node_lib.dir/src/odometry.cpp.o[0m
[1.905s] [ 57%] [32mBuilding CXX object CMakeFiles/turtlebot3_node_lib.dir/src/turtlebot3.cpp.o[0m
[1.906s] [ 64%] [32mBuilding CXX object CMakeFiles/turtlebot3_node_lib.dir/src/sensors/imu.cpp.o[0m
[1.906s] [ 71%] [32mBuilding CXX object CMakeFiles/turtlebot3_node_lib.dir/src/sensors/joint_state.cpp.o[0m
[1.906s] [ 78%] [32mBuilding CXX object CMakeFiles/turtlebot3_node_lib.dir/src/sensors/sensor_state.cpp.o[0m
[11.881s] [ 85%] [32m[1mLinking CXX static library libturtlebot3_node_lib.a[0m
[12.073s] [ 85%] Built target turtlebot3_node_lib
[12.081s] [35m[1mScanning dependencies of target turtlebot3_ros[0m
[12.110s] [ 92%] [32mBuilding CXX object CMakeFiles/turtlebot3_ros.dir/src/node_main.cpp.o[0m
[13.739s] [100%] [32m[1mLinking CXX executable turtlebot3_ros[0m
[14.323s] [100%] Built target turtlebot3_ros
[14.331s] Invoked command in '/home/hazem/turtlebot3_robot_localization_ws/build/turtlebot3_node' returned '0': AMENT_PREFIX_PATH=/home/hazem/turtlebot3_robot_localization_ws/install/turtlebot3_msgs:${AMENT_PREFIX_PATH} CMAKE_PREFIX_PATH=/home/hazem/turtlebot3_robot_localization_ws/install/turtlebot3_msgs:/home/hazem/dev_ws/install/turtlesim:/home/hazem/dev_ws/install/turtlebot3_simulations:/home/hazem/dev_ws/install/turtlebot3_navigation2:/home/hazem/dev_ws/install/turtlebot3_fake_node:/home/hazem/dev_ws/install/turtlebot3_msgs:/home/hazem/dev_ws/install/turtlebot3_gazebo:/home/hazem/dev_ws/install/turtlebot3_description:/home/hazem/dev_ws/install/turtlebot3_cartographer:/home/hazem/dev_ws/install/trajectory_generation:/home/hazem/dev_ws/install/rviz_imu_plugin:/home/hazem/dev_ws/install/my_package:/home/hazem/dev_ws/install/mobile_robot:/home/hazem/dev_ws/install/imu_filter_madgwick:/home/hazem/dev_ws/install/dynamixel_sdk:/home/hazem/dev_ws/install/cpp_pubsub:/home/hazem/dev_ws/install/ROS2-Trajectory-Generation:/home/hazem/dev_ws/install/turtlebot_greenwich:/home/hazem/dev_ws/install/turtlebot3_teleop:/opt/ros/foxy LD_LIBRARY_PATH=/home/hazem/turtlebot3_robot_localization_ws/install/turtlebot3_msgs/lib:${LD_LIBRARY_PATH} PYTHONPATH=/home/hazem/turtlebot3_robot_localization_ws/install/turtlebot3_msgs/lib/python3.8/site-packages:${PYTHONPATH} /usr/bin/cmake --build /home/hazem/turtlebot3_robot_localization_ws/build/turtlebot3_node -- -j12 -l12
[14.360s] Invoking command in '/home/hazem/turtlebot3_robot_localization_ws/build/turtlebot3_node': AMENT_PREFIX_PATH=/home/hazem/turtlebot3_robot_localization_ws/install/turtlebot3_msgs:${AMENT_PREFIX_PATH} CMAKE_PREFIX_PATH=/home/hazem/turtlebot3_robot_localization_ws/install/turtlebot3_msgs:/home/hazem/dev_ws/install/turtlesim:/home/hazem/dev_ws/install/turtlebot3_simulations:/home/hazem/dev_ws/install/turtlebot3_navigation2:/home/hazem/dev_ws/install/turtlebot3_fake_node:/home/hazem/dev_ws/install/turtlebot3_msgs:/home/hazem/dev_ws/install/turtlebot3_gazebo:/home/hazem/dev_ws/install/turtlebot3_description:/home/hazem/dev_ws/install/turtlebot3_cartographer:/home/hazem/dev_ws/install/trajectory_generation:/home/hazem/dev_ws/install/rviz_imu_plugin:/home/hazem/dev_ws/install/my_package:/home/hazem/dev_ws/install/mobile_robot:/home/hazem/dev_ws/install/imu_filter_madgwick:/home/hazem/dev_ws/install/dynamixel_sdk:/home/hazem/dev_ws/install/cpp_pubsub:/home/hazem/dev_ws/install/ROS2-Trajectory-Generation:/home/hazem/dev_ws/install/turtlebot_greenwich:/home/hazem/dev_ws/install/turtlebot3_teleop:/opt/ros/foxy LD_LIBRARY_PATH=/home/hazem/turtlebot3_robot_localization_ws/install/turtlebot3_msgs/lib:${LD_LIBRARY_PATH} PYTHONPATH=/home/hazem/turtlebot3_robot_localization_ws/install/turtlebot3_msgs/lib/python3.8/site-packages:${PYTHONPATH} /usr/bin/cmake --install /home/hazem/turtlebot3_robot_localization_ws/build/turtlebot3_node
[14.366s] -- Install configuration: ""
[14.367s] -- Installing: /home/hazem/turtlebot3_robot_localization_ws/install/turtlebot3_node/share/turtlebot3_node/param
[14.367s] -- Installing: /home/hazem/turtlebot3_robot_localization_ws/install/turtlebot3_node/share/turtlebot3_node/param/burger.yaml
[14.367s] -- Installing: /home/hazem/turtlebot3_robot_localization_ws/install/turtlebot3_node/share/turtlebot3_node/param/waffle_pi.yaml
[14.367s] -- Installing: /home/hazem/turtlebot3_robot_localization_ws/install/turtlebot3_node/share/turtlebot3_node/param/waffle.yaml
[14.367s] -- Installing: /home/hazem/turtlebot3_robot_localization_ws/install/turtlebot3_node/lib/turtlebot3_node/turtlebot3_ros
[14.371s] -- Set runtime path of "/home/hazem/turtlebot3_robot_localization_ws/install/turtlebot3_node/lib/turtlebot3_node/turtlebot3_ros" to ""
[14.371s] -- Installing: /home/hazem/turtlebot3_robot_localization_ws/install/turtlebot3_node/share/ament_index/resource_index/package_run_dependencies/turtlebot3_node
[14.371s] -- Installing: /home/hazem/turtlebot3_robot_localization_ws/install/turtlebot3_node/share/ament_index/resource_index/parent_prefix_path/turtlebot3_node
[14.371s] -- Installing: /home/hazem/turtlebot3_robot_localization_ws/install/turtlebot3_node/share/turtlebot3_node/environment/ament_prefix_path.sh
[14.371s] -- Installing: /home/hazem/turtlebot3_robot_localization_ws/install/turtlebot3_node/share/turtlebot3_node/environment/ament_prefix_path.dsv
[14.372s] -- Installing: /home/hazem/turtlebot3_robot_localization_ws/install/turtlebot3_node/share/turtlebot3_node/environment/path.sh
[14.372s] -- Installing: /home/hazem/turtlebot3_robot_localization_ws/install/turtlebot3_node/share/turtlebot3_node/environment/path.dsv
[14.372s] -- Installing: /home/hazem/turtlebot3_robot_localization_ws/install/turtlebot3_node/share/turtlebot3_node/local_setup.bash
[14.372s] -- Installing: /home/hazem/turtlebot3_robot_localization_ws/install/turtlebot3_node/share/turtlebot3_node/local_setup.sh
[14.372s] -- Installing: /home/hazem/turtlebot3_robot_localization_ws/install/turtlebot3_node/share/turtlebot3_node/local_setup.zsh
[14.372s] -- Installing: /home/hazem/turtlebot3_robot_localization_ws/install/turtlebot3_node/share/turtlebot3_node/local_setup.dsv
[14.372s] -- Installing: /home/hazem/turtlebot3_robot_localization_ws/install/turtlebot3_node/share/turtlebot3_node/package.dsv
[14.372s] -- Installing: /home/hazem/turtlebot3_robot_localization_ws/install/turtlebot3_node/share/ament_index/resource_index/packages/turtlebot3_node
[14.372s] -- Installing: /home/hazem/turtlebot3_robot_localization_ws/install/turtlebot3_node/share/turtlebot3_node/cmake/ament_cmake_export_include_directories-extras.cmake
[14.372s] -- Installing: /home/hazem/turtlebot3_robot_localization_ws/install/turtlebot3_node/share/turtlebot3_node/cmake/turtlebot3_nodeConfig.cmake
[14.372s] -- Installing: /home/hazem/turtlebot3_robot_localization_ws/install/turtlebot3_node/share/turtlebot3_node/cmake/turtlebot3_nodeConfig-version.cmake
[14.373s] -- Installing: /home/hazem/turtlebot3_robot_localization_ws/install/turtlebot3_node/share/turtlebot3_node/package.xml
[14.377s] Invoked command in '/home/hazem/turtlebot3_robot_localization_ws/build/turtlebot3_node' returned '0': AMENT_PREFIX_PATH=/home/hazem/turtlebot3_robot_localization_ws/install/turtlebot3_msgs:${AMENT_PREFIX_PATH} CMAKE_PREFIX_PATH=/home/hazem/turtlebot3_robot_localization_ws/install/turtlebot3_msgs:/home/hazem/dev_ws/install/turtlesim:/home/hazem/dev_ws/install/turtlebot3_simulations:/home/hazem/dev_ws/install/turtlebot3_navigation2:/home/hazem/dev_ws/install/turtlebot3_fake_node:/home/hazem/dev_ws/install/turtlebot3_msgs:/home/hazem/dev_ws/install/turtlebot3_gazebo:/home/hazem/dev_ws/install/turtlebot3_description:/home/hazem/dev_ws/install/turtlebot3_cartographer:/home/hazem/dev_ws/install/trajectory_generation:/home/hazem/dev_ws/install/rviz_imu_plugin:/home/hazem/dev_ws/install/my_package:/home/hazem/dev_ws/install/mobile_robot:/home/hazem/dev_ws/install/imu_filter_madgwick:/home/hazem/dev_ws/install/dynamixel_sdk:/home/hazem/dev_ws/install/cpp_pubsub:/home/hazem/dev_ws/install/ROS2-Trajectory-Generation:/home/hazem/dev_ws/install/turtlebot_greenwich:/home/hazem/dev_ws/install/turtlebot3_teleop:/opt/ros/foxy LD_LIBRARY_PATH=/home/hazem/turtlebot3_robot_localization_ws/install/turtlebot3_msgs/lib:${LD_LIBRARY_PATH} PYTHONPATH=/home/hazem/turtlebot3_robot_localization_ws/install/turtlebot3_msgs/lib/python3.8/site-packages:${PYTHONPATH} /usr/bin/cmake --install /home/hazem/turtlebot3_robot_localization_ws/build/turtlebot3_node
