[0.042s] Invoking command in '/home/hazem/turtlebot3_robot_localization_ws/build/turtlebot3_msgs': CMAKE_PREFIX_PATH=${CMAKE_PREFIX_PATH}:/home/hazem/dev_ws/install/turtlebot_greenwich:/home/hazem/dev_ws/install/turtlebot3_teleop:/opt/ros/foxy /usr/bin/cmake /home/hazem/turtlebot3_robot_localization_ws/src/turtlebot3_msgs -DCMAKE_INSTALL_PREFIX=/home/hazem/turtlebot3_robot_localization_ws/install/turtlebot3_msgs
[0.097s] -- The C compiler identification is GNU 9.4.0
[0.138s] -- The CXX compiler identification is GNU 9.4.0
[0.142s] -- Check for working C compiler: /usr/bin/cc
[0.193s] -- Check for working C compiler: /usr/bin/cc -- works
[0.194s] -- Detecting C compiler ABI info
[0.248s] -- Detecting C compiler ABI info - done
[0.262s] -- Detecting C compile features
[0.263s] -- Detecting C compile features - done
[0.266s] -- Check for working CXX compiler: /usr/bin/c++
[0.324s] -- Check for working CXX compiler: /usr/bin/c++ -- works
[0.326s] -- Detecting CXX compiler ABI info
[0.387s] -- Detecting CXX compiler ABI info - done
[0.396s] -- Detecting CXX compile features
[0.397s] -- Detecting CXX compile features - done
[0.399s] -- Found action_msgs: 1.0.0 (/opt/ros/foxy/share/action_msgs/cmake)
[0.424s] -- Found PythonInterp: /usr/bin/python3 (found suitable version "3.8.10", minimum required is "3") 
[0.424s] -- Using PYTHON_EXECUTABLE: /usr/bin/python3
[0.638s] -- Using all available rosidl_typesupport_c: rosidl_typesupport_fastrtps_c;rosidl_typesupport_introspection_c
[0.645s] -- Found rosidl_adapter: 1.2.1 (/opt/ros/foxy/share/rosidl_adapter/cmake)
[0.711s] -- Found OpenSSL: /usr/lib/x86_64-linux-gnu/libcrypto.so (found version "1.1.1f")  
[0.738s] -- Found FastRTPS: /opt/ros/foxy/include  
[0.807s] -- Using all available rosidl_typesupport_cpp: rosidl_typesupport_fastrtps_cpp;rosidl_typesupport_introspection_cpp
[0.864s] -- Found rosidl_default_generators: 1.0.1 (/opt/ros/foxy/share/rosidl_default_generators/cmake)
[0.876s] -- Found std_msgs: 2.0.5 (/opt/ros/foxy/share/std_msgs/cmake)
[0.910s] -- Found PythonInterp: /usr/bin/python3 (found version "3.8.10") 
[1.065s] -- Found ament_cmake_cppcheck: 0.9.6 (/opt/ros/foxy/share/ament_cmake_cppcheck/cmake)
[1.067s] -- Found ament_cmake_cpplint: 0.9.6 (/opt/ros/foxy/share/ament_cmake_cpplint/cmake)
[1.069s] -- Found ament_cmake_uncrustify: 0.9.6 (/opt/ros/foxy/share/ament_cmake_uncrustify/cmake)
[1.071s] -- Found ament_cmake_ros: 0.9.2 (/opt/ros/foxy/share/ament_cmake_ros/cmake)
[1.236s] -- Using all available rosidl_typesupport_c: rosidl_typesupport_fastrtps_c;rosidl_typesupport_introspection_c
[1.302s] -- Using all available rosidl_typesupport_cpp: rosidl_typesupport_fastrtps_cpp;rosidl_typesupport_introspection_cpp
[1.329s] -- Found PythonInterp: /usr/bin/python3 (found suitable version "3.8.10", minimum required is "3.5") 
[1.331s] -- Found python_cmake_module: 0.8.1 (/opt/ros/foxy/share/python_cmake_module/cmake)
[1.354s] -- Found PythonLibs: /usr/lib/x86_64-linux-gnu/libpython3.8.so (found suitable version "3.8.10", minimum required is "3.5") 
[1.355s] -- Using PYTHON_EXECUTABLE: /usr/bin/python3
[1.355s] -- Using PYTHON_INCLUDE_DIRS: /usr/include/python3.8
[1.355s] -- Using PYTHON_LIBRARIES: /usr/lib/x86_64-linux-gnu/libpython3.8.so
[1.374s] -- Found PythonExtra: .so  
[1.437s] -- Found ament_cmake_flake8: 0.9.6 (/opt/ros/foxy/share/ament_cmake_flake8/cmake)
[1.448s] -- Found ament_cmake_pep257: 0.9.6 (/opt/ros/foxy/share/ament_cmake_pep257/cmake)
[1.461s] -- Configuring done
[1.511s] -- Generating done
[1.513s] -- Build files have been written to: /home/hazem/turtlebot3_robot_localization_ws/build/turtlebot3_msgs
[1.520s] Invoked command in '/home/hazem/turtlebot3_robot_localization_ws/build/turtlebot3_msgs' returned '0': CMAKE_PREFIX_PATH=${CMAKE_PREFIX_PATH}:/home/hazem/dev_ws/install/turtlebot_greenwich:/home/hazem/dev_ws/install/turtlebot3_teleop:/opt/ros/foxy /usr/bin/cmake /home/hazem/turtlebot3_robot_localization_ws/src/turtlebot3_msgs -DCMAKE_INSTALL_PREFIX=/home/hazem/turtlebot3_robot_localization_ws/install/turtlebot3_msgs
[1.521s] Invoking command in '/home/hazem/turtlebot3_robot_localization_ws/build/turtlebot3_msgs': CMAKE_PREFIX_PATH=${CMAKE_PREFIX_PATH}:/home/hazem/dev_ws/install/turtlebot_greenwich:/home/hazem/dev_ws/install/turtlebot3_teleop:/opt/ros/foxy /usr/bin/cmake --build /home/hazem/turtlebot3_robot_localization_ws/build/turtlebot3_msgs -- -j12 -l12
[1.551s] [35m[1mScanning dependencies of target turtlebot3_msgs__cpp[0m
[1.551s] [  1%] [34m[1mGenerating C code for ROS interfaces[0m
[1.559s] [  2%] [34m[1mGenerating C++ code for ROS interfaces[0m
[2.209s] [35m[1mScanning dependencies of target turtlebot3_msgs__rosidl_generator_c[0m
[2.221s] [  6%] [32mBuilding C object CMakeFiles/turtlebot3_msgs__rosidl_generator_c.dir/rosidl_generator_c/turtlebot3_msgs/msg/detail/version_info__functions.c.o[0m
[2.221s] [  6%] [32mBuilding C object CMakeFiles/turtlebot3_msgs__rosidl_generator_c.dir/rosidl_generator_c/turtlebot3_msgs/srv/detail/sound__functions.c.o[0m
[2.221s] [  6%] [32mBuilding C object CMakeFiles/turtlebot3_msgs__rosidl_generator_c.dir/rosidl_generator_c/turtlebot3_msgs/srv/detail/dqn__functions.c.o[0m
[2.221s] [  6%] Built target turtlebot3_msgs__cpp
[2.223s] [  7%] [32mBuilding C object CMakeFiles/turtlebot3_msgs__rosidl_generator_c.dir/rosidl_generator_c/turtlebot3_msgs/msg/detail/sound__functions.c.o[0m
[2.223s] [  8%] [32mBuilding C object CMakeFiles/turtlebot3_msgs__rosidl_generator_c.dir/rosidl_generator_c/turtlebot3_msgs/msg/detail/sensor_state__functions.c.o[0m
[2.223s] [ 10%] [32mBuilding C object CMakeFiles/turtlebot3_msgs__rosidl_generator_c.dir/rosidl_generator_c/turtlebot3_msgs/msg/detail/custom_array__functions.c.o[0m
[2.223s] [ 11%] [32mBuilding C object CMakeFiles/turtlebot3_msgs__rosidl_generator_c.dir/rosidl_generator_c/turtlebot3_msgs/action/detail/patrol__functions.c.o[0m
[2.233s] [ 12%] [34m[1mGenerating C++ type support dispatch for ROS interfaces[0m
[2.234s] [ 15%] [34m[1mGenerating C++ introspection for ROS interfaces[0m
[2.234s] [ 15%] [34m[1mGenerating C++ type support for eProsima Fast-RTPS[0m
[2.297s] [ 16%] [32m[1mLinking C shared library libturtlebot3_msgs__rosidl_generator_c.so[0m
[2.327s] [ 16%] Built target turtlebot3_msgs__rosidl_generator_c
[2.336s] [ 18%] [34m[1mGenerating C introspection for ROS interfaces[0m
[2.336s] [ 18%] [34m[1mGenerating C type support dispatch for ROS interfaces[0m
[2.752s] [35m[1mScanning dependencies of target turtlebot3_msgs__rosidl_typesupport_cpp[0m
[2.769s] [ 24%] [32mBuilding CXX object CMakeFiles/turtlebot3_msgs__rosidl_typesupport_cpp.dir/rosidl_typesupport_cpp/turtlebot3_msgs/msg/custom_array__type_support.cpp.o[0m
[2.769s] [ 24%] [32mBuilding CXX object CMakeFiles/turtlebot3_msgs__rosidl_typesupport_cpp.dir/rosidl_typesupport_cpp/turtlebot3_msgs/msg/version_info__type_support.cpp.o[0m
[2.769s] [ 26%] [32mBuilding CXX object CMakeFiles/turtlebot3_msgs__rosidl_typesupport_cpp.dir/rosidl_typesupport_cpp/turtlebot3_msgs/srv/sound__type_support.cpp.o[0m
[2.769s] [ 24%] [32mBuilding CXX object CMakeFiles/turtlebot3_msgs__rosidl_typesupport_cpp.dir/rosidl_typesupport_cpp/turtlebot3_msgs/msg/sensor_state__type_support.cpp.o[0m
[2.769s] [ 26%] [32mBuilding CXX object CMakeFiles/turtlebot3_msgs__rosidl_typesupport_cpp.dir/rosidl_typesupport_cpp/turtlebot3_msgs/srv/dqn__type_support.cpp.o[0m
[2.769s] [ 27%] [32mBuilding CXX object CMakeFiles/turtlebot3_msgs__rosidl_typesupport_cpp.dir/rosidl_typesupport_cpp/turtlebot3_msgs/action/patrol__type_support.cpp.o[0m
[2.769s] [ 26%] [32mBuilding CXX object CMakeFiles/turtlebot3_msgs__rosidl_typesupport_cpp.dir/rosidl_typesupport_cpp/turtlebot3_msgs/msg/sound__type_support.cpp.o[0m
[2.938s] [35m[1mScanning dependencies of target turtlebot3_msgs__rosidl_typesupport_c[0m
[2.950s] [35m[1mScanning dependencies of target turtlebot3_msgs__rosidl_typesupport_introspection_cpp[0m
[2.959s] [ 29%] [32mBuilding CXX object CMakeFiles/turtlebot3_msgs__rosidl_typesupport_c.dir/rosidl_typesupport_c/turtlebot3_msgs/msg/sensor_state__type_support.cpp.o[0m
[2.960s] [ 30%] [32mBuilding CXX object CMakeFiles/turtlebot3_msgs__rosidl_typesupport_c.dir/rosidl_typesupport_c/turtlebot3_msgs/msg/sound__type_support.cpp.o[0m
[2.986s] [ 31%] [32mBuilding CXX object CMakeFiles/turtlebot3_msgs__rosidl_typesupport_introspection_cpp.dir/rosidl_typesupport_introspection_cpp/turtlebot3_msgs/msg/detail/sensor_state__type_support.cpp.o[0m
[3.000s] [ 32%] [32mBuilding CXX object CMakeFiles/turtlebot3_msgs__rosidl_typesupport_c.dir/rosidl_typesupport_c/turtlebot3_msgs/msg/custom_array__type_support.cpp.o[0m
[3.000s] [ 34%] [32mBuilding CXX object CMakeFiles/turtlebot3_msgs__rosidl_typesupport_c.dir/rosidl_typesupport_c/turtlebot3_msgs/msg/version_info__type_support.cpp.o[0m
[3.042s] [ 35%] [32mBuilding CXX object CMakeFiles/turtlebot3_msgs__rosidl_typesupport_c.dir/rosidl_typesupport_c/turtlebot3_msgs/srv/sound__type_support.cpp.o[0m
[3.043s] [ 36%] [32mBuilding CXX object CMakeFiles/turtlebot3_msgs__rosidl_typesupport_c.dir/rosidl_typesupport_c/turtlebot3_msgs/srv/dqn__type_support.cpp.o[0m
[3.084s] [ 37%] [32mBuilding CXX object CMakeFiles/turtlebot3_msgs__rosidl_typesupport_c.dir/rosidl_typesupport_c/turtlebot3_msgs/action/patrol__type_support.cpp.o[0m
[3.084s] [ 39%] [32mBuilding CXX object CMakeFiles/turtlebot3_msgs__rosidl_typesupport_introspection_cpp.dir/rosidl_typesupport_introspection_cpp/turtlebot3_msgs/msg/detail/sound__type_support.cpp.o[0m
[3.150s] [ 40%] [32mBuilding CXX object CMakeFiles/turtlebot3_msgs__rosidl_typesupport_introspection_cpp.dir/rosidl_typesupport_introspection_cpp/turtlebot3_msgs/msg/detail/version_info__type_support.cpp.o[0m
[3.156s] [ 41%] [32m[1mLinking CXX shared library libturtlebot3_msgs__rosidl_typesupport_c.so[0m
[3.167s] [ 43%] [32mBuilding CXX object CMakeFiles/turtlebot3_msgs__rosidl_typesupport_introspection_cpp.dir/rosidl_typesupport_introspection_cpp/turtlebot3_msgs/msg/detail/custom_array__type_support.cpp.o[0m
[3.178s] [ 44%] [32mBuilding CXX object CMakeFiles/turtlebot3_msgs__rosidl_typesupport_introspection_cpp.dir/rosidl_typesupport_introspection_cpp/turtlebot3_msgs/srv/detail/sound__type_support.cpp.o[0m
[3.180s] [ 45%] [32mBuilding CXX object CMakeFiles/turtlebot3_msgs__rosidl_typesupport_introspection_cpp.dir/rosidl_typesupport_introspection_cpp/turtlebot3_msgs/srv/detail/dqn__type_support.cpp.o[0m
[3.191s] [ 46%] [32mBuilding CXX object CMakeFiles/turtlebot3_msgs__rosidl_typesupport_introspection_cpp.dir/rosidl_typesupport_introspection_cpp/turtlebot3_msgs/action/detail/patrol__type_support.cpp.o[0m
[3.196s] [35m[1mScanning dependencies of target turtlebot3_msgs__rosidl_typesupport_fastrtps_cpp[0m
[3.232s] [ 46%] Built target turtlebot3_msgs__rosidl_typesupport_c
[3.243s] [ 48%] [32mBuilding CXX object CMakeFiles/turtlebot3_msgs__rosidl_typesupport_fastrtps_cpp.dir/rosidl_typesupport_fastrtps_cpp/turtlebot3_msgs/msg/detail/dds_fastrtps/sensor_state__type_support.cpp.o[0m
[3.245s] [ 49%] [32mBuilding CXX object CMakeFiles/turtlebot3_msgs__rosidl_typesupport_fastrtps_cpp.dir/rosidl_typesupport_fastrtps_cpp/turtlebot3_msgs/msg/detail/dds_fastrtps/sound__type_support.cpp.o[0m
[3.250s] [ 50%] [32m[1mLinking CXX shared library libturtlebot3_msgs__rosidl_typesupport_cpp.so[0m
[3.260s] [ 51%] [32mBuilding CXX object CMakeFiles/turtlebot3_msgs__rosidl_typesupport_fastrtps_cpp.dir/rosidl_typesupport_fastrtps_cpp/turtlebot3_msgs/msg/detail/dds_fastrtps/version_info__type_support.cpp.o[0m
[3.267s] [35m[1mScanning dependencies of target turtlebot3_msgs__rosidl_typesupport_introspection_c[0m
[3.296s] [ 53%] [32mBuilding C object CMakeFiles/turtlebot3_msgs__rosidl_typesupport_introspection_c.dir/rosidl_typesupport_introspection_c/turtlebot3_msgs/msg/detail/sensor_state__type_support.c.o[0m
[3.340s] [ 53%] Built target turtlebot3_msgs__rosidl_typesupport_cpp
[3.494s] [ 54%] [32mBuilding C object CMakeFiles/turtlebot3_msgs__rosidl_typesupport_introspection_c.dir/rosidl_typesupport_introspection_c/turtlebot3_msgs/msg/detail/sound__type_support.c.o[0m
[3.525s] [ 55%] [32mBuilding C object CMakeFiles/turtlebot3_msgs__rosidl_typesupport_introspection_c.dir/rosidl_typesupport_introspection_c/turtlebot3_msgs/msg/detail/version_info__type_support.c.o[0m
[3.674s] [ 56%] [32mBuilding C object CMakeFiles/turtlebot3_msgs__rosidl_typesupport_introspection_c.dir/rosidl_typesupport_introspection_c/turtlebot3_msgs/msg/detail/custom_array__type_support.c.o[0m
[3.675s] [ 58%] [32mBuilding C object CMakeFiles/turtlebot3_msgs__rosidl_typesupport_introspection_c.dir/rosidl_typesupport_introspection_c/turtlebot3_msgs/srv/detail/sound__type_support.c.o[0m
[3.684s] [ 59%] [32mBuilding C object CMakeFiles/turtlebot3_msgs__rosidl_typesupport_introspection_c.dir/rosidl_typesupport_introspection_c/turtlebot3_msgs/srv/detail/dqn__type_support.c.o[0m
[3.764s] [ 60%] [32mBuilding C object CMakeFiles/turtlebot3_msgs__rosidl_typesupport_introspection_c.dir/rosidl_typesupport_introspection_c/turtlebot3_msgs/action/detail/patrol__type_support.c.o[0m
[3.770s] [ 62%] [32mBuilding CXX object CMakeFiles/turtlebot3_msgs__rosidl_typesupport_fastrtps_cpp.dir/rosidl_typesupport_fastrtps_cpp/turtlebot3_msgs/msg/detail/dds_fastrtps/custom_array__type_support.cpp.o[0m
[3.779s] [ 63%] [32mBuilding CXX object CMakeFiles/turtlebot3_msgs__rosidl_typesupport_fastrtps_cpp.dir/rosidl_typesupport_fastrtps_cpp/turtlebot3_msgs/srv/detail/dds_fastrtps/sound__type_support.cpp.o[0m
[3.837s] [ 64%] [32mBuilding CXX object CMakeFiles/turtlebot3_msgs__rosidl_typesupport_fastrtps_cpp.dir/rosidl_typesupport_fastrtps_cpp/turtlebot3_msgs/srv/detail/dds_fastrtps/dqn__type_support.cpp.o[0m
[3.851s] [ 65%] [32m[1mLinking C shared library libturtlebot3_msgs__rosidl_typesupport_introspection_c.so[0m
[3.913s] [ 65%] Built target turtlebot3_msgs__rosidl_typesupport_introspection_c
[3.937s] [ 67%] [32mBuilding CXX object CMakeFiles/turtlebot3_msgs__rosidl_typesupport_fastrtps_cpp.dir/rosidl_typesupport_fastrtps_cpp/turtlebot3_msgs/action/detail/dds_fastrtps/patrol__type_support.cpp.o[0m
[4.042s] [ 68%] [32m[1mLinking CXX shared library libturtlebot3_msgs__rosidl_typesupport_introspection_cpp.so[0m
[4.121s] [ 68%] Built target turtlebot3_msgs__rosidl_typesupport_introspection_cpp
[4.441s] [ 69%] [32m[1mLinking CXX shared library libturtlebot3_msgs__rosidl_typesupport_fastrtps_cpp.so[0m
[4.503s] [ 69%] Built target turtlebot3_msgs__rosidl_typesupport_fastrtps_cpp
[4.511s] [ 70%] [34m[1mGenerating C type support for eProsima Fast-RTPS[0m
[5.112s] [35m[1mScanning dependencies of target turtlebot3_msgs__rosidl_typesupport_fastrtps_c[0m
[5.132s] [ 74%] [32mBuilding CXX object CMakeFiles/turtlebot3_msgs__rosidl_typesupport_fastrtps_c.dir/rosidl_typesupport_fastrtps_c/turtlebot3_msgs/srv/detail/sound__type_support_c.cpp.o[0m
[5.132s] [ 74%] [32mBuilding CXX object CMakeFiles/turtlebot3_msgs__rosidl_typesupport_fastrtps_c.dir/rosidl_typesupport_fastrtps_c/turtlebot3_msgs/msg/detail/sensor_state__type_support_c.cpp.o[0m
[5.132s] [ 75%] [32mBuilding CXX object CMakeFiles/turtlebot3_msgs__rosidl_typesupport_fastrtps_c.dir/rosidl_typesupport_fastrtps_c/turtlebot3_msgs/msg/detail/version_info__type_support_c.cpp.o[0m
[5.132s] [ 75%] [32mBuilding CXX object CMakeFiles/turtlebot3_msgs__rosidl_typesupport_fastrtps_c.dir/rosidl_typesupport_fastrtps_c/turtlebot3_msgs/srv/detail/dqn__type_support_c.cpp.o[0m
[5.133s] [ 77%] [32mBuilding CXX object CMakeFiles/turtlebot3_msgs__rosidl_typesupport_fastrtps_c.dir/rosidl_typesupport_fastrtps_c/turtlebot3_msgs/msg/detail/sound__type_support_c.cpp.o[0m
[5.133s] [ 78%] [32mBuilding CXX object CMakeFiles/turtlebot3_msgs__rosidl_typesupport_fastrtps_c.dir/rosidl_typesupport_fastrtps_c/turtlebot3_msgs/msg/detail/custom_array__type_support_c.cpp.o[0m
[5.135s] [ 79%] [32mBuilding CXX object CMakeFiles/turtlebot3_msgs__rosidl_typesupport_fastrtps_c.dir/rosidl_typesupport_fastrtps_c/turtlebot3_msgs/action/detail/patrol__type_support_c.cpp.o[0m
[5.581s] [ 81%] [32m[1mLinking CXX shared library libturtlebot3_msgs__rosidl_typesupport_fastrtps_c.so[0m
[5.642s] [ 81%] Built target turtlebot3_msgs__rosidl_typesupport_fastrtps_c
[5.649s] [35m[1mScanning dependencies of target turtlebot3_msgs[0m
[5.656s] [ 81%] Built target turtlebot3_msgs
[5.664s] [35m[1mScanning dependencies of target turtlebot3_msgs__py[0m
[5.671s] [ 82%] [34m[1mGenerating Python code for ROS interfaces[0m
[6.997s] [ 82%] Built target turtlebot3_msgs__py
[7.004s] [35m[1mScanning dependencies of target turtlebot3_msgs__python[0m
[7.025s] [ 84%] [32mBuilding C object CMakeFiles/turtlebot3_msgs__python.dir/rosidl_generator_py/turtlebot3_msgs/srv/_sound_s.c.o[0m
[7.026s] [ 84%] [32mBuilding C object CMakeFiles/turtlebot3_msgs__python.dir/rosidl_generator_py/turtlebot3_msgs/msg/_version_info_s.c.o[0m
[7.026s] [ 86%] [32mBuilding C object CMakeFiles/turtlebot3_msgs__python.dir/rosidl_generator_py/turtlebot3_msgs/action/_patrol_s.c.o[0m
[7.027s] [ 87%] [32mBuilding C object CMakeFiles/turtlebot3_msgs__python.dir/rosidl_generator_py/turtlebot3_msgs/msg/_sensor_state_s.c.o[0m
[7.027s] [ 88%] [32mBuilding C object CMakeFiles/turtlebot3_msgs__python.dir/rosidl_generator_py/turtlebot3_msgs/msg/_sound_s.c.o[0m
[7.028s] [ 89%] [32mBuilding C object CMakeFiles/turtlebot3_msgs__python.dir/rosidl_generator_py/turtlebot3_msgs/msg/_custom_array_s.c.o[0m
[7.028s] [ 91%] [32mBuilding C object CMakeFiles/turtlebot3_msgs__python.dir/rosidl_generator_py/turtlebot3_msgs/srv/_dqn_s.c.o[0m
[7.129s] [ 92%] [32m[1mLinking C shared library rosidl_generator_py/turtlebot3_msgs/libturtlebot3_msgs__python.so[0m
[7.161s] [ 92%] Built target turtlebot3_msgs__python
[7.169s] [35m[1mScanning dependencies of target turtlebot3_msgs__rosidl_typesupport_c__pyext[0m
[7.169s] [35m[1mScanning dependencies of target turtlebot3_msgs__rosidl_typesupport_introspection_c__pyext[0m
[7.169s] [35m[1mScanning dependencies of target turtlebot3_msgs__rosidl_typesupport_fastrtps_c__pyext[0m
[7.183s] [ 94%] [32mBuilding C object CMakeFiles/turtlebot3_msgs__rosidl_typesupport_c__pyext.dir/rosidl_generator_py/turtlebot3_msgs/_turtlebot3_msgs_s.ep.rosidl_typesupport_c.c.o[0m
[7.183s] [ 94%] [32mBuilding C object CMakeFiles/turtlebot3_msgs__rosidl_typesupport_introspection_c__pyext.dir/rosidl_generator_py/turtlebot3_msgs/_turtlebot3_msgs_s.ep.rosidl_typesupport_introspection_c.c.o[0m
[7.183s] [ 96%] [32mBuilding C object CMakeFiles/turtlebot3_msgs__rosidl_typesupport_fastrtps_c__pyext.dir/rosidl_generator_py/turtlebot3_msgs/_turtlebot3_msgs_s.ep.rosidl_typesupport_fastrtps_c.c.o[0m
[7.276s] [ 97%] [32m[1mLinking C shared library rosidl_generator_py/turtlebot3_msgs/turtlebot3_msgs_s__rosidl_typesupport_c.cpython-38-x86_64-linux-gnu.so[0m
[7.277s] [ 98%] [32m[1mLinking C shared library rosidl_generator_py/turtlebot3_msgs/turtlebot3_msgs_s__rosidl_typesupport_introspection_c.cpython-38-x86_64-linux-gnu.so[0m
[7.277s] [100%] [32m[1mLinking CXX shared library rosidl_generator_py/turtlebot3_msgs/turtlebot3_msgs_s__rosidl_typesupport_fastrtps_c.cpython-38-x86_64-linux-gnu.so[0m
[7.307s] [100%] Built target turtlebot3_msgs__rosidl_typesupport_introspection_c__pyext
[7.307s] [100%] Built target turtlebot3_msgs__rosidl_typesupport_c__pyext
[7.329s] [100%] Built target turtlebot3_msgs__rosidl_typesupport_fastrtps_c__pyext
[7.337s] Invoked command in '/home/hazem/turtlebot3_robot_localization_ws/build/turtlebot3_msgs' returned '0': CMAKE_PREFIX_PATH=${CMAKE_PREFIX_PATH}:/home/hazem/dev_ws/install/turtlebot_greenwich:/home/hazem/dev_ws/install/turtlebot3_teleop:/opt/ros/foxy /usr/bin/cmake --build /home/hazem/turtlebot3_robot_localization_ws/build/turtlebot3_msgs -- -j12 -l12
[7.420s] Invoking command in '/home/hazem/turtlebot3_robot_localization_ws/build/turtlebot3_msgs': CMAKE_PREFIX_PATH=${CMAKE_PREFIX_PATH}:/home/hazem/dev_ws/install/turtlebot_greenwich:/home/hazem/dev_ws/install/turtlebot3_teleop:/opt/ros/foxy /usr/bin/cmake --install /home/hazem/turtlebot3_robot_localization_ws/build/turtlebot3_msgs
[7.428s] -- Install configuration: ""
[7.429s] -- Installing: /home/hazem/turtlebot3_robot_localization_ws/install/turtlebot3_msgs/share/ament_index/resource_index/rosidl_interfaces/turtlebot3_msgs
[7.429s] -- Installing: /home/hazem/turtlebot3_robot_localization_ws/install/turtlebot3_msgs/include/turtlebot3_msgs
[7.429s] -- Installing: /home/hazem/turtlebot3_robot_localization_ws/install/turtlebot3_msgs/include/turtlebot3_msgs/srv
[7.429s] -- Installing: /home/hazem/turtlebot3_robot_localization_ws/install/turtlebot3_msgs/include/turtlebot3_msgs/srv/dqn.h
[7.429s] -- Installing: /home/hazem/turtlebot3_robot_localization_ws/install/turtlebot3_msgs/include/turtlebot3_msgs/srv/sound.h
[7.429s] -- Installing: /home/hazem/turtlebot3_robot_localization_ws/install/turtlebot3_msgs/include/turtlebot3_msgs/srv/detail
[7.429s] -- Installing: /home/hazem/turtlebot3_robot_localization_ws/install/turtlebot3_msgs/include/turtlebot3_msgs/srv/detail/dqn__functions.c
[7.429s] -- Installing: /home/hazem/turtlebot3_robot_localization_ws/install/turtlebot3_msgs/include/turtlebot3_msgs/srv/detail/sound__struct.h
[7.429s] -- Installing: /home/hazem/turtlebot3_robot_localization_ws/install/turtlebot3_msgs/include/turtlebot3_msgs/srv/detail/dqn__struct.h
[7.429s] -- Installing: /home/hazem/turtlebot3_robot_localization_ws/install/turtlebot3_msgs/include/turtlebot3_msgs/srv/detail/sound__type_support.h
[7.429s] -- Installing: /home/hazem/turtlebot3_robot_localization_ws/install/turtlebot3_msgs/include/turtlebot3_msgs/srv/detail/dqn__type_support.h
[7.429s] -- Installing: /home/hazem/turtlebot3_robot_localization_ws/install/turtlebot3_msgs/include/turtlebot3_msgs/srv/detail/sound__functions.c
[7.430s] -- Installing: /home/hazem/turtlebot3_robot_localization_ws/install/turtlebot3_msgs/include/turtlebot3_msgs/srv/detail/sound__functions.h
[7.430s] -- Installing: /home/hazem/turtlebot3_robot_localization_ws/install/turtlebot3_msgs/include/turtlebot3_msgs/srv/detail/dqn__functions.h
[7.430s] -- Installing: /home/hazem/turtlebot3_robot_localization_ws/install/turtlebot3_msgs/include/turtlebot3_msgs/action
[7.430s] -- Installing: /home/hazem/turtlebot3_robot_localization_ws/install/turtlebot3_msgs/include/turtlebot3_msgs/action/patrol.h
[7.430s] -- Installing: /home/hazem/turtlebot3_robot_localization_ws/install/turtlebot3_msgs/include/turtlebot3_msgs/action/detail
[7.430s] -- Installing: /home/hazem/turtlebot3_robot_localization_ws/install/turtlebot3_msgs/include/turtlebot3_msgs/action/detail/patrol__functions.c
[7.430s] -- Installing: /home/hazem/turtlebot3_robot_localization_ws/install/turtlebot3_msgs/include/turtlebot3_msgs/action/detail/patrol__struct.h
[7.430s] -- Installing: /home/hazem/turtlebot3_robot_localization_ws/install/turtlebot3_msgs/include/turtlebot3_msgs/action/detail/patrol__functions.h
[7.430s] -- Installing: /home/hazem/turtlebot3_robot_localization_ws/install/turtlebot3_msgs/include/turtlebot3_msgs/action/detail/patrol__type_support.h
[7.430s] -- Installing: /home/hazem/turtlebot3_robot_localization_ws/install/turtlebot3_msgs/include/turtlebot3_msgs/msg
[7.430s] -- Installing: /home/hazem/turtlebot3_robot_localization_ws/install/turtlebot3_msgs/include/turtlebot3_msgs/msg/custom_array.h
[7.430s] -- Installing: /home/hazem/turtlebot3_robot_localization_ws/install/turtlebot3_msgs/include/turtlebot3_msgs/msg/sensor_state.h
[7.430s] -- Installing: /home/hazem/turtlebot3_robot_localization_ws/install/turtlebot3_msgs/include/turtlebot3_msgs/msg/rosidl_generator_c__visibility_control.h
[7.431s] -- Installing: /home/hazem/turtlebot3_robot_localization_ws/install/turtlebot3_msgs/include/turtlebot3_msgs/msg/version_info.h
[7.431s] -- Installing: /home/hazem/turtlebot3_robot_localization_ws/install/turtlebot3_msgs/include/turtlebot3_msgs/msg/sound.h
[7.431s] -- Installing: /home/hazem/turtlebot3_robot_localization_ws/install/turtlebot3_msgs/include/turtlebot3_msgs/msg/detail
[7.431s] -- Installing: /home/hazem/turtlebot3_robot_localization_ws/install/turtlebot3_msgs/include/turtlebot3_msgs/msg/detail/version_info__struct.h
[7.431s] -- Installing: /home/hazem/turtlebot3_robot_localization_ws/install/turtlebot3_msgs/include/turtlebot3_msgs/msg/detail/custom_array__struct.h
[7.431s] -- Installing: /home/hazem/turtlebot3_robot_localization_ws/install/turtlebot3_msgs/include/turtlebot3_msgs/msg/detail/sensor_state__functions.h
[7.431s] -- Installing: /home/hazem/turtlebot3_robot_localization_ws/install/turtlebot3_msgs/include/turtlebot3_msgs/msg/detail/sound__struct.h
[7.431s] -- Installing: /home/hazem/turtlebot3_robot_localization_ws/install/turtlebot3_msgs/include/turtlebot3_msgs/msg/detail/sound__type_support.h
[7.431s] -- Installing: /home/hazem/turtlebot3_robot_localization_ws/install/turtlebot3_msgs/include/turtlebot3_msgs/msg/detail/sensor_state__functions.c
[7.431s] -- Installing: /home/hazem/turtlebot3_robot_localization_ws/install/turtlebot3_msgs/include/turtlebot3_msgs/msg/detail/version_info__functions.c
[7.431s] -- Installing: /home/hazem/turtlebot3_robot_localization_ws/install/turtlebot3_msgs/include/turtlebot3_msgs/msg/detail/version_info__functions.h
[7.431s] -- Installing: /home/hazem/turtlebot3_robot_localization_ws/install/turtlebot3_msgs/include/turtlebot3_msgs/msg/detail/sound__functions.c
[7.431s] -- Installing: /home/hazem/turtlebot3_robot_localization_ws/install/turtlebot3_msgs/include/turtlebot3_msgs/msg/detail/sound__functions.h
[7.431s] -- Installing: /home/hazem/turtlebot3_robot_localization_ws/install/turtlebot3_msgs/include/turtlebot3_msgs/msg/detail/custom_array__functions.c
[7.431s] -- Installing: /home/hazem/turtlebot3_robot_localization_ws/install/turtlebot3_msgs/include/turtlebot3_msgs/msg/detail/custom_array__functions.h
[7.432s] -- Installing: /home/hazem/turtlebot3_robot_localization_ws/install/turtlebot3_msgs/include/turtlebot3_msgs/msg/detail/sensor_state__type_support.h
[7.432s] -- Installing: /home/hazem/turtlebot3_robot_localization_ws/install/turtlebot3_msgs/include/turtlebot3_msgs/msg/detail/custom_array__type_support.h
[7.432s] -- Installing: /home/hazem/turtlebot3_robot_localization_ws/install/turtlebot3_msgs/include/turtlebot3_msgs/msg/detail/version_info__type_support.h
[7.432s] -- Installing: /home/hazem/turtlebot3_robot_localization_ws/install/turtlebot3_msgs/include/turtlebot3_msgs/msg/detail/sensor_state__struct.h
[7.432s] -- Installing: /home/hazem/turtlebot3_robot_localization_ws/install/turtlebot3_msgs/share/turtlebot3_msgs/environment/library_path.sh
[7.432s] -- Installing: /home/hazem/turtlebot3_robot_localization_ws/install/turtlebot3_msgs/share/turtlebot3_msgs/environment/library_path.dsv
[7.432s] -- Installing: /home/hazem/turtlebot3_robot_localization_ws/install/turtlebot3_msgs/lib/libturtlebot3_msgs__rosidl_generator_c.so
[7.432s] -- Set runtime path of "/home/hazem/turtlebot3_robot_localization_ws/install/turtlebot3_msgs/lib/libturtlebot3_msgs__rosidl_generator_c.so" to ""
[7.432s] -- Up-to-date: /home/hazem/turtlebot3_robot_localization_ws/install/turtlebot3_msgs/include/turtlebot3_msgs
[7.432s] -- Up-to-date: /home/hazem/turtlebot3_robot_localization_ws/install/turtlebot3_msgs/include/turtlebot3_msgs/srv
[7.433s] -- Up-to-date: /home/hazem/turtlebot3_robot_localization_ws/install/turtlebot3_msgs/include/turtlebot3_msgs/srv/detail
[7.433s] -- Installing: /home/hazem/turtlebot3_robot_localization_ws/install/turtlebot3_msgs/include/turtlebot3_msgs/srv/detail/dqn__rosidl_typesupport_fastrtps_c.h
[7.433s] -- Installing: /home/hazem/turtlebot3_robot_localization_ws/install/turtlebot3_msgs/include/turtlebot3_msgs/srv/detail/sound__rosidl_typesupport_fastrtps_c.h
[7.433s] -- Up-to-date: /home/hazem/turtlebot3_robot_localization_ws/install/turtlebot3_msgs/include/turtlebot3_msgs/action
[7.433s] -- Up-to-date: /home/hazem/turtlebot3_robot_localization_ws/install/turtlebot3_msgs/include/turtlebot3_msgs/action/detail
[7.433s] -- Installing: /home/hazem/turtlebot3_robot_localization_ws/install/turtlebot3_msgs/include/turtlebot3_msgs/action/detail/patrol__rosidl_typesupport_fastrtps_c.h
[7.433s] -- Up-to-date: /home/hazem/turtlebot3_robot_localization_ws/install/turtlebot3_msgs/include/turtlebot3_msgs/msg
[7.433s] -- Installing: /home/hazem/turtlebot3_robot_localization_ws/install/turtlebot3_msgs/include/turtlebot3_msgs/msg/rosidl_typesupport_fastrtps_c__visibility_control.h
[7.433s] -- Up-to-date: /home/hazem/turtlebot3_robot_localization_ws/install/turtlebot3_msgs/include/turtlebot3_msgs/msg/detail
[7.433s] -- Installing: /home/hazem/turtlebot3_robot_localization_ws/install/turtlebot3_msgs/include/turtlebot3_msgs/msg/detail/sensor_state__rosidl_typesupport_fastrtps_c.h
[7.433s] -- Installing: /home/hazem/turtlebot3_robot_localization_ws/install/turtlebot3_msgs/include/turtlebot3_msgs/msg/detail/version_info__rosidl_typesupport_fastrtps_c.h
[7.433s] -- Installing: /home/hazem/turtlebot3_robot_localization_ws/install/turtlebot3_msgs/include/turtlebot3_msgs/msg/detail/sound__rosidl_typesupport_fastrtps_c.h
[7.433s] -- Installing: /home/hazem/turtlebot3_robot_localization_ws/install/turtlebot3_msgs/include/turtlebot3_msgs/msg/detail/custom_array__rosidl_typesupport_fastrtps_c.h
[7.433s] -- Installing: /home/hazem/turtlebot3_robot_localization_ws/install/turtlebot3_msgs/lib/libturtlebot3_msgs__rosidl_typesupport_fastrtps_c.so
[7.433s] -- Set runtime path of "/home/hazem/turtlebot3_robot_localization_ws/install/turtlebot3_msgs/lib/libturtlebot3_msgs__rosidl_typesupport_fastrtps_c.so" to ""
[7.434s] -- Up-to-date: /home/hazem/turtlebot3_robot_localization_ws/install/turtlebot3_msgs/include/turtlebot3_msgs
[7.434s] -- Up-to-date: /home/hazem/turtlebot3_robot_localization_ws/install/turtlebot3_msgs/include/turtlebot3_msgs/srv
[7.434s] -- Up-to-date: /home/hazem/turtlebot3_robot_localization_ws/install/turtlebot3_msgs/include/turtlebot3_msgs/srv/detail
[7.434s] -- Installing: /home/hazem/turtlebot3_robot_localization_ws/install/turtlebot3_msgs/include/turtlebot3_msgs/srv/detail/dds_fastrtps
[7.434s] -- Installing: /home/hazem/turtlebot3_robot_localization_ws/install/turtlebot3_msgs/include/turtlebot3_msgs/srv/detail/sound__rosidl_typesupport_fastrtps_cpp.hpp
[7.434s] -- Installing: /home/hazem/turtlebot3_robot_localization_ws/install/turtlebot3_msgs/include/turtlebot3_msgs/srv/detail/dqn__rosidl_typesupport_fastrtps_cpp.hpp
[7.434s] -- Up-to-date: /home/hazem/turtlebot3_robot_localization_ws/install/turtlebot3_msgs/include/turtlebot3_msgs/action
[7.434s] -- Up-to-date: /home/hazem/turtlebot3_robot_localization_ws/install/turtlebot3_msgs/include/turtlebot3_msgs/action/detail
[7.434s] -- Installing: /home/hazem/turtlebot3_robot_localization_ws/install/turtlebot3_msgs/include/turtlebot3_msgs/action/detail/dds_fastrtps
[7.434s] -- Installing: /home/hazem/turtlebot3_robot_localization_ws/install/turtlebot3_msgs/include/turtlebot3_msgs/action/detail/patrol__rosidl_typesupport_fastrtps_cpp.hpp
[7.434s] -- Up-to-date: /home/hazem/turtlebot3_robot_localization_ws/install/turtlebot3_msgs/include/turtlebot3_msgs/msg
[7.434s] -- Installing: /home/hazem/turtlebot3_robot_localization_ws/install/turtlebot3_msgs/include/turtlebot3_msgs/msg/rosidl_typesupport_fastrtps_cpp__visibility_control.h
[7.434s] -- Up-to-date: /home/hazem/turtlebot3_robot_localization_ws/install/turtlebot3_msgs/include/turtlebot3_msgs/msg/detail
[7.435s] -- Installing: /home/hazem/turtlebot3_robot_localization_ws/install/turtlebot3_msgs/include/turtlebot3_msgs/msg/detail/dds_fastrtps
[7.435s] -- Installing: /home/hazem/turtlebot3_robot_localization_ws/install/turtlebot3_msgs/include/turtlebot3_msgs/msg/detail/sound__rosidl_typesupport_fastrtps_cpp.hpp
[7.435s] -- Installing: /home/hazem/turtlebot3_robot_localization_ws/install/turtlebot3_msgs/include/turtlebot3_msgs/msg/detail/custom_array__rosidl_typesupport_fastrtps_cpp.hpp
[7.435s] -- Installing: /home/hazem/turtlebot3_robot_localization_ws/install/turtlebot3_msgs/include/turtlebot3_msgs/msg/detail/version_info__rosidl_typesupport_fastrtps_cpp.hpp
[7.435s] -- Installing: /home/hazem/turtlebot3_robot_localization_ws/install/turtlebot3_msgs/include/turtlebot3_msgs/msg/detail/sensor_state__rosidl_typesupport_fastrtps_cpp.hpp
[7.435s] -- Installing: /home/hazem/turtlebot3_robot_localization_ws/install/turtlebot3_msgs/lib/libturtlebot3_msgs__rosidl_typesupport_fastrtps_cpp.so
[7.435s] -- Set runtime path of "/home/hazem/turtlebot3_robot_localization_ws/install/turtlebot3_msgs/lib/libturtlebot3_msgs__rosidl_typesupport_fastrtps_cpp.so" to ""
[7.435s] -- Up-to-date: /home/hazem/turtlebot3_robot_localization_ws/install/turtlebot3_msgs/include/turtlebot3_msgs
[7.435s] -- Up-to-date: /home/hazem/turtlebot3_robot_localization_ws/install/turtlebot3_msgs/include/turtlebot3_msgs/srv
[7.435s] -- Up-to-date: /home/hazem/turtlebot3_robot_localization_ws/install/turtlebot3_msgs/include/turtlebot3_msgs/srv/detail
[7.435s] -- Installing: /home/hazem/turtlebot3_robot_localization_ws/install/turtlebot3_msgs/include/turtlebot3_msgs/srv/detail/sound__type_support.c
[7.435s] -- Installing: /home/hazem/turtlebot3_robot_localization_ws/install/turtlebot3_msgs/include/turtlebot3_msgs/srv/detail/dqn__type_support.c
[7.435s] -- Installing: /home/hazem/turtlebot3_robot_localization_ws/install/turtlebot3_msgs/include/turtlebot3_msgs/srv/detail/sound__rosidl_typesupport_introspection_c.h
[7.435s] -- Installing: /home/hazem/turtlebot3_robot_localization_ws/install/turtlebot3_msgs/include/turtlebot3_msgs/srv/detail/dqn__rosidl_typesupport_introspection_c.h
[7.436s] -- Up-to-date: /home/hazem/turtlebot3_robot_localization_ws/install/turtlebot3_msgs/include/turtlebot3_msgs/action
[7.436s] -- Up-to-date: /home/hazem/turtlebot3_robot_localization_ws/install/turtlebot3_msgs/include/turtlebot3_msgs/action/detail
[7.436s] -- Installing: /home/hazem/turtlebot3_robot_localization_ws/install/turtlebot3_msgs/include/turtlebot3_msgs/action/detail/patrol__rosidl_typesupport_introspection_c.h
[7.436s] -- Installing: /home/hazem/turtlebot3_robot_localization_ws/install/turtlebot3_msgs/include/turtlebot3_msgs/action/detail/patrol__type_support.c
[7.436s] -- Up-to-date: /home/hazem/turtlebot3_robot_localization_ws/install/turtlebot3_msgs/include/turtlebot3_msgs/msg
[7.436s] -- Installing: /home/hazem/turtlebot3_robot_localization_ws/install/turtlebot3_msgs/include/turtlebot3_msgs/msg/rosidl_typesupport_introspection_c__visibility_control.h
[7.436s] -- Up-to-date: /home/hazem/turtlebot3_robot_localization_ws/install/turtlebot3_msgs/include/turtlebot3_msgs/msg/detail
[7.436s] -- Installing: /home/hazem/turtlebot3_robot_localization_ws/install/turtlebot3_msgs/include/turtlebot3_msgs/msg/detail/sensor_state__rosidl_typesupport_introspection_c.h
[7.436s] -- Installing: /home/hazem/turtlebot3_robot_localization_ws/install/turtlebot3_msgs/include/turtlebot3_msgs/msg/detail/sound__type_support.c
[7.436s] -- Installing: /home/hazem/turtlebot3_robot_localization_ws/install/turtlebot3_msgs/include/turtlebot3_msgs/msg/detail/version_info__type_support.c
[7.436s] -- Installing: /home/hazem/turtlebot3_robot_localization_ws/install/turtlebot3_msgs/include/turtlebot3_msgs/msg/detail/custom_array__rosidl_typesupport_introspection_c.h
[7.436s] -- Installing: /home/hazem/turtlebot3_robot_localization_ws/install/turtlebot3_msgs/include/turtlebot3_msgs/msg/detail/sensor_state__type_support.c
[7.436s] -- Installing: /home/hazem/turtlebot3_robot_localization_ws/install/turtlebot3_msgs/include/turtlebot3_msgs/msg/detail/version_info__rosidl_typesupport_introspection_c.h
[7.436s] -- Installing: /home/hazem/turtlebot3_robot_localization_ws/install/turtlebot3_msgs/include/turtlebot3_msgs/msg/detail/sound__rosidl_typesupport_introspection_c.h
[7.436s] -- Installing: /home/hazem/turtlebot3_robot_localization_ws/install/turtlebot3_msgs/include/turtlebot3_msgs/msg/detail/custom_array__type_support.c
[7.436s] -- Installing: /home/hazem/turtlebot3_robot_localization_ws/install/turtlebot3_msgs/lib/libturtlebot3_msgs__rosidl_typesupport_introspection_c.so
[7.436s] -- Set runtime path of "/home/hazem/turtlebot3_robot_localization_ws/install/turtlebot3_msgs/lib/libturtlebot3_msgs__rosidl_typesupport_introspection_c.so" to ""
[7.437s] -- Installing: /home/hazem/turtlebot3_robot_localization_ws/install/turtlebot3_msgs/lib/libturtlebot3_msgs__rosidl_typesupport_c.so
[7.437s] -- Set runtime path of "/home/hazem/turtlebot3_robot_localization_ws/install/turtlebot3_msgs/lib/libturtlebot3_msgs__rosidl_typesupport_c.so" to ""
[7.437s] -- Up-to-date: /home/hazem/turtlebot3_robot_localization_ws/install/turtlebot3_msgs/include/turtlebot3_msgs
[7.437s] -- Up-to-date: /home/hazem/turtlebot3_robot_localization_ws/install/turtlebot3_msgs/include/turtlebot3_msgs/srv
[7.437s] -- Installing: /home/hazem/turtlebot3_robot_localization_ws/install/turtlebot3_msgs/include/turtlebot3_msgs/srv/sound.hpp
[7.437s] -- Installing: /home/hazem/turtlebot3_robot_localization_ws/install/turtlebot3_msgs/include/turtlebot3_msgs/srv/dqn.hpp
[7.437s] -- Up-to-date: /home/hazem/turtlebot3_robot_localization_ws/install/turtlebot3_msgs/include/turtlebot3_msgs/srv/detail
[7.437s] -- Installing: /home/hazem/turtlebot3_robot_localization_ws/install/turtlebot3_msgs/include/turtlebot3_msgs/srv/detail/dqn__struct.hpp
[7.437s] -- Installing: /home/hazem/turtlebot3_robot_localization_ws/install/turtlebot3_msgs/include/turtlebot3_msgs/srv/detail/sound__traits.hpp
[7.437s] -- Installing: /home/hazem/turtlebot3_robot_localization_ws/install/turtlebot3_msgs/include/turtlebot3_msgs/srv/detail/dqn__builder.hpp
[7.437s] -- Installing: /home/hazem/turtlebot3_robot_localization_ws/install/turtlebot3_msgs/include/turtlebot3_msgs/srv/detail/dqn__traits.hpp
[7.437s] -- Installing: /home/hazem/turtlebot3_robot_localization_ws/install/turtlebot3_msgs/include/turtlebot3_msgs/srv/detail/sound__builder.hpp
[7.438s] -- Installing: /home/hazem/turtlebot3_robot_localization_ws/install/turtlebot3_msgs/include/turtlebot3_msgs/srv/detail/sound__struct.hpp
[7.438s] -- Up-to-date: /home/hazem/turtlebot3_robot_localization_ws/install/turtlebot3_msgs/include/turtlebot3_msgs/action
[7.438s] -- Installing: /home/hazem/turtlebot3_robot_localization_ws/install/turtlebot3_msgs/include/turtlebot3_msgs/action/patrol.hpp
[7.438s] -- Up-to-date: /home/hazem/turtlebot3_robot_localization_ws/install/turtlebot3_msgs/include/turtlebot3_msgs/action/detail
[7.438s] -- Installing: /home/hazem/turtlebot3_robot_localization_ws/install/turtlebot3_msgs/include/turtlebot3_msgs/action/detail/patrol__struct.hpp
[7.438s] -- Installing: /home/hazem/turtlebot3_robot_localization_ws/install/turtlebot3_msgs/include/turtlebot3_msgs/action/detail/patrol__builder.hpp
[7.438s] -- Installing: /home/hazem/turtlebot3_robot_localization_ws/install/turtlebot3_msgs/include/turtlebot3_msgs/action/detail/patrol__traits.hpp
[7.438s] -- Up-to-date: /home/hazem/turtlebot3_robot_localization_ws/install/turtlebot3_msgs/include/turtlebot3_msgs/msg
[7.438s] -- Installing: /home/hazem/turtlebot3_robot_localization_ws/install/turtlebot3_msgs/include/turtlebot3_msgs/msg/custom_array.hpp
[7.438s] -- Installing: /home/hazem/turtlebot3_robot_localization_ws/install/turtlebot3_msgs/include/turtlebot3_msgs/msg/sound.hpp
[7.438s] -- Installing: /home/hazem/turtlebot3_robot_localization_ws/install/turtlebot3_msgs/include/turtlebot3_msgs/msg/version_info.hpp
[7.438s] -- Installing: /home/hazem/turtlebot3_robot_localization_ws/install/turtlebot3_msgs/include/turtlebot3_msgs/msg/sensor_state.hpp
[7.438s] -- Up-to-date: /home/hazem/turtlebot3_robot_localization_ws/install/turtlebot3_msgs/include/turtlebot3_msgs/msg/detail
[7.438s] -- Installing: /home/hazem/turtlebot3_robot_localization_ws/install/turtlebot3_msgs/include/turtlebot3_msgs/msg/detail/version_info__traits.hpp
[7.438s] -- Installing: /home/hazem/turtlebot3_robot_localization_ws/install/turtlebot3_msgs/include/turtlebot3_msgs/msg/detail/sensor_state__struct.hpp
[7.439s] -- Installing: /home/hazem/turtlebot3_robot_localization_ws/install/turtlebot3_msgs/include/turtlebot3_msgs/msg/detail/sound__traits.hpp
[7.439s] -- Installing: /home/hazem/turtlebot3_robot_localization_ws/install/turtlebot3_msgs/include/turtlebot3_msgs/msg/detail/sensor_state__builder.hpp
[7.439s] -- Installing: /home/hazem/turtlebot3_robot_localization_ws/install/turtlebot3_msgs/include/turtlebot3_msgs/msg/detail/sound__builder.hpp
[7.439s] -- Installing: /home/hazem/turtlebot3_robot_localization_ws/install/turtlebot3_msgs/include/turtlebot3_msgs/msg/detail/sound__struct.hpp
[7.439s] -- Installing: /home/hazem/turtlebot3_robot_localization_ws/install/turtlebot3_msgs/include/turtlebot3_msgs/msg/detail/custom_array__struct.hpp
[7.439s] -- Installing: /home/hazem/turtlebot3_robot_localization_ws/install/turtlebot3_msgs/include/turtlebot3_msgs/msg/detail/sensor_state__traits.hpp
[7.439s] -- Installing: /home/hazem/turtlebot3_robot_localization_ws/install/turtlebot3_msgs/include/turtlebot3_msgs/msg/detail/custom_array__traits.hpp
[7.439s] -- Installing: /home/hazem/turtlebot3_robot_localization_ws/install/turtlebot3_msgs/include/turtlebot3_msgs/msg/detail/version_info__builder.hpp
[7.439s] -- Installing: /home/hazem/turtlebot3_robot_localization_ws/install/turtlebot3_msgs/include/turtlebot3_msgs/msg/detail/custom_array__builder.hpp
[7.439s] -- Installing: /home/hazem/turtlebot3_robot_localization_ws/install/turtlebot3_msgs/include/turtlebot3_msgs/msg/detail/version_info__struct.hpp
[7.439s] -- Up-to-date: /home/hazem/turtlebot3_robot_localization_ws/install/turtlebot3_msgs/include/turtlebot3_msgs
[7.439s] -- Up-to-date: /home/hazem/turtlebot3_robot_localization_ws/install/turtlebot3_msgs/include/turtlebot3_msgs/srv
[7.439s] -- Up-to-date: /home/hazem/turtlebot3_robot_localization_ws/install/turtlebot3_msgs/include/turtlebot3_msgs/srv/detail
[7.439s] -- Installing: /home/hazem/turtlebot3_robot_localization_ws/install/turtlebot3_msgs/include/turtlebot3_msgs/srv/detail/sound__rosidl_typesupport_introspection_cpp.hpp
[7.439s] -- Installing: /home/hazem/turtlebot3_robot_localization_ws/install/turtlebot3_msgs/include/turtlebot3_msgs/srv/detail/dqn__type_support.cpp
[7.439s] -- Installing: /home/hazem/turtlebot3_robot_localization_ws/install/turtlebot3_msgs/include/turtlebot3_msgs/srv/detail/dqn__rosidl_typesupport_introspection_cpp.hpp
[7.440s] -- Installing: /home/hazem/turtlebot3_robot_localization_ws/install/turtlebot3_msgs/include/turtlebot3_msgs/srv/detail/sound__type_support.cpp
[7.440s] -- Up-to-date: /home/hazem/turtlebot3_robot_localization_ws/install/turtlebot3_msgs/include/turtlebot3_msgs/action
[7.440s] -- Up-to-date: /home/hazem/turtlebot3_robot_localization_ws/install/turtlebot3_msgs/include/turtlebot3_msgs/action/detail
[7.440s] -- Installing: /home/hazem/turtlebot3_robot_localization_ws/install/turtlebot3_msgs/include/turtlebot3_msgs/action/detail/patrol__rosidl_typesupport_introspection_cpp.hpp
[7.440s] -- Installing: /home/hazem/turtlebot3_robot_localization_ws/install/turtlebot3_msgs/include/turtlebot3_msgs/action/detail/patrol__type_support.cpp
[7.440s] -- Up-to-date: /home/hazem/turtlebot3_robot_localization_ws/install/turtlebot3_msgs/include/turtlebot3_msgs/msg
[7.440s] -- Up-to-date: /home/hazem/turtlebot3_robot_localization_ws/install/turtlebot3_msgs/include/turtlebot3_msgs/msg/detail
[7.440s] -- Installing: /home/hazem/turtlebot3_robot_localization_ws/install/turtlebot3_msgs/include/turtlebot3_msgs/msg/detail/version_info__rosidl_typesupport_introspection_cpp.hpp
[7.440s] -- Installing: /home/hazem/turtlebot3_robot_localization_ws/install/turtlebot3_msgs/include/turtlebot3_msgs/msg/detail/sensor_state__rosidl_typesupport_introspection_cpp.hpp
[7.440s] -- Installing: /home/hazem/turtlebot3_robot_localization_ws/install/turtlebot3_msgs/include/turtlebot3_msgs/msg/detail/sound__rosidl_typesupport_introspection_cpp.hpp
[7.440s] -- Installing: /home/hazem/turtlebot3_robot_localization_ws/install/turtlebot3_msgs/include/turtlebot3_msgs/msg/detail/version_info__type_support.cpp
[7.440s] -- Installing: /home/hazem/turtlebot3_robot_localization_ws/install/turtlebot3_msgs/include/turtlebot3_msgs/msg/detail/sensor_state__type_support.cpp
[7.440s] -- Installing: /home/hazem/turtlebot3_robot_localization_ws/install/turtlebot3_msgs/include/turtlebot3_msgs/msg/detail/custom_array__rosidl_typesupport_introspection_cpp.hpp
[7.440s] -- Installing: /home/hazem/turtlebot3_robot_localization_ws/install/turtlebot3_msgs/include/turtlebot3_msgs/msg/detail/custom_array__type_support.cpp
[7.440s] -- Installing: /home/hazem/turtlebot3_robot_localization_ws/install/turtlebot3_msgs/include/turtlebot3_msgs/msg/detail/sound__type_support.cpp
[7.440s] -- Installing: /home/hazem/turtlebot3_robot_localization_ws/install/turtlebot3_msgs/lib/libturtlebot3_msgs__rosidl_typesupport_introspection_cpp.so
[7.440s] -- Set runtime path of "/home/hazem/turtlebot3_robot_localization_ws/install/turtlebot3_msgs/lib/libturtlebot3_msgs__rosidl_typesupport_introspection_cpp.so" to ""
[7.440s] -- Installing: /home/hazem/turtlebot3_robot_localization_ws/install/turtlebot3_msgs/lib/libturtlebot3_msgs__rosidl_typesupport_cpp.so
[7.440s] -- Set runtime path of "/home/hazem/turtlebot3_robot_localization_ws/install/turtlebot3_msgs/lib/libturtlebot3_msgs__rosidl_typesupport_cpp.so" to ""
[7.441s] -- Installing: /home/hazem/turtlebot3_robot_localization_ws/install/turtlebot3_msgs/share/turtlebot3_msgs/environment/pythonpath.sh
[7.441s] -- Installing: /home/hazem/turtlebot3_robot_localization_ws/install/turtlebot3_msgs/share/turtlebot3_msgs/environment/pythonpath.dsv
[7.441s] -- Installing: /home/hazem/turtlebot3_robot_localization_ws/install/turtlebot3_msgs/lib/python3.8/site-packages/turtlebot3_msgs/__init__.py
[7.465s] Compiling '/home/hazem/turtlebot3_robot_localization_ws/install/turtlebot3_msgs/lib/python3.8/site-packages/turtlebot3_msgs/__init__.py'...
[7.468s] -- Installing: /home/hazem/turtlebot3_robot_localization_ws/install/turtlebot3_msgs/lib/python3.8/site-packages/turtlebot3_msgs/msg
[7.468s] -- Installing: /home/hazem/turtlebot3_robot_localization_ws/install/turtlebot3_msgs/lib/python3.8/site-packages/turtlebot3_msgs/msg/_version_info.py
[7.468s] -- Installing: /home/hazem/turtlebot3_robot_localization_ws/install/turtlebot3_msgs/lib/python3.8/site-packages/turtlebot3_msgs/msg/_sensor_state_s.c
[7.468s] -- Installing: /home/hazem/turtlebot3_robot_localization_ws/install/turtlebot3_msgs/lib/python3.8/site-packages/turtlebot3_msgs/msg/_sensor_state.py
[7.468s] -- Installing: /home/hazem/turtlebot3_robot_localization_ws/install/turtlebot3_msgs/lib/python3.8/site-packages/turtlebot3_msgs/msg/_sound.py
[7.468s] -- Installing: /home/hazem/turtlebot3_robot_localization_ws/install/turtlebot3_msgs/lib/python3.8/site-packages/turtlebot3_msgs/msg/_custom_array.py
[7.468s] -- Installing: /home/hazem/turtlebot3_robot_localization_ws/install/turtlebot3_msgs/lib/python3.8/site-packages/turtlebot3_msgs/msg/__init__.py
[7.468s] -- Installing: /home/hazem/turtlebot3_robot_localization_ws/install/turtlebot3_msgs/lib/python3.8/site-packages/turtlebot3_msgs/msg/_version_info_s.c
[7.468s] -- Installing: /home/hazem/turtlebot3_robot_localization_ws/install/turtlebot3_msgs/lib/python3.8/site-packages/turtlebot3_msgs/msg/_sound_s.c
[7.469s] -- Installing: /home/hazem/turtlebot3_robot_localization_ws/install/turtlebot3_msgs/lib/python3.8/site-packages/turtlebot3_msgs/msg/_custom_array_s.c
[7.469s] -- Installing: /home/hazem/turtlebot3_robot_localization_ws/install/turtlebot3_msgs/lib/python3.8/site-packages/turtlebot3_msgs/srv
[7.469s] -- Installing: /home/hazem/turtlebot3_robot_localization_ws/install/turtlebot3_msgs/lib/python3.8/site-packages/turtlebot3_msgs/srv/_dqn.py
[7.469s] -- Installing: /home/hazem/turtlebot3_robot_localization_ws/install/turtlebot3_msgs/lib/python3.8/site-packages/turtlebot3_msgs/srv/_sound.py
[7.469s] -- Installing: /home/hazem/turtlebot3_robot_localization_ws/install/turtlebot3_msgs/lib/python3.8/site-packages/turtlebot3_msgs/srv/__init__.py
[7.469s] -- Installing: /home/hazem/turtlebot3_robot_localization_ws/install/turtlebot3_msgs/lib/python3.8/site-packages/turtlebot3_msgs/srv/_sound_s.c
[7.469s] -- Installing: /home/hazem/turtlebot3_robot_localization_ws/install/turtlebot3_msgs/lib/python3.8/site-packages/turtlebot3_msgs/srv/_dqn_s.c
[7.469s] -- Installing: /home/hazem/turtlebot3_robot_localization_ws/install/turtlebot3_msgs/lib/python3.8/site-packages/turtlebot3_msgs/action
[7.469s] -- Installing: /home/hazem/turtlebot3_robot_localization_ws/install/turtlebot3_msgs/lib/python3.8/site-packages/turtlebot3_msgs/action/_patrol_s.c
[7.469s] -- Installing: /home/hazem/turtlebot3_robot_localization_ws/install/turtlebot3_msgs/lib/python3.8/site-packages/turtlebot3_msgs/action/__init__.py
[7.469s] -- Installing: /home/hazem/turtlebot3_robot_localization_ws/install/turtlebot3_msgs/lib/python3.8/site-packages/turtlebot3_msgs/action/_patrol.py
[7.469s] -- Installing: /home/hazem/turtlebot3_robot_localization_ws/install/turtlebot3_msgs/lib/python3.8/site-packages/turtlebot3_msgs/turtlebot3_msgs_s__rosidl_typesupport_fastrtps_c.cpython-38-x86_64-linux-gnu.so
[7.470s] -- Set runtime path of "/home/hazem/turtlebot3_robot_localization_ws/install/turtlebot3_msgs/lib/python3.8/site-packages/turtlebot3_msgs/turtlebot3_msgs_s__rosidl_typesupport_fastrtps_c.cpython-38-x86_64-linux-gnu.so" to ""
[7.470s] -- Installing: /home/hazem/turtlebot3_robot_localization_ws/install/turtlebot3_msgs/lib/python3.8/site-packages/turtlebot3_msgs/turtlebot3_msgs_s__rosidl_typesupport_introspection_c.cpython-38-x86_64-linux-gnu.so
[7.470s] -- Set runtime path of "/home/hazem/turtlebot3_robot_localization_ws/install/turtlebot3_msgs/lib/python3.8/site-packages/turtlebot3_msgs/turtlebot3_msgs_s__rosidl_typesupport_introspection_c.cpython-38-x86_64-linux-gnu.so" to ""
[7.471s] -- Installing: /home/hazem/turtlebot3_robot_localization_ws/install/turtlebot3_msgs/lib/python3.8/site-packages/turtlebot3_msgs/turtlebot3_msgs_s__rosidl_typesupport_c.cpython-38-x86_64-linux-gnu.so
[7.471s] -- Set runtime path of "/home/hazem/turtlebot3_robot_localization_ws/install/turtlebot3_msgs/lib/python3.8/site-packages/turtlebot3_msgs/turtlebot3_msgs_s__rosidl_typesupport_c.cpython-38-x86_64-linux-gnu.so" to ""
[7.471s] -- Installing: /home/hazem/turtlebot3_robot_localization_ws/install/turtlebot3_msgs/lib/libturtlebot3_msgs__python.so
[7.471s] -- Set runtime path of "/home/hazem/turtlebot3_robot_localization_ws/install/turtlebot3_msgs/lib/libturtlebot3_msgs__python.so" to ""
[7.471s] -- Installing: /home/hazem/turtlebot3_robot_localization_ws/install/turtlebot3_msgs/share/turtlebot3_msgs/msg/SensorState.idl
[7.471s] -- Installing: /home/hazem/turtlebot3_robot_localization_ws/install/turtlebot3_msgs/share/turtlebot3_msgs/msg/Sound.idl
[7.472s] -- Installing: /home/hazem/turtlebot3_robot_localization_ws/install/turtlebot3_msgs/share/turtlebot3_msgs/msg/VersionInfo.idl
[7.472s] -- Installing: /home/hazem/turtlebot3_robot_localization_ws/install/turtlebot3_msgs/share/turtlebot3_msgs/msg/CustomArray.idl
[7.472s] -- Installing: /home/hazem/turtlebot3_robot_localization_ws/install/turtlebot3_msgs/share/turtlebot3_msgs/srv/Sound.idl
[7.472s] -- Installing: /home/hazem/turtlebot3_robot_localization_ws/install/turtlebot3_msgs/share/turtlebot3_msgs/srv/Dqn.idl
[7.472s] -- Installing: /home/hazem/turtlebot3_robot_localization_ws/install/turtlebot3_msgs/share/turtlebot3_msgs/action/Patrol.idl
[7.472s] -- Installing: /home/hazem/turtlebot3_robot_localization_ws/install/turtlebot3_msgs/share/turtlebot3_msgs/msg/SensorState.msg
[7.472s] -- Installing: /home/hazem/turtlebot3_robot_localization_ws/install/turtlebot3_msgs/share/turtlebot3_msgs/msg/Sound.msg
[7.472s] -- Installing: /home/hazem/turtlebot3_robot_localization_ws/install/turtlebot3_msgs/share/turtlebot3_msgs/msg/VersionInfo.msg
[7.472s] -- Installing: /home/hazem/turtlebot3_robot_localization_ws/install/turtlebot3_msgs/share/turtlebot3_msgs/msg/CustomArray.msg
[7.472s] -- Installing: /home/hazem/turtlebot3_robot_localization_ws/install/turtlebot3_msgs/share/turtlebot3_msgs/srv/Sound.srv
[7.473s] -- Installing: /home/hazem/turtlebot3_robot_localization_ws/install/turtlebot3_msgs/share/turtlebot3_msgs/srv/Sound_Request.msg
[7.473s] -- Installing: /home/hazem/turtlebot3_robot_localization_ws/install/turtlebot3_msgs/share/turtlebot3_msgs/srv/Sound_Response.msg
[7.473s] -- Installing: /home/hazem/turtlebot3_robot_localization_ws/install/turtlebot3_msgs/share/turtlebot3_msgs/srv/Dqn.srv
[7.473s] -- Installing: /home/hazem/turtlebot3_robot_localization_ws/install/turtlebot3_msgs/share/turtlebot3_msgs/srv/Dqn_Request.msg
[7.473s] -- Installing: /home/hazem/turtlebot3_robot_localization_ws/install/turtlebot3_msgs/share/turtlebot3_msgs/srv/Dqn_Response.msg
[7.473s] -- Installing: /home/hazem/turtlebot3_robot_localization_ws/install/turtlebot3_msgs/share/turtlebot3_msgs/action/Patrol.action
[7.473s] -- Installing: /home/hazem/turtlebot3_robot_localization_ws/install/turtlebot3_msgs/share/ament_index/resource_index/package_run_dependencies/turtlebot3_msgs
[7.473s] -- Installing: /home/hazem/turtlebot3_robot_localization_ws/install/turtlebot3_msgs/share/ament_index/resource_index/parent_prefix_path/turtlebot3_msgs
[7.473s] -- Installing: /home/hazem/turtlebot3_robot_localization_ws/install/turtlebot3_msgs/share/turtlebot3_msgs/environment/ament_prefix_path.sh
[7.473s] -- Installing: /home/hazem/turtlebot3_robot_localization_ws/install/turtlebot3_msgs/share/turtlebot3_msgs/environment/ament_prefix_path.dsv
[7.474s] -- Installing: /home/hazem/turtlebot3_robot_localization_ws/install/turtlebot3_msgs/share/turtlebot3_msgs/environment/path.sh
[7.474s] -- Installing: /home/hazem/turtlebot3_robot_localization_ws/install/turtlebot3_msgs/share/turtlebot3_msgs/environment/path.dsv
[7.474s] -- Installing: /home/hazem/turtlebot3_robot_localization_ws/install/turtlebot3_msgs/share/turtlebot3_msgs/local_setup.bash
[7.474s] -- Installing: /home/hazem/turtlebot3_robot_localization_ws/install/turtlebot3_msgs/share/turtlebot3_msgs/local_setup.sh
[7.474s] -- Installing: /home/hazem/turtlebot3_robot_localization_ws/install/turtlebot3_msgs/share/turtlebot3_msgs/local_setup.zsh
[7.474s] -- Installing: /home/hazem/turtlebot3_robot_localization_ws/install/turtlebot3_msgs/share/turtlebot3_msgs/local_setup.dsv
[7.474s] -- Installing: /home/hazem/turtlebot3_robot_localization_ws/install/turtlebot3_msgs/share/turtlebot3_msgs/package.dsv
[7.474s] -- Installing: /home/hazem/turtlebot3_robot_localization_ws/install/turtlebot3_msgs/share/ament_index/resource_index/packages/turtlebot3_msgs
[7.474s] -- Installing: /home/hazem/turtlebot3_robot_localization_ws/install/turtlebot3_msgs/share/turtlebot3_msgs/cmake/turtlebot3_msgs__rosidl_generator_cExport.cmake
[7.475s] -- Installing: /home/hazem/turtlebot3_robot_localization_ws/install/turtlebot3_msgs/share/turtlebot3_msgs/cmake/turtlebot3_msgs__rosidl_generator_cExport-noconfig.cmake
[7.475s] -- Installing: /home/hazem/turtlebot3_robot_localization_ws/install/turtlebot3_msgs/share/turtlebot3_msgs/cmake/turtlebot3_msgs__rosidl_typesupport_introspection_cExport.cmake
[7.475s] -- Installing: /home/hazem/turtlebot3_robot_localization_ws/install/turtlebot3_msgs/share/turtlebot3_msgs/cmake/turtlebot3_msgs__rosidl_typesupport_introspection_cExport-noconfig.cmake
[7.475s] -- Installing: /home/hazem/turtlebot3_robot_localization_ws/install/turtlebot3_msgs/share/turtlebot3_msgs/cmake/turtlebot3_msgs__rosidl_typesupport_cExport.cmake
[7.475s] -- Installing: /home/hazem/turtlebot3_robot_localization_ws/install/turtlebot3_msgs/share/turtlebot3_msgs/cmake/turtlebot3_msgs__rosidl_typesupport_cExport-noconfig.cmake
[7.475s] -- Installing: /home/hazem/turtlebot3_robot_localization_ws/install/turtlebot3_msgs/share/turtlebot3_msgs/cmake/turtlebot3_msgs__rosidl_generator_cppExport.cmake
[7.475s] -- Installing: /home/hazem/turtlebot3_robot_localization_ws/install/turtlebot3_msgs/share/turtlebot3_msgs/cmake/turtlebot3_msgs__rosidl_typesupport_introspection_cppExport.cmake
[7.475s] -- Installing: /home/hazem/turtlebot3_robot_localization_ws/install/turtlebot3_msgs/share/turtlebot3_msgs/cmake/turtlebot3_msgs__rosidl_typesupport_introspection_cppExport-noconfig.cmake
[7.476s] -- Installing: /home/hazem/turtlebot3_robot_localization_ws/install/turtlebot3_msgs/share/turtlebot3_msgs/cmake/turtlebot3_msgs__rosidl_typesupport_cppExport.cmake
[7.476s] -- Installing: /home/hazem/turtlebot3_robot_localization_ws/install/turtlebot3_msgs/share/turtlebot3_msgs/cmake/turtlebot3_msgs__rosidl_typesupport_cppExport-noconfig.cmake
[7.476s] -- Installing: /home/hazem/turtlebot3_robot_localization_ws/install/turtlebot3_msgs/share/turtlebot3_msgs/cmake/rosidl_cmake-extras.cmake
[7.476s] -- Installing: /home/hazem/turtlebot3_robot_localization_ws/install/turtlebot3_msgs/share/turtlebot3_msgs/cmake/ament_cmake_export_dependencies-extras.cmake
[7.476s] -- Installing: /home/hazem/turtlebot3_robot_localization_ws/install/turtlebot3_msgs/share/turtlebot3_msgs/cmake/ament_cmake_export_libraries-extras.cmake
[7.476s] -- Installing: /home/hazem/turtlebot3_robot_localization_ws/install/turtlebot3_msgs/share/turtlebot3_msgs/cmake/ament_cmake_export_targets-extras.cmake
[7.476s] -- Installing: /home/hazem/turtlebot3_robot_localization_ws/install/turtlebot3_msgs/share/turtlebot3_msgs/cmake/ament_cmake_export_include_directories-extras.cmake
[7.476s] -- Installing: /home/hazem/turtlebot3_robot_localization_ws/install/turtlebot3_msgs/share/turtlebot3_msgs/cmake/rosidl_cmake_export_typesupport_libraries-extras.cmake
[7.476s] -- Installing: /home/hazem/turtlebot3_robot_localization_ws/install/turtlebot3_msgs/share/turtlebot3_msgs/cmake/rosidl_cmake_export_typesupport_targets-extras.cmake
[7.476s] -- Installing: /home/hazem/turtlebot3_robot_localization_ws/install/turtlebot3_msgs/share/turtlebot3_msgs/cmake/turtlebot3_msgsConfig.cmake
[7.476s] -- Installing: /home/hazem/turtlebot3_robot_localization_ws/install/turtlebot3_msgs/share/turtlebot3_msgs/cmake/turtlebot3_msgsConfig-version.cmake
[7.477s] -- Installing: /home/hazem/turtlebot3_robot_localization_ws/install/turtlebot3_msgs/share/turtlebot3_msgs/package.xml
[7.486s] Invoked command in '/home/hazem/turtlebot3_robot_localization_ws/build/turtlebot3_msgs' returned '0': CMAKE_PREFIX_PATH=${CMAKE_PREFIX_PATH}:/home/hazem/dev_ws/install/turtlebot_greenwich:/home/hazem/dev_ws/install/turtlebot3_teleop:/opt/ros/foxy /usr/bin/cmake --install /home/hazem/turtlebot3_robot_localization_ws/build/turtlebot3_msgs
