[0.016s] Invoking command in '/home/hazem/turtlebot3_robot_localization_ws/build/turtlebot3_gazebo': AMENT_PREFIX_PATH=/home/hazem/turtlebot3_robot_localization_ws/install/turtlebot3:/home/hazem/turtlebot3_robot_localization_ws/install/turtlebot3_bringup:/home/hazem/turtlebot3_robot_localization_ws/install/turtlebot3_node:/home/hazem/turtlebot3_robot_localization_ws/install/turtlebot3_example:/home/hazem/turtlebot3_robot_localization_ws/install/turtlebot3_teleop:/home/hazem/turtlebot3_robot_localization_ws/install/turtlebot3_navigation2:/home/hazem/turtlebot3_robot_localization_ws/install/turtlebot3_msgs:/home/hazem/turtlebot3_robot_localization_ws/install/turtlebot3_description:${AMENT_PREFIX_PATH} CMAKE_PREFIX_PATH=/home/hazem/turtlebot3_robot_localization_ws/install/turtlebot3:/home/hazem/turtlebot3_robot_localization_ws/install/turtlebot3_bringup:/home/hazem/turtlebot3_robot_localization_ws/install/turtlebot3_node:/home/hazem/turtlebot3_robot_localization_ws/install/turtlebot3_navigation2:/home/hazem/turtlebot3_robot_localization_ws/install/turtlebot3_msgs:/home/hazem/turtlebot3_robot_localization_ws/install/turtlebot3_description:/home/hazem/dev_ws/install/turtlesim:/home/hazem/dev_ws/install/turtlebot3_simulations:/home/hazem/dev_ws/install/turtlebot3_navigation2:/home/hazem/dev_ws/install/turtlebot3_fake_node:/home/hazem/dev_ws/install/turtlebot3_msgs:/home/hazem/dev_ws/install/turtlebot3_gazebo:/home/hazem/dev_ws/install/turtlebot3_description:/home/hazem/dev_ws/install/turtlebot3_cartographer:/home/hazem/dev_ws/install/trajectory_generation:/home/hazem/dev_ws/install/rviz_imu_plugin:/home/hazem/dev_ws/install/my_package:/home/hazem/dev_ws/install/mobile_robot:/home/hazem/dev_ws/install/imu_filter_madgwick:/home/hazem/dev_ws/install/dynamixel_sdk:/home/hazem/dev_ws/install/cpp_pubsub:/home/hazem/dev_ws/install/ROS2-Trajectory-Generation:/home/hazem/dev_ws/install/turtlebot_greenwich:/home/hazem/dev_ws/install/turtlebot3_teleop:/opt/ros/foxy LD_LIBRARY_PATH=/home/hazem/turtlebot3_robot_localization_ws/install/turtlebot3_msgs/lib:${LD_LIBRARY_PATH} PYTHONPATH=/home/hazem/turtlebot3_robot_localization_ws/install/turtlebot3_example/lib/python3.8/site-packages:/home/hazem/turtlebot3_robot_localization_ws/install/turtlebot3_teleop/lib/python3.8/site-packages:/home/hazem/turtlebot3_robot_localization_ws/install/turtlebot3_msgs/lib/python3.8/site-packages:${PYTHONPATH} /usr/bin/cmake /home/hazem/turtlebot3_robot_localization_ws/src/turtlebot3_simulations/turtlebot3_gazebo -DCMAKE_INSTALL_PREFIX=/home/hazem/turtlebot3_robot_localization_ws/install/turtlebot3_gazebo
[0.053s] -- The C compiler identification is GNU 9.4.0
[0.092s] -- The CXX compiler identification is GNU 9.4.0
[0.096s] -- Check for working C compiler: /usr/bin/cc
[0.143s] -- Check for working C compiler: /usr/bin/cc -- works
[0.144s] -- Detecting C compiler ABI info
[0.191s] -- Detecting C compiler ABI info - done
[0.200s] -- Detecting C compile features
[0.201s] -- Detecting C compile features - done
[0.202s] -- Check for working CXX compiler: /usr/bin/c++
[0.257s] -- Check for working CXX compiler: /usr/bin/c++ -- works
[0.258s] -- Detecting CXX compiler ABI info
[0.317s] -- Detecting CXX compiler ABI info - done
[0.328s] -- Detecting CXX compile features
[0.329s] -- Detecting CXX compile features - done
[0.331s] -- Found ament_cmake: 0.9.9 (/opt/ros/foxy/share/ament_cmake/cmake)
[0.355s] -- Found PythonInterp: /usr/bin/python3 (found suitable version "3.8.10", minimum required is "3") 
[0.356s] -- Using PYTHON_EXECUTABLE: /usr/bin/python3
[0.525s] -- Found gazebo_ros_pkgs: 3.5.3 (/opt/ros/foxy/share/gazebo_ros_pkgs/cmake)
[0.527s] -- Found geometry_msgs: 2.0.5 (/opt/ros/foxy/share/geometry_msgs/cmake)
[0.558s] -- Using all available rosidl_typesupport_c: rosidl_typesupport_fastrtps_c;rosidl_typesupport_introspection_c
[0.566s] -- Found rosidl_adapter: 1.2.1 (/opt/ros/foxy/share/rosidl_adapter/cmake)
[0.625s] -- Found OpenSSL: /usr/lib/x86_64-linux-gnu/libcrypto.so (found version "1.1.1f")  
[0.647s] -- Found FastRTPS: /opt/ros/foxy/include  
[0.713s] -- Using all available rosidl_typesupport_cpp: rosidl_typesupport_fastrtps_cpp;rosidl_typesupport_introspection_cpp
[0.783s] -- Found nav_msgs: 2.0.5 (/opt/ros/foxy/share/nav_msgs/cmake)
[0.842s] -- Found rclcpp: 2.4.1 (/opt/ros/foxy/share/rclcpp/cmake)
[0.884s] -- Found rmw_implementation_cmake: 1.0.3 (/opt/ros/foxy/share/rmw_implementation_cmake/cmake)
[0.886s] -- Using RMW implementation 'rmw_fastrtps_cpp' as default
[0.887s] -- Looking for pthread.h
[0.935s] -- Looking for pthread.h - found
[0.936s] -- Performing Test CMAKE_HAVE_LIBC_PTHREAD
[0.987s] -- Performing Test CMAKE_HAVE_LIBC_PTHREAD - Failed
[0.987s] -- Looking for pthread_create in pthreads
[1.027s] -- Looking for pthread_create in pthreads - not found
[1.027s] -- Looking for pthread_create in pthread
[1.078s] -- Looking for pthread_create in pthread - found
[1.079s] -- Found Threads: TRUE  
[1.194s] -- Found sensor_msgs: 2.0.5 (/opt/ros/foxy/share/sensor_msgs/cmake)
[1.250s] -- Found tf2: 0.13.13 (/opt/ros/foxy/share/tf2/cmake)
[1.258s] -- Found turtlebot3: 2.1.1 (/home/hazem/turtlebot3_robot_localization_ws/install/turtlebot3/share/turtlebot3/cmake)
[1.308s] -- Configuring done
[1.315s] -- Generating done
[1.316s] -- Build files have been written to: /home/hazem/turtlebot3_robot_localization_ws/build/turtlebot3_gazebo
[1.322s] Invoked command in '/home/hazem/turtlebot3_robot_localization_ws/build/turtlebot3_gazebo' returned '0': AMENT_PREFIX_PATH=/home/hazem/turtlebot3_robot_localization_ws/install/turtlebot3:/home/hazem/turtlebot3_robot_localization_ws/install/turtlebot3_bringup:/home/hazem/turtlebot3_robot_localization_ws/install/turtlebot3_node:/home/hazem/turtlebot3_robot_localization_ws/install/turtlebot3_example:/home/hazem/turtlebot3_robot_localization_ws/install/turtlebot3_teleop:/home/hazem/turtlebot3_robot_localization_ws/install/turtlebot3_navigation2:/home/hazem/turtlebot3_robot_localization_ws/install/turtlebot3_msgs:/home/hazem/turtlebot3_robot_localization_ws/install/turtlebot3_description:${AMENT_PREFIX_PATH} CMAKE_PREFIX_PATH=/home/hazem/turtlebot3_robot_localization_ws/install/turtlebot3:/home/hazem/turtlebot3_robot_localization_ws/install/turtlebot3_bringup:/home/hazem/turtlebot3_robot_localization_ws/install/turtlebot3_node:/home/hazem/turtlebot3_robot_localization_ws/install/turtlebot3_navigation2:/home/hazem/turtlebot3_robot_localization_ws/install/turtlebot3_msgs:/home/hazem/turtlebot3_robot_localization_ws/install/turtlebot3_description:/home/hazem/dev_ws/install/turtlesim:/home/hazem/dev_ws/install/turtlebot3_simulations:/home/hazem/dev_ws/install/turtlebot3_navigation2:/home/hazem/dev_ws/install/turtlebot3_fake_node:/home/hazem/dev_ws/install/turtlebot3_msgs:/home/hazem/dev_ws/install/turtlebot3_gazebo:/home/hazem/dev_ws/install/turtlebot3_description:/home/hazem/dev_ws/install/turtlebot3_cartographer:/home/hazem/dev_ws/install/trajectory_generation:/home/hazem/dev_ws/install/rviz_imu_plugin:/home/hazem/dev_ws/install/my_package:/home/hazem/dev_ws/install/mobile_robot:/home/hazem/dev_ws/install/imu_filter_madgwick:/home/hazem/dev_ws/install/dynamixel_sdk:/home/hazem/dev_ws/install/cpp_pubsub:/home/hazem/dev_ws/install/ROS2-Trajectory-Generation:/home/hazem/dev_ws/install/turtlebot_greenwich:/home/hazem/dev_ws/install/turtlebot3_teleop:/opt/ros/foxy LD_LIBRARY_PATH=/home/hazem/turtlebot3_robot_localization_ws/install/turtlebot3_msgs/lib:${LD_LIBRARY_PATH} PYTHONPATH=/home/hazem/turtlebot3_robot_localization_ws/install/turtlebot3_example/lib/python3.8/site-packages:/home/hazem/turtlebot3_robot_localization_ws/install/turtlebot3_teleop/lib/python3.8/site-packages:/home/hazem/turtlebot3_robot_localization_ws/install/turtlebot3_msgs/lib/python3.8/site-packages:${PYTHONPATH} /usr/bin/cmake /home/hazem/turtlebot3_robot_localization_ws/src/turtlebot3_simulations/turtlebot3_gazebo -DCMAKE_INSTALL_PREFIX=/home/hazem/turtlebot3_robot_localization_ws/install/turtlebot3_gazebo
[1.324s] Invoking command in '/home/hazem/turtlebot3_robot_localization_ws/build/turtlebot3_gazebo': AMENT_PREFIX_PATH=/home/hazem/turtlebot3_robot_localization_ws/install/turtlebot3:/home/hazem/turtlebot3_robot_localization_ws/install/turtlebot3_bringup:/home/hazem/turtlebot3_robot_localization_ws/install/turtlebot3_node:/home/hazem/turtlebot3_robot_localization_ws/install/turtlebot3_example:/home/hazem/turtlebot3_robot_localization_ws/install/turtlebot3_teleop:/home/hazem/turtlebot3_robot_localization_ws/install/turtlebot3_navigation2:/home/hazem/turtlebot3_robot_localization_ws/install/turtlebot3_msgs:/home/hazem/turtlebot3_robot_localization_ws/install/turtlebot3_description:${AMENT_PREFIX_PATH} CMAKE_PREFIX_PATH=/home/hazem/turtlebot3_robot_localization_ws/install/turtlebot3:/home/hazem/turtlebot3_robot_localization_ws/install/turtlebot3_bringup:/home/hazem/turtlebot3_robot_localization_ws/install/turtlebot3_node:/home/hazem/turtlebot3_robot_localization_ws/install/turtlebot3_navigation2:/home/hazem/turtlebot3_robot_localization_ws/install/turtlebot3_msgs:/home/hazem/turtlebot3_robot_localization_ws/install/turtlebot3_description:/home/hazem/dev_ws/install/turtlesim:/home/hazem/dev_ws/install/turtlebot3_simulations:/home/hazem/dev_ws/install/turtlebot3_navigation2:/home/hazem/dev_ws/install/turtlebot3_fake_node:/home/hazem/dev_ws/install/turtlebot3_msgs:/home/hazem/dev_ws/install/turtlebot3_gazebo:/home/hazem/dev_ws/install/turtlebot3_description:/home/hazem/dev_ws/install/turtlebot3_cartographer:/home/hazem/dev_ws/install/trajectory_generation:/home/hazem/dev_ws/install/rviz_imu_plugin:/home/hazem/dev_ws/install/my_package:/home/hazem/dev_ws/install/mobile_robot:/home/hazem/dev_ws/install/imu_filter_madgwick:/home/hazem/dev_ws/install/dynamixel_sdk:/home/hazem/dev_ws/install/cpp_pubsub:/home/hazem/dev_ws/install/ROS2-Trajectory-Generation:/home/hazem/dev_ws/install/turtlebot_greenwich:/home/hazem/dev_ws/install/turtlebot3_teleop:/opt/ros/foxy LD_LIBRARY_PATH=/home/hazem/turtlebot3_robot_localization_ws/install/turtlebot3_msgs/lib:${LD_LIBRARY_PATH} PYTHONPATH=/home/hazem/turtlebot3_robot_localization_ws/install/turtlebot3_example/lib/python3.8/site-packages:/home/hazem/turtlebot3_robot_localization_ws/install/turtlebot3_teleop/lib/python3.8/site-packages:/home/hazem/turtlebot3_robot_localization_ws/install/turtlebot3_msgs/lib/python3.8/site-packages:${PYTHONPATH} /usr/bin/cmake --build /home/hazem/turtlebot3_robot_localization_ws/build/turtlebot3_gazebo -- -j12 -l12
[1.352s] [35m[1mScanning dependencies of target turtlebot3_drive[0m
[1.380s] [ 50%] [32mBuilding CXX object CMakeFiles/turtlebot3_drive.dir/src/turtlebot3_drive.cpp.o[0m
[6.388s] [100%] [32m[1mLinking CXX executable turtlebot3_drive[0m
[6.599s] [100%] Built target turtlebot3_drive
[6.608s] Invoked command in '/home/hazem/turtlebot3_robot_localization_ws/build/turtlebot3_gazebo' returned '0': AMENT_PREFIX_PATH=/home/hazem/turtlebot3_robot_localization_ws/install/turtlebot3:/home/hazem/turtlebot3_robot_localization_ws/install/turtlebot3_bringup:/home/hazem/turtlebot3_robot_localization_ws/install/turtlebot3_node:/home/hazem/turtlebot3_robot_localization_ws/install/turtlebot3_example:/home/hazem/turtlebot3_robot_localization_ws/install/turtlebot3_teleop:/home/hazem/turtlebot3_robot_localization_ws/install/turtlebot3_navigation2:/home/hazem/turtlebot3_robot_localization_ws/install/turtlebot3_msgs:/home/hazem/turtlebot3_robot_localization_ws/install/turtlebot3_description:${AMENT_PREFIX_PATH} CMAKE_PREFIX_PATH=/home/hazem/turtlebot3_robot_localization_ws/install/turtlebot3:/home/hazem/turtlebot3_robot_localization_ws/install/turtlebot3_bringup:/home/hazem/turtlebot3_robot_localization_ws/install/turtlebot3_node:/home/hazem/turtlebot3_robot_localization_ws/install/turtlebot3_navigation2:/home/hazem/turtlebot3_robot_localization_ws/install/turtlebot3_msgs:/home/hazem/turtlebot3_robot_localization_ws/install/turtlebot3_description:/home/hazem/dev_ws/install/turtlesim:/home/hazem/dev_ws/install/turtlebot3_simulations:/home/hazem/dev_ws/install/turtlebot3_navigation2:/home/hazem/dev_ws/install/turtlebot3_fake_node:/home/hazem/dev_ws/install/turtlebot3_msgs:/home/hazem/dev_ws/install/turtlebot3_gazebo:/home/hazem/dev_ws/install/turtlebot3_description:/home/hazem/dev_ws/install/turtlebot3_cartographer:/home/hazem/dev_ws/install/trajectory_generation:/home/hazem/dev_ws/install/rviz_imu_plugin:/home/hazem/dev_ws/install/my_package:/home/hazem/dev_ws/install/mobile_robot:/home/hazem/dev_ws/install/imu_filter_madgwick:/home/hazem/dev_ws/install/dynamixel_sdk:/home/hazem/dev_ws/install/cpp_pubsub:/home/hazem/dev_ws/install/ROS2-Trajectory-Generation:/home/hazem/dev_ws/install/turtlebot_greenwich:/home/hazem/dev_ws/install/turtlebot3_teleop:/opt/ros/foxy LD_LIBRARY_PATH=/home/hazem/turtlebot3_robot_localization_ws/install/turtlebot3_msgs/lib:${LD_LIBRARY_PATH} PYTHONPATH=/home/hazem/turtlebot3_robot_localization_ws/install/turtlebot3_example/lib/python3.8/site-packages:/home/hazem/turtlebot3_robot_localization_ws/install/turtlebot3_teleop/lib/python3.8/site-packages:/home/hazem/turtlebot3_robot_localization_ws/install/turtlebot3_msgs/lib/python3.8/site-packages:${PYTHONPATH} /usr/bin/cmake --build /home/hazem/turtlebot3_robot_localization_ws/build/turtlebot3_gazebo -- -j12 -l12
[6.625s] Invoking command in '/home/hazem/turtlebot3_robot_localization_ws/build/turtlebot3_gazebo': AMENT_PREFIX_PATH=/home/hazem/turtlebot3_robot_localization_ws/install/turtlebot3:/home/hazem/turtlebot3_robot_localization_ws/install/turtlebot3_bringup:/home/hazem/turtlebot3_robot_localization_ws/install/turtlebot3_node:/home/hazem/turtlebot3_robot_localization_ws/install/turtlebot3_example:/home/hazem/turtlebot3_robot_localization_ws/install/turtlebot3_teleop:/home/hazem/turtlebot3_robot_localization_ws/install/turtlebot3_navigation2:/home/hazem/turtlebot3_robot_localization_ws/install/turtlebot3_msgs:/home/hazem/turtlebot3_robot_localization_ws/install/turtlebot3_description:${AMENT_PREFIX_PATH} CMAKE_PREFIX_PATH=/home/hazem/turtlebot3_robot_localization_ws/install/turtlebot3:/home/hazem/turtlebot3_robot_localization_ws/install/turtlebot3_bringup:/home/hazem/turtlebot3_robot_localization_ws/install/turtlebot3_node:/home/hazem/turtlebot3_robot_localization_ws/install/turtlebot3_navigation2:/home/hazem/turtlebot3_robot_localization_ws/install/turtlebot3_msgs:/home/hazem/turtlebot3_robot_localization_ws/install/turtlebot3_description:/home/hazem/dev_ws/install/turtlesim:/home/hazem/dev_ws/install/turtlebot3_simulations:/home/hazem/dev_ws/install/turtlebot3_navigation2:/home/hazem/dev_ws/install/turtlebot3_fake_node:/home/hazem/dev_ws/install/turtlebot3_msgs:/home/hazem/dev_ws/install/turtlebot3_gazebo:/home/hazem/dev_ws/install/turtlebot3_description:/home/hazem/dev_ws/install/turtlebot3_cartographer:/home/hazem/dev_ws/install/trajectory_generation:/home/hazem/dev_ws/install/rviz_imu_plugin:/home/hazem/dev_ws/install/my_package:/home/hazem/dev_ws/install/mobile_robot:/home/hazem/dev_ws/install/imu_filter_madgwick:/home/hazem/dev_ws/install/dynamixel_sdk:/home/hazem/dev_ws/install/cpp_pubsub:/home/hazem/dev_ws/install/ROS2-Trajectory-Generation:/home/hazem/dev_ws/install/turtlebot_greenwich:/home/hazem/dev_ws/install/turtlebot3_teleop:/opt/ros/foxy LD_LIBRARY_PATH=/home/hazem/turtlebot3_robot_localization_ws/install/turtlebot3_msgs/lib:${LD_LIBRARY_PATH} PYTHONPATH=/home/hazem/turtlebot3_robot_localization_ws/install/turtlebot3_example/lib/python3.8/site-packages:/home/hazem/turtlebot3_robot_localization_ws/install/turtlebot3_teleop/lib/python3.8/site-packages:/home/hazem/turtlebot3_robot_localization_ws/install/turtlebot3_msgs/lib/python3.8/site-packages:${PYTHONPATH} /usr/bin/cmake --install /home/hazem/turtlebot3_robot_localization_ws/build/turtlebot3_gazebo
[6.632s] -- Install configuration: ""
[6.632s] -- Installing: /home/hazem/turtlebot3_robot_localization_ws/install/turtlebot3_gazebo/lib/turtlebot3_gazebo/turtlebot3_drive
[6.633s] -- Set runtime path of "/home/hazem/turtlebot3_robot_localization_ws/install/turtlebot3_gazebo/lib/turtlebot3_gazebo/turtlebot3_drive" to ""
[6.633s] -- Installing: /home/hazem/turtlebot3_robot_localization_ws/install/turtlebot3_gazebo/share/turtlebot3_gazebo//launch
[6.634s] -- Installing: /home/hazem/turtlebot3_robot_localization_ws/install/turtlebot3_gazebo/share/turtlebot3_gazebo//launch/turtlebot3_dqn_stage2.launch.py
[6.634s] -- Installing: /home/hazem/turtlebot3_robot_localization_ws/install/turtlebot3_gazebo/share/turtlebot3_gazebo//launch/turtlebot3_house.launch.py
[6.634s] -- Installing: /home/hazem/turtlebot3_robot_localization_ws/install/turtlebot3_gazebo/share/turtlebot3_gazebo//launch/turtlebot3_dqn_stage1.launch.py
[6.634s] -- Installing: /home/hazem/turtlebot3_robot_localization_ws/install/turtlebot3_gazebo/share/turtlebot3_gazebo//launch/empty_world.launch.py
[6.634s] -- Installing: /home/hazem/turtlebot3_robot_localization_ws/install/turtlebot3_gazebo/share/turtlebot3_gazebo//launch/turtlebot3_world.launch.py
[6.634s] -- Installing: /home/hazem/turtlebot3_robot_localization_ws/install/turtlebot3_gazebo/share/turtlebot3_gazebo//launch/turtlebot3_autorace.launch.py
[6.634s] -- Installing: /home/hazem/turtlebot3_robot_localization_ws/install/turtlebot3_gazebo/share/turtlebot3_gazebo//launch/turtlebot3_dqn_stage4.launch.py
[6.634s] -- Installing: /home/hazem/turtlebot3_robot_localization_ws/install/turtlebot3_gazebo/share/turtlebot3_gazebo//launch/robot_state_publisher.launch.py
[6.634s] -- Installing: /home/hazem/turtlebot3_robot_localization_ws/install/turtlebot3_gazebo/share/turtlebot3_gazebo//launch/turtlebot3_dqn_stage3.launch.py
[6.634s] -- Installing: /home/hazem/turtlebot3_robot_localization_ws/install/turtlebot3_gazebo/share/turtlebot3_gazebo//models
[6.634s] -- Installing: /home/hazem/turtlebot3_robot_localization_ws/install/turtlebot3_gazebo/share/turtlebot3_gazebo//models/turtlebot3_dqn_world
[6.634s] -- Installing: /home/hazem/turtlebot3_robot_localization_ws/install/turtlebot3_gazebo/share/turtlebot3_gazebo//models/turtlebot3_dqn_world/obstacle2
[6.635s] -- Installing: /home/hazem/turtlebot3_robot_localization_ws/install/turtlebot3_gazebo/share/turtlebot3_gazebo//models/turtlebot3_dqn_world/obstacle2/model.config
[6.635s] -- Installing: /home/hazem/turtlebot3_robot_localization_ws/install/turtlebot3_gazebo/share/turtlebot3_gazebo//models/turtlebot3_dqn_world/obstacle2/model.sdf
[6.635s] -- Installing: /home/hazem/turtlebot3_robot_localization_ws/install/turtlebot3_gazebo/share/turtlebot3_gazebo//models/turtlebot3_dqn_world/inner_walls
[6.635s] -- Installing: /home/hazem/turtlebot3_robot_localization_ws/install/turtlebot3_gazebo/share/turtlebot3_gazebo//models/turtlebot3_dqn_world/inner_walls/model.config
[6.635s] -- Installing: /home/hazem/turtlebot3_robot_localization_ws/install/turtlebot3_gazebo/share/turtlebot3_gazebo//models/turtlebot3_dqn_world/inner_walls/model.sdf
[6.635s] -- Installing: /home/hazem/turtlebot3_robot_localization_ws/install/turtlebot3_gazebo/share/turtlebot3_gazebo//models/turtlebot3_dqn_world/obstacles
[6.635s] -- Installing: /home/hazem/turtlebot3_robot_localization_ws/install/turtlebot3_gazebo/share/turtlebot3_gazebo//models/turtlebot3_dqn_world/obstacles/model.config
[6.635s] -- Installing: /home/hazem/turtlebot3_robot_localization_ws/install/turtlebot3_gazebo/share/turtlebot3_gazebo//models/turtlebot3_dqn_world/obstacles/model.sdf
[6.635s] -- Installing: /home/hazem/turtlebot3_robot_localization_ws/install/turtlebot3_gazebo/share/turtlebot3_gazebo//models/turtlebot3_dqn_world/goal_box
[6.635s] -- Installing: /home/hazem/turtlebot3_robot_localization_ws/install/turtlebot3_gazebo/share/turtlebot3_gazebo//models/turtlebot3_dqn_world/goal_box/model.config
[6.635s] -- Installing: /home/hazem/turtlebot3_robot_localization_ws/install/turtlebot3_gazebo/share/turtlebot3_gazebo//models/turtlebot3_dqn_world/goal_box/model.sdf
[6.635s] -- Installing: /home/hazem/turtlebot3_robot_localization_ws/install/turtlebot3_gazebo/share/turtlebot3_gazebo//models/turtlebot3_dqn_world/obstacle_plugin
[6.635s] -- Installing: /home/hazem/turtlebot3_robot_localization_ws/install/turtlebot3_gazebo/share/turtlebot3_gazebo//models/turtlebot3_dqn_world/obstacle_plugin/build
[6.635s] -- Installing: /home/hazem/turtlebot3_robot_localization_ws/install/turtlebot3_gazebo/share/turtlebot3_gazebo//models/turtlebot3_dqn_world/obstacle_plugin/build/libobstacle2.so
[6.635s] -- Installing: /home/hazem/turtlebot3_robot_localization_ws/install/turtlebot3_gazebo/share/turtlebot3_gazebo//models/turtlebot3_dqn_world/obstacle_plugin/build/libobstacles.so
[6.635s] -- Installing: /home/hazem/turtlebot3_robot_localization_ws/install/turtlebot3_gazebo/share/turtlebot3_gazebo//models/turtlebot3_dqn_world/obstacle_plugin/build/libobstacle1.so
[6.636s] -- Installing: /home/hazem/turtlebot3_robot_localization_ws/install/turtlebot3_gazebo/share/turtlebot3_gazebo//models/turtlebot3_dqn_world/obstacle_plugin/obstacles.cc
[6.636s] -- Installing: /home/hazem/turtlebot3_robot_localization_ws/install/turtlebot3_gazebo/share/turtlebot3_gazebo//models/turtlebot3_dqn_world/obstacle_plugin/obstacle1.cc
[6.636s] -- Installing: /home/hazem/turtlebot3_robot_localization_ws/install/turtlebot3_gazebo/share/turtlebot3_gazebo//models/turtlebot3_dqn_world/obstacle_plugin/CMakeLists.txt
[6.636s] -- Installing: /home/hazem/turtlebot3_robot_localization_ws/install/turtlebot3_gazebo/share/turtlebot3_gazebo//models/turtlebot3_dqn_world/obstacle_plugin/obstacle2.cc
[6.636s] -- Installing: /home/hazem/turtlebot3_robot_localization_ws/install/turtlebot3_gazebo/share/turtlebot3_gazebo//models/turtlebot3_dqn_world/model.config
[6.636s] -- Installing: /home/hazem/turtlebot3_robot_localization_ws/install/turtlebot3_gazebo/share/turtlebot3_gazebo//models/turtlebot3_dqn_world/obstacle1
[6.636s] -- Installing: /home/hazem/turtlebot3_robot_localization_ws/install/turtlebot3_gazebo/share/turtlebot3_gazebo//models/turtlebot3_dqn_world/obstacle1/model.config
[6.636s] -- Installing: /home/hazem/turtlebot3_robot_localization_ws/install/turtlebot3_gazebo/share/turtlebot3_gazebo//models/turtlebot3_dqn_world/obstacle1/model.sdf
[6.636s] -- Installing: /home/hazem/turtlebot3_robot_localization_ws/install/turtlebot3_gazebo/share/turtlebot3_gazebo//models/turtlebot3_dqn_world/model.sdf
[6.636s] -- Installing: /home/hazem/turtlebot3_robot_localization_ws/install/turtlebot3_gazebo/share/turtlebot3_gazebo//models/turtlebot3_waffle
[6.636s] -- Installing: /home/hazem/turtlebot3_robot_localization_ws/install/turtlebot3_gazebo/share/turtlebot3_gazebo//models/turtlebot3_waffle/model.config
[6.636s] -- Installing: /home/hazem/turtlebot3_robot_localization_ws/install/turtlebot3_gazebo/share/turtlebot3_gazebo//models/turtlebot3_waffle/model_old.sdf
[6.636s] -- Installing: /home/hazem/turtlebot3_robot_localization_ws/install/turtlebot3_gazebo/share/turtlebot3_gazebo//models/turtlebot3_waffle/meshes
[6.636s] -- Installing: /home/hazem/turtlebot3_robot_localization_ws/install/turtlebot3_gazebo/share/turtlebot3_gazebo//models/turtlebot3_waffle/meshes/lds.dae
[6.637s] -- Installing: /home/hazem/turtlebot3_robot_localization_ws/install/turtlebot3_gazebo/share/turtlebot3_gazebo//models/turtlebot3_waffle/meshes/tire.dae
[6.637s] -- Installing: /home/hazem/turtlebot3_robot_localization_ws/install/turtlebot3_gazebo/share/turtlebot3_gazebo//models/turtlebot3_waffle/meshes/waffle_base.dae
[6.637s] -- Installing: /home/hazem/turtlebot3_robot_localization_ws/install/turtlebot3_gazebo/share/turtlebot3_gazebo//models/turtlebot3_waffle/meshes/r200.dae
[6.637s] -- Installing: /home/hazem/turtlebot3_robot_localization_ws/install/turtlebot3_gazebo/share/turtlebot3_gazebo//models/turtlebot3_waffle/model.sdf
[6.637s] -- Installing: /home/hazem/turtlebot3_robot_localization_ws/install/turtlebot3_gazebo/share/turtlebot3_gazebo//models/turtlebot3_waffle_pi
[6.637s] -- Installing: /home/hazem/turtlebot3_robot_localization_ws/install/turtlebot3_gazebo/share/turtlebot3_gazebo//models/turtlebot3_waffle_pi/model-1_4_.sdf
[6.637s] -- Installing: /home/hazem/turtlebot3_robot_localization_ws/install/turtlebot3_gazebo/share/turtlebot3_gazebo//models/turtlebot3_waffle_pi/model.config
[6.637s] -- Installing: /home/hazem/turtlebot3_robot_localization_ws/install/turtlebot3_gazebo/share/turtlebot3_gazebo//models/turtlebot3_waffle_pi/meshes
[6.637s] -- Installing: /home/hazem/turtlebot3_robot_localization_ws/install/turtlebot3_gazebo/share/turtlebot3_gazebo//models/turtlebot3_waffle_pi/meshes/waffle_pi_base.dae
[6.637s] -- Installing: /home/hazem/turtlebot3_robot_localization_ws/install/turtlebot3_gazebo/share/turtlebot3_gazebo//models/turtlebot3_waffle_pi/meshes/lds.dae
[6.637s] -- Installing: /home/hazem/turtlebot3_robot_localization_ws/install/turtlebot3_gazebo/share/turtlebot3_gazebo//models/turtlebot3_waffle_pi/meshes/tire.dae
[6.637s] -- Installing: /home/hazem/turtlebot3_robot_localization_ws/install/turtlebot3_gazebo/share/turtlebot3_gazebo//models/turtlebot3_waffle_pi/model.sdf
[6.637s] -- Installing: /home/hazem/turtlebot3_robot_localization_ws/install/turtlebot3_gazebo/share/turtlebot3_gazebo//models/turtlebot3_burger
[6.637s] -- Installing: /home/hazem/turtlebot3_robot_localization_ws/install/turtlebot3_gazebo/share/turtlebot3_gazebo//models/turtlebot3_burger/model.config
[6.637s] -- Installing: /home/hazem/turtlebot3_robot_localization_ws/install/turtlebot3_gazebo/share/turtlebot3_gazebo//models/turtlebot3_burger/model-1_4.sdf
[6.638s] -- Installing: /home/hazem/turtlebot3_robot_localization_ws/install/turtlebot3_gazebo/share/turtlebot3_gazebo//models/turtlebot3_burger/meshes
[6.638s] -- Installing: /home/hazem/turtlebot3_robot_localization_ws/install/turtlebot3_gazebo/share/turtlebot3_gazebo//models/turtlebot3_burger/meshes/burger_base.dae
[6.638s] -- Installing: /home/hazem/turtlebot3_robot_localization_ws/install/turtlebot3_gazebo/share/turtlebot3_gazebo//models/turtlebot3_burger/meshes/lds.dae
[6.638s] -- Installing: /home/hazem/turtlebot3_robot_localization_ws/install/turtlebot3_gazebo/share/turtlebot3_gazebo//models/turtlebot3_burger/meshes/tire.dae
[6.638s] -- Installing: /home/hazem/turtlebot3_robot_localization_ws/install/turtlebot3_gazebo/share/turtlebot3_gazebo//models/turtlebot3_burger/model.sdf
[6.638s] -- Installing: /home/hazem/turtlebot3_robot_localization_ws/install/turtlebot3_gazebo/share/turtlebot3_gazebo//models/turtlebot3_autorace
[6.638s] -- Installing: /home/hazem/turtlebot3_robot_localization_ws/install/turtlebot3_gazebo/share/turtlebot3_gazebo//models/turtlebot3_autorace/lights
[6.638s] -- Installing: /home/hazem/turtlebot3_robot_localization_ws/install/turtlebot3_gazebo/share/turtlebot3_gazebo//models/turtlebot3_autorace/lights/model.config
[6.638s] -- Installing: /home/hazem/turtlebot3_robot_localization_ws/install/turtlebot3_gazebo/share/turtlebot3_gazebo//models/turtlebot3_autorace/lights/model.sdf
[6.638s] -- Installing: /home/hazem/turtlebot3_robot_localization_ws/install/turtlebot3_gazebo/share/turtlebot3_gazebo//models/turtlebot3_autorace/traffic_light_yellow
[6.638s] -- Installing: /home/hazem/turtlebot3_robot_localization_ws/install/turtlebot3_gazebo/share/turtlebot3_gazebo//models/turtlebot3_autorace/traffic_light_yellow/model.config
[6.638s] -- Installing: /home/hazem/turtlebot3_robot_localization_ws/install/turtlebot3_gazebo/share/turtlebot3_gazebo//models/turtlebot3_autorace/traffic_light_yellow/model.sdf
[6.638s] -- Installing: /home/hazem/turtlebot3_robot_localization_ws/install/turtlebot3_gazebo/share/turtlebot3_gazebo//models/turtlebot3_autorace/traffic_bar_down
[6.638s] -- Installing: /home/hazem/turtlebot3_robot_localization_ws/install/turtlebot3_gazebo/share/turtlebot3_gazebo//models/turtlebot3_autorace/traffic_bar_down/materials
[6.639s] -- Installing: /home/hazem/turtlebot3_robot_localization_ws/install/turtlebot3_gazebo/share/turtlebot3_gazebo//models/turtlebot3_autorace/traffic_bar_down/materials/textures
[6.639s] -- Installing: /home/hazem/turtlebot3_robot_localization_ws/install/turtlebot3_gazebo/share/turtlebot3_gazebo//models/turtlebot3_autorace/traffic_bar_down/materials/textures/traffic_bar.png
[6.639s] -- Installing: /home/hazem/turtlebot3_robot_localization_ws/install/turtlebot3_gazebo/share/turtlebot3_gazebo//models/turtlebot3_autorace/traffic_bar_down/materials/scripts
[6.639s] -- Installing: /home/hazem/turtlebot3_robot_localization_ws/install/turtlebot3_gazebo/share/turtlebot3_gazebo//models/turtlebot3_autorace/traffic_bar_down/materials/scripts/traffic_bar.material
[6.639s] -- Installing: /home/hazem/turtlebot3_robot_localization_ws/install/turtlebot3_gazebo/share/turtlebot3_gazebo//models/turtlebot3_autorace/traffic_bar_down/model.config
[6.639s] -- Installing: /home/hazem/turtlebot3_robot_localization_ws/install/turtlebot3_gazebo/share/turtlebot3_gazebo//models/turtlebot3_autorace/traffic_bar_down/model.sdf
[6.639s] -- Installing: /home/hazem/turtlebot3_robot_localization_ws/install/turtlebot3_gazebo/share/turtlebot3_gazebo//models/turtlebot3_autorace/traffic_stop
[6.639s] -- Installing: /home/hazem/turtlebot3_robot_localization_ws/install/turtlebot3_gazebo/share/turtlebot3_gazebo//models/turtlebot3_autorace/traffic_stop/materials
[6.639s] -- Installing: /home/hazem/turtlebot3_robot_localization_ws/install/turtlebot3_gazebo/share/turtlebot3_gazebo//models/turtlebot3_autorace/traffic_stop/materials/textures
[6.639s] -- Installing: /home/hazem/turtlebot3_robot_localization_ws/install/turtlebot3_gazebo/share/turtlebot3_gazebo//models/turtlebot3_autorace/traffic_stop/materials/textures/traffic_stop.png
[6.639s] -- Installing: /home/hazem/turtlebot3_robot_localization_ws/install/turtlebot3_gazebo/share/turtlebot3_gazebo//models/turtlebot3_autorace/traffic_stop/materials/scripts
[6.639s] -- Installing: /home/hazem/turtlebot3_robot_localization_ws/install/turtlebot3_gazebo/share/turtlebot3_gazebo//models/turtlebot3_autorace/traffic_stop/materials/scripts/traffic_stop.material
[6.639s] -- Installing: /home/hazem/turtlebot3_robot_localization_ws/install/turtlebot3_gazebo/share/turtlebot3_gazebo//models/turtlebot3_autorace/traffic_stop/model.config
[6.639s] -- Installing: /home/hazem/turtlebot3_robot_localization_ws/install/turtlebot3_gazebo/share/turtlebot3_gazebo//models/turtlebot3_autorace/traffic_stop/model.sdf
[6.640s] -- Installing: /home/hazem/turtlebot3_robot_localization_ws/install/turtlebot3_gazebo/share/turtlebot3_gazebo//models/turtlebot3_autorace/course
[6.640s] -- Installing: /home/hazem/turtlebot3_robot_localization_ws/install/turtlebot3_gazebo/share/turtlebot3_gazebo//models/turtlebot3_autorace/course/materials
[6.640s] -- Installing: /home/hazem/turtlebot3_robot_localization_ws/install/turtlebot3_gazebo/share/turtlebot3_gazebo//models/turtlebot3_autorace/course/materials/textures
[6.640s] -- Installing: /home/hazem/turtlebot3_robot_localization_ws/install/turtlebot3_gazebo/share/turtlebot3_gazebo//models/turtlebot3_autorace/course/materials/textures/course.png
[6.640s] -- Installing: /home/hazem/turtlebot3_robot_localization_ws/install/turtlebot3_gazebo/share/turtlebot3_gazebo//models/turtlebot3_autorace/course/materials/scripts
[6.640s] -- Installing: /home/hazem/turtlebot3_robot_localization_ws/install/turtlebot3_gazebo/share/turtlebot3_gazebo//models/turtlebot3_autorace/course/materials/scripts/course.material
[6.640s] -- Installing: /home/hazem/turtlebot3_robot_localization_ws/install/turtlebot3_gazebo/share/turtlebot3_gazebo//models/turtlebot3_autorace/course/model.config
[6.640s] -- Installing: /home/hazem/turtlebot3_robot_localization_ws/install/turtlebot3_gazebo/share/turtlebot3_gazebo//models/turtlebot3_autorace/course/model.sdf
[6.640s] -- Installing: /home/hazem/turtlebot3_robot_localization_ws/install/turtlebot3_gazebo/share/turtlebot3_gazebo//models/turtlebot3_autorace/model.config
[6.640s] -- Installing: /home/hazem/turtlebot3_robot_localization_ws/install/turtlebot3_gazebo/share/turtlebot3_gazebo//models/turtlebot3_autorace/tunnel_wall
[6.640s] -- Installing: /home/hazem/turtlebot3_robot_localization_ws/install/turtlebot3_gazebo/share/turtlebot3_gazebo//models/turtlebot3_autorace/tunnel_wall/model.config
[6.640s] -- Installing: /home/hazem/turtlebot3_robot_localization_ws/install/turtlebot3_gazebo/share/turtlebot3_gazebo//models/turtlebot3_autorace/tunnel_wall/model.sdf
[6.640s] -- Installing: /home/hazem/turtlebot3_robot_localization_ws/install/turtlebot3_gazebo/share/turtlebot3_gazebo//models/turtlebot3_autorace/traffic_bar_up
[6.640s] -- Installing: /home/hazem/turtlebot3_robot_localization_ws/install/turtlebot3_gazebo/share/turtlebot3_gazebo//models/turtlebot3_autorace/traffic_bar_up/materials
[6.640s] -- Installing: /home/hazem/turtlebot3_robot_localization_ws/install/turtlebot3_gazebo/share/turtlebot3_gazebo//models/turtlebot3_autorace/traffic_bar_up/materials/textures
[6.641s] -- Installing: /home/hazem/turtlebot3_robot_localization_ws/install/turtlebot3_gazebo/share/turtlebot3_gazebo//models/turtlebot3_autorace/traffic_bar_up/materials/textures/traffic_bar.png
[6.641s] -- Installing: /home/hazem/turtlebot3_robot_localization_ws/install/turtlebot3_gazebo/share/turtlebot3_gazebo//models/turtlebot3_autorace/traffic_bar_up/materials/scripts
[6.641s] -- Installing: /home/hazem/turtlebot3_robot_localization_ws/install/turtlebot3_gazebo/share/turtlebot3_gazebo//models/turtlebot3_autorace/traffic_bar_up/materials/scripts/traffic_bar.material
[6.641s] -- Installing: /home/hazem/turtlebot3_robot_localization_ws/install/turtlebot3_gazebo/share/turtlebot3_gazebo//models/turtlebot3_autorace/traffic_bar_up/model.config
[6.641s] -- Installing: /home/hazem/turtlebot3_robot_localization_ws/install/turtlebot3_gazebo/share/turtlebot3_gazebo//models/turtlebot3_autorace/traffic_bar_up/model.sdf
[6.641s] -- Installing: /home/hazem/turtlebot3_robot_localization_ws/install/turtlebot3_gazebo/share/turtlebot3_gazebo//models/turtlebot3_autorace/ground
[6.641s] -- Installing: /home/hazem/turtlebot3_robot_localization_ws/install/turtlebot3_gazebo/share/turtlebot3_gazebo//models/turtlebot3_autorace/ground/model.config
[6.641s] -- Installing: /home/hazem/turtlebot3_robot_localization_ws/install/turtlebot3_gazebo/share/turtlebot3_gazebo//models/turtlebot3_autorace/ground/model.sdf
[6.641s] -- Installing: /home/hazem/turtlebot3_robot_localization_ws/install/turtlebot3_gazebo/share/turtlebot3_gazebo//models/turtlebot3_autorace/traffic_light_green
[6.641s] -- Installing: /home/hazem/turtlebot3_robot_localization_ws/install/turtlebot3_gazebo/share/turtlebot3_gazebo//models/turtlebot3_autorace/traffic_light_green/model.config
[6.641s] -- Installing: /home/hazem/turtlebot3_robot_localization_ws/install/turtlebot3_gazebo/share/turtlebot3_gazebo//models/turtlebot3_autorace/traffic_light_green/model.sdf
[6.641s] -- Installing: /home/hazem/turtlebot3_robot_localization_ws/install/turtlebot3_gazebo/share/turtlebot3_gazebo//models/turtlebot3_autorace/traffic_tunnel
[6.641s] -- Installing: /home/hazem/turtlebot3_robot_localization_ws/install/turtlebot3_gazebo/share/turtlebot3_gazebo//models/turtlebot3_autorace/traffic_tunnel/materials
[6.641s] -- Installing: /home/hazem/turtlebot3_robot_localization_ws/install/turtlebot3_gazebo/share/turtlebot3_gazebo//models/turtlebot3_autorace/traffic_tunnel/materials/textures
[6.642s] -- Installing: /home/hazem/turtlebot3_robot_localization_ws/install/turtlebot3_gazebo/share/turtlebot3_gazebo//models/turtlebot3_autorace/traffic_tunnel/materials/textures/tunnel.png
[6.642s] -- Installing: /home/hazem/turtlebot3_robot_localization_ws/install/turtlebot3_gazebo/share/turtlebot3_gazebo//models/turtlebot3_autorace/traffic_tunnel/materials/scripts
[6.642s] -- Installing: /home/hazem/turtlebot3_robot_localization_ws/install/turtlebot3_gazebo/share/turtlebot3_gazebo//models/turtlebot3_autorace/traffic_tunnel/materials/scripts/tunnel.material
[6.642s] -- Installing: /home/hazem/turtlebot3_robot_localization_ws/install/turtlebot3_gazebo/share/turtlebot3_gazebo//models/turtlebot3_autorace/traffic_tunnel/model.config
[6.642s] -- Installing: /home/hazem/turtlebot3_robot_localization_ws/install/turtlebot3_gazebo/share/turtlebot3_gazebo//models/turtlebot3_autorace/traffic_tunnel/model.sdf
[6.642s] -- Installing: /home/hazem/turtlebot3_robot_localization_ws/install/turtlebot3_gazebo/share/turtlebot3_gazebo//models/turtlebot3_autorace/traffic_light_red
[6.642s] -- Installing: /home/hazem/turtlebot3_robot_localization_ws/install/turtlebot3_gazebo/share/turtlebot3_gazebo//models/turtlebot3_autorace/traffic_light_red/model.config
[6.642s] -- Installing: /home/hazem/turtlebot3_robot_localization_ws/install/turtlebot3_gazebo/share/turtlebot3_gazebo//models/turtlebot3_autorace/traffic_light_red/model.sdf
[6.642s] -- Installing: /home/hazem/turtlebot3_robot_localization_ws/install/turtlebot3_gazebo/share/turtlebot3_gazebo//models/turtlebot3_autorace/tunnel_obstacles
[6.642s] -- Installing: /home/hazem/turtlebot3_robot_localization_ws/install/turtlebot3_gazebo/share/turtlebot3_gazebo//models/turtlebot3_autorace/tunnel_obstacles/model.config
[6.642s] -- Installing: /home/hazem/turtlebot3_robot_localization_ws/install/turtlebot3_gazebo/share/turtlebot3_gazebo//models/turtlebot3_autorace/tunnel_obstacles/model.sdf
[6.642s] -- Installing: /home/hazem/turtlebot3_robot_localization_ws/install/turtlebot3_gazebo/share/turtlebot3_gazebo//models/turtlebot3_autorace/traffic_parking
[6.642s] -- Installing: /home/hazem/turtlebot3_robot_localization_ws/install/turtlebot3_gazebo/share/turtlebot3_gazebo//models/turtlebot3_autorace/traffic_parking/materials
[6.642s] -- Installing: /home/hazem/turtlebot3_robot_localization_ws/install/turtlebot3_gazebo/share/turtlebot3_gazebo//models/turtlebot3_autorace/traffic_parking/materials/textures
[6.643s] -- Installing: /home/hazem/turtlebot3_robot_localization_ws/install/turtlebot3_gazebo/share/turtlebot3_gazebo//models/turtlebot3_autorace/traffic_parking/materials/textures/traffic_parking.png
[6.643s] -- Installing: /home/hazem/turtlebot3_robot_localization_ws/install/turtlebot3_gazebo/share/turtlebot3_gazebo//models/turtlebot3_autorace/traffic_parking/materials/scripts
[6.643s] -- Installing: /home/hazem/turtlebot3_robot_localization_ws/install/turtlebot3_gazebo/share/turtlebot3_gazebo//models/turtlebot3_autorace/traffic_parking/materials/scripts/traffic_parking.material
[6.643s] -- Installing: /home/hazem/turtlebot3_robot_localization_ws/install/turtlebot3_gazebo/share/turtlebot3_gazebo//models/turtlebot3_autorace/traffic_parking/model.config
[6.643s] -- Installing: /home/hazem/turtlebot3_robot_localization_ws/install/turtlebot3_gazebo/share/turtlebot3_gazebo//models/turtlebot3_autorace/traffic_parking/model.sdf
[6.643s] -- Installing: /home/hazem/turtlebot3_robot_localization_ws/install/turtlebot3_gazebo/share/turtlebot3_gazebo//models/turtlebot3_house
[6.643s] -- Installing: /home/hazem/turtlebot3_robot_localization_ws/install/turtlebot3_gazebo/share/turtlebot3_gazebo//models/turtlebot3_house/model.config
[6.643s] -- Installing: /home/hazem/turtlebot3_robot_localization_ws/install/turtlebot3_gazebo/share/turtlebot3_gazebo//models/turtlebot3_house/model.sdf
[6.643s] -- Installing: /home/hazem/turtlebot3_robot_localization_ws/install/turtlebot3_gazebo/share/turtlebot3_gazebo//models/turtlebot3_world
[6.643s] -- Installing: /home/hazem/turtlebot3_robot_localization_ws/install/turtlebot3_gazebo/share/turtlebot3_gazebo//models/turtlebot3_world/model.config
[6.643s] -- Installing: /home/hazem/turtlebot3_robot_localization_ws/install/turtlebot3_gazebo/share/turtlebot3_gazebo//models/turtlebot3_world/model-1_4.sdf
[6.643s] -- Installing: /home/hazem/turtlebot3_robot_localization_ws/install/turtlebot3_gazebo/share/turtlebot3_gazebo//models/turtlebot3_world/meshes
[6.643s] -- Installing: /home/hazem/turtlebot3_robot_localization_ws/install/turtlebot3_gazebo/share/turtlebot3_gazebo//models/turtlebot3_world/meshes/hexagon.dae
[6.643s] -- Installing: /home/hazem/turtlebot3_robot_localization_ws/install/turtlebot3_gazebo/share/turtlebot3_gazebo//models/turtlebot3_world/meshes/wall.dae
[6.643s] -- Installing: /home/hazem/turtlebot3_robot_localization_ws/install/turtlebot3_gazebo/share/turtlebot3_gazebo//models/turtlebot3_world/model.sdf
[6.644s] -- Installing: /home/hazem/turtlebot3_robot_localization_ws/install/turtlebot3_gazebo/share/turtlebot3_gazebo//rviz
[6.644s] -- Installing: /home/hazem/turtlebot3_robot_localization_ws/install/turtlebot3_gazebo/share/turtlebot3_gazebo//rviz/tb3_gazebo_robot_localization.rviz
[6.644s] -- Installing: /home/hazem/turtlebot3_robot_localization_ws/install/turtlebot3_gazebo/share/turtlebot3_gazebo//rviz/tb3_gazebo.rviz
[6.644s] -- Installing: /home/hazem/turtlebot3_robot_localization_ws/install/turtlebot3_gazebo/share/turtlebot3_gazebo//worlds
[6.644s] -- Installing: /home/hazem/turtlebot3_robot_localization_ws/install/turtlebot3_gazebo/share/turtlebot3_gazebo//worlds/turtlebot3_houses
[6.644s] -- Installing: /home/hazem/turtlebot3_robot_localization_ws/install/turtlebot3_gazebo/share/turtlebot3_gazebo//worlds/turtlebot3_houses/burger.model
[6.644s] -- Installing: /home/hazem/turtlebot3_robot_localization_ws/install/turtlebot3_gazebo/share/turtlebot3_gazebo//worlds/turtlebot3_houses/waffle.model
[6.644s] -- Installing: /home/hazem/turtlebot3_robot_localization_ws/install/turtlebot3_gazebo/share/turtlebot3_gazebo//worlds/turtlebot3_houses/waffle_pi.model
[6.644s] -- Installing: /home/hazem/turtlebot3_robot_localization_ws/install/turtlebot3_gazebo/share/turtlebot3_gazebo//worlds/turtlebot3_autoraces
[6.644s] -- Installing: /home/hazem/turtlebot3_robot_localization_ws/install/turtlebot3_gazebo/share/turtlebot3_gazebo//worlds/turtlebot3_autoraces/burger.model
[6.644s] -- Installing: /home/hazem/turtlebot3_robot_localization_ws/install/turtlebot3_gazebo/share/turtlebot3_gazebo//worlds/turtlebot3_autoraces/waffle.model
[6.644s] -- Installing: /home/hazem/turtlebot3_robot_localization_ws/install/turtlebot3_gazebo/share/turtlebot3_gazebo//worlds/turtlebot3_autoraces/waffle_pi.model
[6.644s] -- Installing: /home/hazem/turtlebot3_robot_localization_ws/install/turtlebot3_gazebo/share/turtlebot3_gazebo//worlds/empty_worlds
[6.644s] -- Installing: /home/hazem/turtlebot3_robot_localization_ws/install/turtlebot3_gazebo/share/turtlebot3_gazebo//worlds/empty_worlds/burger.model
[6.644s] -- Installing: /home/hazem/turtlebot3_robot_localization_ws/install/turtlebot3_gazebo/share/turtlebot3_gazebo//worlds/empty_worlds/waffle.model
[6.645s] -- Installing: /home/hazem/turtlebot3_robot_localization_ws/install/turtlebot3_gazebo/share/turtlebot3_gazebo//worlds/empty_worlds/waffle_pi.model
[6.645s] -- Installing: /home/hazem/turtlebot3_robot_localization_ws/install/turtlebot3_gazebo/share/turtlebot3_gazebo//worlds/turtlebot3_dqn_stage4
[6.645s] -- Installing: /home/hazem/turtlebot3_robot_localization_ws/install/turtlebot3_gazebo/share/turtlebot3_gazebo//worlds/turtlebot3_dqn_stage4/burger.model
[6.645s] -- Installing: /home/hazem/turtlebot3_robot_localization_ws/install/turtlebot3_gazebo/share/turtlebot3_gazebo//worlds/turtlebot3_dqn_stage4/waffle.model
[6.645s] -- Installing: /home/hazem/turtlebot3_robot_localization_ws/install/turtlebot3_gazebo/share/turtlebot3_gazebo//worlds/turtlebot3_dqn_stage4/waffle_pi.model
[6.645s] -- Installing: /home/hazem/turtlebot3_robot_localization_ws/install/turtlebot3_gazebo/share/turtlebot3_gazebo//worlds/turtlebot3_worlds
[6.645s] -- Installing: /home/hazem/turtlebot3_robot_localization_ws/install/turtlebot3_gazebo/share/turtlebot3_gazebo//worlds/turtlebot3_worlds/burger.model
[6.645s] -- Installing: /home/hazem/turtlebot3_robot_localization_ws/install/turtlebot3_gazebo/share/turtlebot3_gazebo//worlds/turtlebot3_worlds/waffle.model
[6.645s] -- Installing: /home/hazem/turtlebot3_robot_localization_ws/install/turtlebot3_gazebo/share/turtlebot3_gazebo//worlds/turtlebot3_worlds/waffle_pi.model
[6.645s] -- Installing: /home/hazem/turtlebot3_robot_localization_ws/install/turtlebot3_gazebo/share/turtlebot3_gazebo//worlds/turtlebot3_dqn_stage3
[6.645s] -- Installing: /home/hazem/turtlebot3_robot_localization_ws/install/turtlebot3_gazebo/share/turtlebot3_gazebo//worlds/turtlebot3_dqn_stage3/burger.model
[6.645s] -- Installing: /home/hazem/turtlebot3_robot_localization_ws/install/turtlebot3_gazebo/share/turtlebot3_gazebo//worlds/turtlebot3_dqn_stage3/waffle.model
[6.645s] -- Installing: /home/hazem/turtlebot3_robot_localization_ws/install/turtlebot3_gazebo/share/turtlebot3_gazebo//worlds/turtlebot3_dqn_stage3/waffle_pi.model
[6.645s] -- Installing: /home/hazem/turtlebot3_robot_localization_ws/install/turtlebot3_gazebo/share/turtlebot3_gazebo//worlds/turtlebot3_dqn_stage1
[6.645s] -- Installing: /home/hazem/turtlebot3_robot_localization_ws/install/turtlebot3_gazebo/share/turtlebot3_gazebo//worlds/turtlebot3_dqn_stage1/burger.model
[6.645s] -- Installing: /home/hazem/turtlebot3_robot_localization_ws/install/turtlebot3_gazebo/share/turtlebot3_gazebo//worlds/turtlebot3_dqn_stage1/waffle.model
[6.646s] -- Installing: /home/hazem/turtlebot3_robot_localization_ws/install/turtlebot3_gazebo/share/turtlebot3_gazebo//worlds/turtlebot3_dqn_stage1/waffle_pi.model
[6.646s] -- Installing: /home/hazem/turtlebot3_robot_localization_ws/install/turtlebot3_gazebo/share/turtlebot3_gazebo//worlds/turtlebot3_dqn_stage2
[6.646s] -- Installing: /home/hazem/turtlebot3_robot_localization_ws/install/turtlebot3_gazebo/share/turtlebot3_gazebo//worlds/turtlebot3_dqn_stage2/burger.model
[6.646s] -- Installing: /home/hazem/turtlebot3_robot_localization_ws/install/turtlebot3_gazebo/share/turtlebot3_gazebo//worlds/turtlebot3_dqn_stage2/waffle.model
[6.646s] -- Installing: /home/hazem/turtlebot3_robot_localization_ws/install/turtlebot3_gazebo/share/turtlebot3_gazebo//worlds/turtlebot3_dqn_stage2/waffle_pi.model
[6.646s] -- Installing: /home/hazem/turtlebot3_robot_localization_ws/install/turtlebot3_gazebo/include/
[6.646s] -- Installing: /home/hazem/turtlebot3_robot_localization_ws/install/turtlebot3_gazebo/include//turtlebot3_gazebo
[6.646s] -- Installing: /home/hazem/turtlebot3_robot_localization_ws/install/turtlebot3_gazebo/include//turtlebot3_gazebo/turtlebot3_drive.hpp
[6.646s] -- Installing: /home/hazem/turtlebot3_robot_localization_ws/install/turtlebot3_gazebo/share/ament_index/resource_index/package_run_dependencies/turtlebot3_gazebo
[6.646s] -- Installing: /home/hazem/turtlebot3_robot_localization_ws/install/turtlebot3_gazebo/share/ament_index/resource_index/parent_prefix_path/turtlebot3_gazebo
[6.646s] -- Installing: /home/hazem/turtlebot3_robot_localization_ws/install/turtlebot3_gazebo/share/turtlebot3_gazebo/environment/ament_prefix_path.sh
[6.646s] -- Installing: /home/hazem/turtlebot3_robot_localization_ws/install/turtlebot3_gazebo/share/turtlebot3_gazebo/environment/ament_prefix_path.dsv
[6.646s] -- Installing: /home/hazem/turtlebot3_robot_localization_ws/install/turtlebot3_gazebo/share/turtlebot3_gazebo/environment/path.sh
[6.646s] -- Installing: /home/hazem/turtlebot3_robot_localization_ws/install/turtlebot3_gazebo/share/turtlebot3_gazebo/environment/path.dsv
[6.646s] -- Installing: /home/hazem/turtlebot3_robot_localization_ws/install/turtlebot3_gazebo/share/turtlebot3_gazebo/local_setup.bash
[6.646s] -- Installing: /home/hazem/turtlebot3_robot_localization_ws/install/turtlebot3_gazebo/share/turtlebot3_gazebo/local_setup.sh
[6.647s] -- Installing: /home/hazem/turtlebot3_robot_localization_ws/install/turtlebot3_gazebo/share/turtlebot3_gazebo/local_setup.zsh
[6.650s] -- Installing: /home/hazem/turtlebot3_robot_localization_ws/install/turtlebot3_gazebo/share/turtlebot3_gazebo/local_setup.dsv
[6.650s] -- Installing: /home/hazem/turtlebot3_robot_localization_ws/install/turtlebot3_gazebo/share/turtlebot3_gazebo/package.dsv
[6.650s] -- Installing: /home/hazem/turtlebot3_robot_localization_ws/install/turtlebot3_gazebo/share/ament_index/resource_index/packages/turtlebot3_gazebo
[6.650s] -- Installing: /home/hazem/turtlebot3_robot_localization_ws/install/turtlebot3_gazebo/share/turtlebot3_gazebo/cmake/ament_cmake_export_include_directories-extras.cmake
[6.650s] -- Installing: /home/hazem/turtlebot3_robot_localization_ws/install/turtlebot3_gazebo/share/turtlebot3_gazebo/cmake/ament_cmake_export_dependencies-extras.cmake
[6.651s] -- Installing: /home/hazem/turtlebot3_robot_localization_ws/install/turtlebot3_gazebo/share/turtlebot3_gazebo/cmake/turtlebot3_gazeboConfig.cmake
[6.651s] -- Installing: /home/hazem/turtlebot3_robot_localization_ws/install/turtlebot3_gazebo/share/turtlebot3_gazebo/cmake/turtlebot3_gazeboConfig-version.cmake
[6.651s] -- Installing: /home/hazem/turtlebot3_robot_localization_ws/install/turtlebot3_gazebo/share/turtlebot3_gazebo/package.xml
[6.651s] Invoked command in '/home/hazem/turtlebot3_robot_localization_ws/build/turtlebot3_gazebo' returned '0': AMENT_PREFIX_PATH=/home/hazem/turtlebot3_robot_localization_ws/install/turtlebot3:/home/hazem/turtlebot3_robot_localization_ws/install/turtlebot3_bringup:/home/hazem/turtlebot3_robot_localization_ws/install/turtlebot3_node:/home/hazem/turtlebot3_robot_localization_ws/install/turtlebot3_example:/home/hazem/turtlebot3_robot_localization_ws/install/turtlebot3_teleop:/home/hazem/turtlebot3_robot_localization_ws/install/turtlebot3_navigation2:/home/hazem/turtlebot3_robot_localization_ws/install/turtlebot3_msgs:/home/hazem/turtlebot3_robot_localization_ws/install/turtlebot3_description:${AMENT_PREFIX_PATH} CMAKE_PREFIX_PATH=/home/hazem/turtlebot3_robot_localization_ws/install/turtlebot3:/home/hazem/turtlebot3_robot_localization_ws/install/turtlebot3_bringup:/home/hazem/turtlebot3_robot_localization_ws/install/turtlebot3_node:/home/hazem/turtlebot3_robot_localization_ws/install/turtlebot3_navigation2:/home/hazem/turtlebot3_robot_localization_ws/install/turtlebot3_msgs:/home/hazem/turtlebot3_robot_localization_ws/install/turtlebot3_description:/home/hazem/dev_ws/install/turtlesim:/home/hazem/dev_ws/install/turtlebot3_simulations:/home/hazem/dev_ws/install/turtlebot3_navigation2:/home/hazem/dev_ws/install/turtlebot3_fake_node:/home/hazem/dev_ws/install/turtlebot3_msgs:/home/hazem/dev_ws/install/turtlebot3_gazebo:/home/hazem/dev_ws/install/turtlebot3_description:/home/hazem/dev_ws/install/turtlebot3_cartographer:/home/hazem/dev_ws/install/trajectory_generation:/home/hazem/dev_ws/install/rviz_imu_plugin:/home/hazem/dev_ws/install/my_package:/home/hazem/dev_ws/install/mobile_robot:/home/hazem/dev_ws/install/imu_filter_madgwick:/home/hazem/dev_ws/install/dynamixel_sdk:/home/hazem/dev_ws/install/cpp_pubsub:/home/hazem/dev_ws/install/ROS2-Trajectory-Generation:/home/hazem/dev_ws/install/turtlebot_greenwich:/home/hazem/dev_ws/install/turtlebot3_teleop:/opt/ros/foxy LD_LIBRARY_PATH=/home/hazem/turtlebot3_robot_localization_ws/install/turtlebot3_msgs/lib:${LD_LIBRARY_PATH} PYTHONPATH=/home/hazem/turtlebot3_robot_localization_ws/install/turtlebot3_example/lib/python3.8/site-packages:/home/hazem/turtlebot3_robot_localization_ws/install/turtlebot3_teleop/lib/python3.8/site-packages:/home/hazem/turtlebot3_robot_localization_ws/install/turtlebot3_msgs/lib/python3.8/site-packages:${PYTHONPATH} /usr/bin/cmake --install /home/hazem/turtlebot3_robot_localization_ws/build/turtlebot3_gazebo
